"C:/Users/HTS/Documents/Unreal Projects/Pasantia_Sam/Content/StarterContent/Audio/clickOver.uasset" 0
"C:/Users/HTS/Documents/Unreal Projects/Pasantia_Sam/Content/StarterContent/Audio/clickOver.uexp" 1
"C:/Users/HTS/Documents/Unreal Projects/Pasantia_Sam/Content/StarterContent/Audio/click.uasset" 2
"C:/Users/HTS/Documents/Unreal Projects/Pasantia_Sam/Content/StarterContent/Audio/click.uexp" 3
"C:/Users/HTS/Documents/Unreal Projects/Pasantia_Sam/Content/Widget/WidgetBP_Pausa.uasset" 4
"C:/Users/HTS/Documents/Unreal Projects/Pasantia_Sam/Content/Widget/WidgetBP_Pausa.uexp" 5
"../../../Engine/Content/EngineMeshes/Humanoid.uasset" 6
"../../../Engine/Content/EngineMeshes/Humanoid.uexp" 7
"C:/Users/HTS/Documents/Unreal Projects/Pasantia_Sam/Content/Personaje/Personaje/personaje2Policia/Idle_skin_Policia_Skeleton.uasset" 8
"C:/Users/HTS/Documents/Unreal Projects/Pasantia_Sam/Content/Personaje/Personaje/personaje2Policia/Idle_skin_Policia_Skeleton.uexp" 9
"../../../Engine/Content/Animation/DefaultAnimCurveCompressionSettings.uasset" 10
"../../../Engine/Content/Animation/DefaultAnimCurveCompressionSettings.uexp" 11
"../../../Engine/Content/Animation/DefaultAnimBoneCompressionSettings.uasset" 12
"../../../Engine/Content/Animation/DefaultAnimBoneCompressionSettings.uexp" 13
"C:/Users/HTS/Documents/Unreal Projects/Pasantia_Sam/Content/Personaje/Animaciones/AnimacionesArmas/Pistol_Guardar.uasset" 14
"C:/Users/HTS/Documents/Unreal Projects/Pasantia_Sam/Content/Personaje/Animaciones/AnimacionesArmas/Pistol_Guardar.uexp" 15
"C:/Users/HTS/Documents/Unreal Projects/Pasantia_Sam/Content/Personaje/Animaciones/AnimacionesArmas/MontageGuardarPistola.uasset" 16
"C:/Users/HTS/Documents/Unreal Projects/Pasantia_Sam/Content/Personaje/Animaciones/AnimacionesArmas/MontageGuardarPistola.uexp" 17
"C:/Users/HTS/Documents/Unreal Projects/Pasantia_Sam/Content/Personaje/Animaciones/AnimacionesArmas/GuardarArmaRifle.uasset" 18
"C:/Users/HTS/Documents/Unreal Projects/Pasantia_Sam/Content/Personaje/Animaciones/AnimacionesArmas/GuardarArmaRifle.uexp" 19
"C:/Users/HTS/Documents/Unreal Projects/Pasantia_Sam/Content/Personaje/Animaciones/AnimacionesArmas/MontageGuardarArmaRifle.uasset" 20
"C:/Users/HTS/Documents/Unreal Projects/Pasantia_Sam/Content/Personaje/Animaciones/AnimacionesArmas/MontageGuardarArmaRifle.uexp" 21
"C:/Users/HTS/Documents/Unreal Projects/Pasantia_Sam/Content/Personaje/Animaciones/AnimacionesArmas/IdleApuntando_conArmaRifle.uasset" 22
"C:/Users/HTS/Documents/Unreal Projects/Pasantia_Sam/Content/Personaje/Animaciones/AnimacionesArmas/IdleApuntando_conArmaRifle.uexp" 23
"C:/Users/HTS/Documents/Unreal Projects/Pasantia_Sam/Content/Personaje/Animaciones/AnimacionesArmas/MontageApuntar.uasset" 24
"C:/Users/HTS/Documents/Unreal Projects/Pasantia_Sam/Content/Personaje/Animaciones/AnimacionesArmas/MontageApuntar.uexp" 25
"C:/Users/HTS/Documents/Unreal Projects/Pasantia_Sam/Content/Personaje/Animaciones/AnimacionesArmas/Walk_conArmaRifle.uasset" 26
"C:/Users/HTS/Documents/Unreal Projects/Pasantia_Sam/Content/Personaje/Animaciones/AnimacionesArmas/Walk_conArmaRifle.uexp" 27
"C:/Users/HTS/Documents/Unreal Projects/Pasantia_Sam/Content/Personaje/Animaciones/AnimacionesArmas/Run_conArmaRifle.uasset" 28
"C:/Users/HTS/Documents/Unreal Projects/Pasantia_Sam/Content/Personaje/Animaciones/AnimacionesArmas/Run_conArmaRifle.uexp" 29
"C:/Users/HTS/Documents/Unreal Projects/Pasantia_Sam/Content/Personaje/Animaciones/AnimacionesArmas/BlendSpaceArmaRifle_Avanzar2.uasset" 30
"C:/Users/HTS/Documents/Unreal Projects/Pasantia_Sam/Content/Personaje/Animaciones/AnimacionesArmas/BlendSpaceArmaRifle_Avanzar2.uexp" 31
"C:/Users/HTS/Documents/Unreal Projects/Pasantia_Sam/Content/Personaje/Animaciones/AnimacionesArmas/Walk_RightRifle.uasset" 32
"C:/Users/HTS/Documents/Unreal Projects/Pasantia_Sam/Content/Personaje/Animaciones/AnimacionesArmas/Walk_RightRifle.uexp" 33
"C:/Users/HTS/Documents/Unreal Projects/Pasantia_Sam/Content/Personaje/Animaciones/AnimacionesArmas/Walk_LeftRifle.uasset" 34
"C:/Users/HTS/Documents/Unreal Projects/Pasantia_Sam/Content/Personaje/Animaciones/AnimacionesArmas/Walk_LeftRifle.uexp" 35
"C:/Users/HTS/Documents/Unreal Projects/Pasantia_Sam/Content/Personaje/Animaciones/AnimacionesArmas/Walk_ForwardRightRifle.uasset" 36
"C:/Users/HTS/Documents/Unreal Projects/Pasantia_Sam/Content/Personaje/Animaciones/AnimacionesArmas/Walk_ForwardRightRifle.uexp" 37
"C:/Users/HTS/Documents/Unreal Projects/Pasantia_Sam/Content/Personaje/Animaciones/AnimacionesArmas/Walk_ForwardLeftRifle.uasset" 38
"C:/Users/HTS/Documents/Unreal Projects/Pasantia_Sam/Content/Personaje/Animaciones/AnimacionesArmas/Walk_ForwardLeftRifle.uexp" 39
"C:/Users/HTS/Documents/Unreal Projects/Pasantia_Sam/Content/Personaje/Animaciones/AnimacionesArmas/Walk_BackwardLeftRifle.uasset" 40
"C:/Users/HTS/Documents/Unreal Projects/Pasantia_Sam/Content/Personaje/Animaciones/AnimacionesArmas/Walk_BackwardLeftRifle.uexp" 41
"C:/Users/HTS/Documents/Unreal Projects/Pasantia_Sam/Content/Personaje/Animaciones/AnimacionesArmas/Walk_BackRifle.uasset" 42
"C:/Users/HTS/Documents/Unreal Projects/Pasantia_Sam/Content/Personaje/Animaciones/AnimacionesArmas/Walk_BackRifle.uexp" 43
"C:/Users/HTS/Documents/Unreal Projects/Pasantia_Sam/Content/Personaje/Animaciones/AnimacionesArmas/Run_RightRifle.uasset" 44
"C:/Users/HTS/Documents/Unreal Projects/Pasantia_Sam/Content/Personaje/Animaciones/AnimacionesArmas/Run_RightRifle.uexp" 45
"C:/Users/HTS/Documents/Unreal Projects/Pasantia_Sam/Content/Personaje/Animaciones/AnimacionesArmas/Run_LeftRifle.uasset" 46
"C:/Users/HTS/Documents/Unreal Projects/Pasantia_Sam/Content/Personaje/Animaciones/AnimacionesArmas/Run_LeftRifle.uexp" 47
"C:/Users/HTS/Documents/Unreal Projects/Pasantia_Sam/Content/Personaje/Animaciones/AnimacionesArmas/Run_ForwardRightRifle.uasset" 48
"C:/Users/HTS/Documents/Unreal Projects/Pasantia_Sam/Content/Personaje/Animaciones/AnimacionesArmas/Run_ForwardRightRifle.uexp" 49
"C:/Users/HTS/Documents/Unreal Projects/Pasantia_Sam/Content/Personaje/Animaciones/AnimacionesArmas/Run_BackRightRifle.uasset" 50
"C:/Users/HTS/Documents/Unreal Projects/Pasantia_Sam/Content/Personaje/Animaciones/AnimacionesArmas/Run_BackRightRifle.uexp" 51
"C:/Users/HTS/Documents/Unreal Projects/Pasantia_Sam/Content/Personaje/Animaciones/AnimacionesArmas/Run_BackRifle.uasset" 52
"C:/Users/HTS/Documents/Unreal Projects/Pasantia_Sam/Content/Personaje/Animaciones/AnimacionesArmas/Run_BackRifle.uexp" 53
"C:/Users/HTS/Documents/Unreal Projects/Pasantia_Sam/Content/Personaje/Animaciones/AnimacionesArmas/Run_BackLeftRifle.uasset" 54
"C:/Users/HTS/Documents/Unreal Projects/Pasantia_Sam/Content/Personaje/Animaciones/AnimacionesArmas/Run_BackLeftRifle.uexp" 55
"C:/Users/HTS/Documents/Unreal Projects/Pasantia_Sam/Content/Personaje/Animaciones/AnimacionesArmas/BlendSpaceArmaRifle_Avanzar.uasset" 56
"C:/Users/HTS/Documents/Unreal Projects/Pasantia_Sam/Content/Personaje/Animaciones/AnimacionesArmas/BlendSpaceArmaRifle_Avanzar.uexp" 57
"C:/Users/HTS/Documents/Unreal Projects/Pasantia_Sam/Content/Personaje/Animaciones/AnimacionesArmas/Jump3Down.uasset" 58
"C:/Users/HTS/Documents/Unreal Projects/Pasantia_Sam/Content/Personaje/Animaciones/AnimacionesArmas/Jump3Down.uexp" 59
"C:/Users/HTS/Documents/Unreal Projects/Pasantia_Sam/Content/Personaje/Animaciones/AnimacionesArmas/Jump2Loop_conArmaRifle.uasset" 60
"C:/Users/HTS/Documents/Unreal Projects/Pasantia_Sam/Content/Personaje/Animaciones/AnimacionesArmas/Jump2Loop_conArmaRifle.uexp" 61
"C:/Users/HTS/Documents/Unreal Projects/Pasantia_Sam/Content/Personaje/Animaciones/AnimacionesArmas/Jump1Up.uasset" 62
"C:/Users/HTS/Documents/Unreal Projects/Pasantia_Sam/Content/Personaje/Animaciones/AnimacionesArmas/Jump1Up.uexp" 63
"C:/Users/HTS/Documents/Unreal Projects/Pasantia_Sam/Content/Personaje/Animaciones/AnimacionesArmas/Idle_conArmaRifle.uasset" 64
"C:/Users/HTS/Documents/Unreal Projects/Pasantia_Sam/Content/Personaje/Animaciones/AnimacionesArmas/Idle_conArmaRifle.uexp" 65
"C:/Users/HTS/Documents/Unreal Projects/Pasantia_Sam/Content/Personaje/Animaciones/AnimacionesArmas/CrouchingWalking_conArma.uasset" 66
"C:/Users/HTS/Documents/Unreal Projects/Pasantia_Sam/Content/Personaje/Animaciones/AnimacionesArmas/CrouchingWalking_conArma.uexp" 67
"C:/Users/HTS/Documents/Unreal Projects/Pasantia_Sam/Content/Personaje/Animaciones/AnimacionesArmas/CrouchingIdle_conArma.uasset" 68
"C:/Users/HTS/Documents/Unreal Projects/Pasantia_Sam/Content/Personaje/Animaciones/AnimacionesArmas/CrouchingIdle_conArma.uexp" 69
"C:/Users/HTS/Documents/Unreal Projects/Pasantia_Sam/Content/Personaje/Animaciones/JumpingStart_sinArma.uasset" 70
"C:/Users/HTS/Documents/Unreal Projects/Pasantia_Sam/Content/Personaje/Animaciones/JumpingStart_sinArma.uexp" 71
"C:/Users/HTS/Documents/Unreal Projects/Pasantia_Sam/Content/Personaje/Animaciones/Jump3Falling.uasset" 72
"C:/Users/HTS/Documents/Unreal Projects/Pasantia_Sam/Content/Personaje/Animaciones/Jump3Falling.uexp" 73
"C:/Users/HTS/Documents/Unreal Projects/Pasantia_Sam/Content/Personaje/Animaciones/Jump2Loop.uasset" 74
"C:/Users/HTS/Documents/Unreal Projects/Pasantia_Sam/Content/Personaje/Animaciones/Jump2Loop.uexp" 75
"C:/Users/HTS/Documents/Unreal Projects/Pasantia_Sam/Content/Personaje/Animaciones/CrouchingIdle_sinArma.uasset" 76
"C:/Users/HTS/Documents/Unreal Projects/Pasantia_Sam/Content/Personaje/Animaciones/CrouchingIdle_sinArma.uexp" 77
"C:/Users/HTS/Documents/Unreal Projects/Pasantia_Sam/Content/Personaje/Animaciones/CrouchedWalking_sinArma.uasset" 78
"C:/Users/HTS/Documents/Unreal Projects/Pasantia_Sam/Content/Personaje/Animaciones/CrouchedWalking_sinArma.uexp" 79
"C:/Users/HTS/Documents/Unreal Projects/Pasantia_Sam/Content/Personaje/Animaciones/BreathingIdle_sinArma.uasset" 80
"C:/Users/HTS/Documents/Unreal Projects/Pasantia_Sam/Content/Personaje/Animaciones/BreathingIdle_sinArma.uexp" 81
"C:/Users/HTS/Documents/Unreal Projects/Pasantia_Sam/Content/Personaje/Animaciones/Walking.uasset" 82
"C:/Users/HTS/Documents/Unreal Projects/Pasantia_Sam/Content/Personaje/Animaciones/Walking.uexp" 83
"C:/Users/HTS/Documents/Unreal Projects/Pasantia_Sam/Content/Personaje/Animaciones/Running.uasset" 84
"C:/Users/HTS/Documents/Unreal Projects/Pasantia_Sam/Content/Personaje/Animaciones/Running.uexp" 85
"C:/Users/HTS/Documents/Unreal Projects/Pasantia_Sam/Content/Personaje/Animaciones/BlendSpace_Policia2.uasset" 86
"C:/Users/HTS/Documents/Unreal Projects/Pasantia_Sam/Content/Personaje/Animaciones/BlendSpace_Policia2.uexp" 87
"C:/Users/HTS/Documents/Unreal Projects/Pasantia_Sam/Content/Personaje/Animaciones/AnimacionesArmas/Walk_Right.uasset" 88
"C:/Users/HTS/Documents/Unreal Projects/Pasantia_Sam/Content/Personaje/Animaciones/AnimacionesArmas/Walk_Right.uexp" 89
"C:/Users/HTS/Documents/Unreal Projects/Pasantia_Sam/Content/Personaje/Animaciones/AnimacionesArmas/Walk_Left.uasset" 90
"C:/Users/HTS/Documents/Unreal Projects/Pasantia_Sam/Content/Personaje/Animaciones/AnimacionesArmas/Walk_Left.uexp" 91
"C:/Users/HTS/Documents/Unreal Projects/Pasantia_Sam/Content/Personaje/Animaciones/AnimacionesArmas/Walk_Back_sinArma.uasset" 92
"C:/Users/HTS/Documents/Unreal Projects/Pasantia_Sam/Content/Personaje/Animaciones/AnimacionesArmas/Walk_Back_sinArma.uexp" 93
"C:/Users/HTS/Documents/Unreal Projects/Pasantia_Sam/Content/Personaje/Animaciones/AnimacionesArmas/Run_Right_sinArma.uasset" 94
"C:/Users/HTS/Documents/Unreal Projects/Pasantia_Sam/Content/Personaje/Animaciones/AnimacionesArmas/Run_Right_sinArma.uexp" 95
"C:/Users/HTS/Documents/Unreal Projects/Pasantia_Sam/Content/Personaje/Animaciones/AnimacionesArmas/Run_Left_sinArma.uasset" 96
"C:/Users/HTS/Documents/Unreal Projects/Pasantia_Sam/Content/Personaje/Animaciones/AnimacionesArmas/Run_Left_sinArma.uexp" 97
"C:/Users/HTS/Documents/Unreal Projects/Pasantia_Sam/Content/Personaje/Animaciones/AnimacionesArmas/Run_Back_sinArma.uasset" 98
"C:/Users/HTS/Documents/Unreal Projects/Pasantia_Sam/Content/Personaje/Animaciones/AnimacionesArmas/Run_Back_sinArma.uexp" 99
"C:/Users/HTS/Documents/Unreal Projects/Pasantia_Sam/Content/Personaje/Animaciones/BlendSpace_Policia.uasset" 100
"C:/Users/HTS/Documents/Unreal Projects/Pasantia_Sam/Content/Personaje/Animaciones/BlendSpace_Policia.uexp" 101
"../../../Engine/Content/EditorBlueprintResources/StandardMacros.uasset" 102
"../../../Engine/Content/EditorBlueprintResources/StandardMacros.uexp" 103
"C:/Users/HTS/Documents/Unreal Projects/Pasantia_Sam/Content/Items/Variables/EnumCameraType.uasset" 104
"C:/Users/HTS/Documents/Unreal Projects/Pasantia_Sam/Content/Items/Variables/EnumCameraType.uexp" 105
"C:/Users/HTS/Documents/Unreal Projects/Pasantia_Sam/Content/Personaje/Animaciones/personajeAnimationBP.uasset" 106
"C:/Users/HTS/Documents/Unreal Projects/Pasantia_Sam/Content/Personaje/Animaciones/personajeAnimationBP.uexp" 107
"C:/Users/HTS/Documents/Unreal Projects/Pasantia_Sam/Content/Personaje/Personaje/personaje2Policia/Idle_skin_Policia_PhysicsAsset.uasset" 108
"C:/Users/HTS/Documents/Unreal Projects/Pasantia_Sam/Content/Personaje/Personaje/personaje2Policia/Idle_skin_Policia_PhysicsAsset.uexp" 109
"C:/Users/HTS/Documents/Unreal Projects/Pasantia_Sam/Content/Personaje/Personaje/personaje2Policia/Ch35_1003_Specular.uasset" 110
"C:/Users/HTS/Documents/Unreal Projects/Pasantia_Sam/Content/Personaje/Personaje/personaje2Policia/Ch35_1003_Specular.uexp" 111
"C:/Users/HTS/Documents/Unreal Projects/Pasantia_Sam/Content/Personaje/Personaje/personaje2Policia/Ch35_1003_Specular.ubulk" 112
"C:/Users/HTS/Documents/Unreal Projects/Pasantia_Sam/Content/Personaje/Personaje/personaje2Policia/Ch35_1003_Normal.uasset" 113
"C:/Users/HTS/Documents/Unreal Projects/Pasantia_Sam/Content/Personaje/Personaje/personaje2Policia/Ch35_1003_Normal.uexp" 114
"C:/Users/HTS/Documents/Unreal Projects/Pasantia_Sam/Content/Personaje/Personaje/personaje2Policia/Ch35_1003_Normal.ubulk" 115
"C:/Users/HTS/Documents/Unreal Projects/Pasantia_Sam/Content/Personaje/Personaje/personaje2Policia/Ch35_1003_Glossiness.uasset" 116
"C:/Users/HTS/Documents/Unreal Projects/Pasantia_Sam/Content/Personaje/Personaje/personaje2Policia/Ch35_1003_Glossiness.uexp" 117
"C:/Users/HTS/Documents/Unreal Projects/Pasantia_Sam/Content/Personaje/Personaje/personaje2Policia/Ch35_1003_Glossiness.ubulk" 118
"C:/Users/HTS/Documents/Unreal Projects/Pasantia_Sam/Content/Personaje/Personaje/personaje2Policia/Ch35_1003_Diffuse.uasset" 119
"C:/Users/HTS/Documents/Unreal Projects/Pasantia_Sam/Content/Personaje/Personaje/personaje2Policia/Ch35_1003_Diffuse.uexp" 120
"C:/Users/HTS/Documents/Unreal Projects/Pasantia_Sam/Content/Personaje/Personaje/personaje2Policia/Ch35_1003_Diffuse.ubulk" 121
"C:/Users/HTS/Documents/Unreal Projects/Pasantia_Sam/Content/Personaje/Personaje/personaje2Policia/Ch35_body2.uasset" 122
"C:/Users/HTS/Documents/Unreal Projects/Pasantia_Sam/Content/Personaje/Personaje/personaje2Policia/Ch35_body2.uexp" 123
"C:/Users/HTS/Documents/Unreal Projects/Pasantia_Sam/Content/Personaje/Personaje/personaje2Policia/Ch35_1002_Specular.uasset" 124
"C:/Users/HTS/Documents/Unreal Projects/Pasantia_Sam/Content/Personaje/Personaje/personaje2Policia/Ch35_1002_Specular.uexp" 125
"C:/Users/HTS/Documents/Unreal Projects/Pasantia_Sam/Content/Personaje/Personaje/personaje2Policia/Ch35_1002_Specular.ubulk" 126
"C:/Users/HTS/Documents/Unreal Projects/Pasantia_Sam/Content/Personaje/Personaje/personaje2Policia/Ch35_1002_Normal.uasset" 127
"C:/Users/HTS/Documents/Unreal Projects/Pasantia_Sam/Content/Personaje/Personaje/personaje2Policia/Ch35_1002_Normal.uexp" 128
"C:/Users/HTS/Documents/Unreal Projects/Pasantia_Sam/Content/Personaje/Personaje/personaje2Policia/Ch35_1002_Normal.ubulk" 129
"C:/Users/HTS/Documents/Unreal Projects/Pasantia_Sam/Content/Personaje/Personaje/personaje2Policia/Ch35_1002_Glossiness.uasset" 130
"C:/Users/HTS/Documents/Unreal Projects/Pasantia_Sam/Content/Personaje/Personaje/personaje2Policia/Ch35_1002_Glossiness.uexp" 131
"C:/Users/HTS/Documents/Unreal Projects/Pasantia_Sam/Content/Personaje/Personaje/personaje2Policia/Ch35_1002_Glossiness.ubulk" 132
"C:/Users/HTS/Documents/Unreal Projects/Pasantia_Sam/Content/Personaje/Personaje/personaje2Policia/Ch35_1002_Diffuse.uasset" 133
"C:/Users/HTS/Documents/Unreal Projects/Pasantia_Sam/Content/Personaje/Personaje/personaje2Policia/Ch35_1002_Diffuse.uexp" 134
"C:/Users/HTS/Documents/Unreal Projects/Pasantia_Sam/Content/Personaje/Personaje/personaje2Policia/Ch35_1002_Diffuse.ubulk" 135
"C:/Users/HTS/Documents/Unreal Projects/Pasantia_Sam/Content/Personaje/Personaje/personaje2Policia/Ch35_body1.uasset" 136
"C:/Users/HTS/Documents/Unreal Projects/Pasantia_Sam/Content/Personaje/Personaje/personaje2Policia/Ch35_body1.uexp" 137
"C:/Users/HTS/Documents/Unreal Projects/Pasantia_Sam/Content/Personaje/Personaje/personaje2Policia/Ch35_1001_Specular.uasset" 138
"C:/Users/HTS/Documents/Unreal Projects/Pasantia_Sam/Content/Personaje/Personaje/personaje2Policia/Ch35_1001_Specular.uexp" 139
"C:/Users/HTS/Documents/Unreal Projects/Pasantia_Sam/Content/Personaje/Personaje/personaje2Policia/Ch35_1001_Specular.ubulk" 140
"C:/Users/HTS/Documents/Unreal Projects/Pasantia_Sam/Content/Personaje/Personaje/personaje2Policia/Ch35_1001_Normal.uasset" 141
"C:/Users/HTS/Documents/Unreal Projects/Pasantia_Sam/Content/Personaje/Personaje/personaje2Policia/Ch35_1001_Normal.uexp" 142
"C:/Users/HTS/Documents/Unreal Projects/Pasantia_Sam/Content/Personaje/Personaje/personaje2Policia/Ch35_1001_Normal.ubulk" 143
"C:/Users/HTS/Documents/Unreal Projects/Pasantia_Sam/Content/Personaje/Personaje/personaje2Policia/Ch35_1001_Glossiness.uasset" 144
"C:/Users/HTS/Documents/Unreal Projects/Pasantia_Sam/Content/Personaje/Personaje/personaje2Policia/Ch35_1001_Glossiness.uexp" 145
"C:/Users/HTS/Documents/Unreal Projects/Pasantia_Sam/Content/Personaje/Personaje/personaje2Policia/Ch35_1001_Glossiness.ubulk" 146
"C:/Users/HTS/Documents/Unreal Projects/Pasantia_Sam/Content/Personaje/Personaje/personaje2Policia/Ch35_1001_Diffuse.uasset" 147
"C:/Users/HTS/Documents/Unreal Projects/Pasantia_Sam/Content/Personaje/Personaje/personaje2Policia/Ch35_1001_Diffuse.uexp" 148
"C:/Users/HTS/Documents/Unreal Projects/Pasantia_Sam/Content/Personaje/Personaje/personaje2Policia/Ch35_1001_Diffuse.ubulk" 149
"C:/Users/HTS/Documents/Unreal Projects/Pasantia_Sam/Content/Personaje/Personaje/personaje2Policia/Ch35_body.uasset" 150
"C:/Users/HTS/Documents/Unreal Projects/Pasantia_Sam/Content/Personaje/Personaje/personaje2Policia/Ch35_body.uexp" 151
"C:/Users/HTS/Documents/Unreal Projects/Pasantia_Sam/Content/Personaje/Personaje/personaje2Policia/Idle_skin_Policia.uasset" 152
"C:/Users/HTS/Documents/Unreal Projects/Pasantia_Sam/Content/Personaje/Personaje/personaje2Policia/Idle_skin_Policia.uexp" 153
"C:/Users/HTS/Documents/Unreal Projects/Pasantia_Sam/Content/Personaje/Animaciones/AnimacionesArmas/Pistol_Sacar.uasset" 154
"C:/Users/HTS/Documents/Unreal Projects/Pasantia_Sam/Content/Personaje/Animaciones/AnimacionesArmas/Pistol_Sacar.uexp" 155
"C:/Users/HTS/Documents/Unreal Projects/Pasantia_Sam/Content/Personaje/Animaciones/AnimacionesArmas/MontageSacarPistola.uasset" 156
"C:/Users/HTS/Documents/Unreal Projects/Pasantia_Sam/Content/Personaje/Animaciones/AnimacionesArmas/MontageSacarPistola.uexp" 157
"C:/Users/HTS/Documents/Unreal Projects/Pasantia_Sam/Content/Personaje/Animaciones/AnimacionesArmas/SacarBackArmaRifle.uasset" 158
"C:/Users/HTS/Documents/Unreal Projects/Pasantia_Sam/Content/Personaje/Animaciones/AnimacionesArmas/SacarBackArmaRifle.uexp" 159
"C:/Users/HTS/Documents/Unreal Projects/Pasantia_Sam/Content/Personaje/Animaciones/AnimacionesArmas/MontageSacarBackArmaRifle.uasset" 160
"C:/Users/HTS/Documents/Unreal Projects/Pasantia_Sam/Content/Personaje/Animaciones/AnimacionesArmas/MontageSacarBackArmaRifle.uexp" 161
"C:/Users/HTS/Documents/Unreal Projects/Pasantia_Sam/Content/Personaje/Animaciones/AnimacionesArmas/RifleFiring.uasset" 162
"C:/Users/HTS/Documents/Unreal Projects/Pasantia_Sam/Content/Personaje/Animaciones/AnimacionesArmas/RifleFiring.uexp" 163
"C:/Users/HTS/Documents/Unreal Projects/Pasantia_Sam/Content/Personaje/Animaciones/AnimacionesArmas/MontageRifleFiring.uasset" 164
"C:/Users/HTS/Documents/Unreal Projects/Pasantia_Sam/Content/Personaje/Animaciones/AnimacionesArmas/MontageRifleFiring.uexp" 165
"C:/Users/HTS/Documents/Unreal Projects/Pasantia_Sam/Content/Personaje/Animaciones/AnimacionesArmas/ReloadIdleRifle.uasset" 166
"C:/Users/HTS/Documents/Unreal Projects/Pasantia_Sam/Content/Personaje/Animaciones/AnimacionesArmas/ReloadIdleRifle.uexp" 167
"C:/Users/HTS/Documents/Unreal Projects/Pasantia_Sam/Content/Personaje/Animaciones/AnimacionesArmas/MontageReloadIdleRifle.uasset" 168
"C:/Users/HTS/Documents/Unreal Projects/Pasantia_Sam/Content/Personaje/Animaciones/AnimacionesArmas/MontageReloadIdleRifle.uexp" 169
"C:/Users/HTS/Documents/Unreal Projects/Pasantia_Sam/Content/Personaje/Animaciones/AnimacionesArmas/MontageIdle_conArmaRifle.uasset" 170
"C:/Users/HTS/Documents/Unreal Projects/Pasantia_Sam/Content/Personaje/Animaciones/AnimacionesArmas/MontageIdle_conArmaRifle.uexp" 171
"C:/Users/HTS/Documents/Unreal Projects/Pasantia_Sam/Content/Items/Armas/Rifle1/Balas3/Sonido/SinMunicionRifle.uasset" 172
"C:/Users/HTS/Documents/Unreal Projects/Pasantia_Sam/Content/Items/Armas/Rifle1/Balas3/Sonido/SinMunicionRifle.uexp" 173
"C:/Users/HTS/Documents/Unreal Projects/Pasantia_Sam/Content/Items/Armas/Rifle1/Balas3/Sonido/RecargaRifle.uasset" 174
"C:/Users/HTS/Documents/Unreal Projects/Pasantia_Sam/Content/Items/Armas/Rifle1/Balas3/Sonido/RecargaRifle.uexp" 175
"C:/Users/HTS/Documents/Unreal Projects/Pasantia_Sam/Content/Items/Armas/Rifle1/Balas3/Sonido/DisparosRifle.uasset" 176
"C:/Users/HTS/Documents/Unreal Projects/Pasantia_Sam/Content/Items/Armas/Rifle1/Balas3/Sonido/DisparosRifle.uexp" 177
"C:/Users/HTS/Documents/Unreal Projects/Pasantia_Sam/Content/StarterContent/Textures/T_Smoke_Tiled_D.uasset" 178
"C:/Users/HTS/Documents/Unreal Projects/Pasantia_Sam/Content/StarterContent/Textures/T_Smoke_Tiled_D.uexp" 179
"C:/Users/HTS/Documents/Unreal Projects/Pasantia_Sam/Content/StarterContent/Textures/T_Smoke_Tiled_D.ubulk" 180
"C:/Users/HTS/Documents/Unreal Projects/Pasantia_Sam/Content/StarterContent/Textures/T_Smoke_SubUV.uasset" 181
"C:/Users/HTS/Documents/Unreal Projects/Pasantia_Sam/Content/StarterContent/Textures/T_Smoke_SubUV.uexp" 182
"C:/Users/HTS/Documents/Unreal Projects/Pasantia_Sam/Content/StarterContent/Textures/T_Smoke_SubUV.ubulk" 183
"C:/Users/HTS/Documents/Unreal Projects/Pasantia_Sam/Content/StarterContent/Particles/Materials/M_smoke_subUV.uasset" 184
"C:/Users/HTS/Documents/Unreal Projects/Pasantia_Sam/Content/StarterContent/Particles/Materials/M_smoke_subUV.uexp" 185
"../../../Engine/Content/Functions/Engine_MaterialFunctions01/Gradient/RadialGradient.uasset" 186
"../../../Engine/Content/Functions/Engine_MaterialFunctions01/Gradient/RadialGradient.uexp" 187
"C:/Users/HTS/Documents/Unreal Projects/Pasantia_Sam/Content/StarterContent/Particles/Materials/M_radial_ramp.uasset" 188
"C:/Users/HTS/Documents/Unreal Projects/Pasantia_Sam/Content/StarterContent/Particles/Materials/M_radial_ramp.uexp" 189
"C:/Users/HTS/Documents/Unreal Projects/Pasantia_Sam/Content/StarterContent/Particles/Materials/m_flare_01.uasset" 190
"C:/Users/HTS/Documents/Unreal Projects/Pasantia_Sam/Content/StarterContent/Particles/Materials/m_flare_01.uexp" 191
"C:/Users/HTS/Documents/Unreal Projects/Pasantia_Sam/Content/StarterContent/Textures/T_Explosion_SubUV.uasset" 192
"C:/Users/HTS/Documents/Unreal Projects/Pasantia_Sam/Content/StarterContent/Textures/T_Explosion_SubUV.uexp" 193
"C:/Users/HTS/Documents/Unreal Projects/Pasantia_Sam/Content/StarterContent/Textures/T_Explosion_SubUV.ubulk" 194
"C:/Users/HTS/Documents/Unreal Projects/Pasantia_Sam/Content/StarterContent/Particles/Materials/M_explosion_subUV.uasset" 195
"C:/Users/HTS/Documents/Unreal Projects/Pasantia_Sam/Content/StarterContent/Particles/Materials/M_explosion_subUV.uexp" 196
"C:/Users/HTS/Documents/Unreal Projects/Pasantia_Sam/Content/StarterContent/Textures/T_Burst_M.uasset" 197
"C:/Users/HTS/Documents/Unreal Projects/Pasantia_Sam/Content/StarterContent/Textures/T_Burst_M.uexp" 198
"C:/Users/HTS/Documents/Unreal Projects/Pasantia_Sam/Content/StarterContent/Textures/T_Burst_M.ubulk" 199
"C:/Users/HTS/Documents/Unreal Projects/Pasantia_Sam/Content/StarterContent/Particles/Materials/M_Burst.uasset" 200
"C:/Users/HTS/Documents/Unreal Projects/Pasantia_Sam/Content/StarterContent/Particles/Materials/M_Burst.uexp" 201
"C:/Users/HTS/Documents/Unreal Projects/Pasantia_Sam/Content/StarterContent/Particles/P_Explosion.uasset" 202
"C:/Users/HTS/Documents/Unreal Projects/Pasantia_Sam/Content/StarterContent/Particles/P_Explosion.uexp" 203
"C:/Users/HTS/Documents/Unreal Projects/Pasantia_Sam/Content/Items/Armas/Rifle1/rif_m4a1.uasset" 204
"C:/Users/HTS/Documents/Unreal Projects/Pasantia_Sam/Content/Items/Armas/Rifle1/rif_m4a1.uexp" 205
"C:/Users/HTS/Documents/Unreal Projects/Pasantia_Sam/Content/Items/Armas/Rifle1/rif_m4a1.ubulk" 206
"C:/Users/HTS/Documents/Unreal Projects/Pasantia_Sam/Content/Items/Armas/Rifle1/weaponMat.uasset" 207
"C:/Users/HTS/Documents/Unreal Projects/Pasantia_Sam/Content/Items/Armas/Rifle1/weaponMat.uexp" 208
"C:/Users/HTS/Documents/Unreal Projects/Pasantia_Sam/Content/Items/Armas/Rifle1/m4a1.uasset" 209
"C:/Users/HTS/Documents/Unreal Projects/Pasantia_Sam/Content/Items/Armas/Rifle1/m4a1.uexp" 210
"../../../Engine/Content/Functions/Engine_MaterialFunctions01/Opacity/CameraDepthFade.uasset" 211
"../../../Engine/Content/Functions/Engine_MaterialFunctions01/Opacity/CameraDepthFade.uexp" 212
"../../../Engine/Content/EngineMaterials/T_Default_Material_Grid_N.uasset" 213
"../../../Engine/Content/EngineMaterials/T_Default_Material_Grid_N.uexp" 214
"../../../Engine/Content/EngineMaterials/T_Default_Material_Grid_N.ubulk" 215
"../../../Engine/Content/EngineMaterials/T_Default_Material_Grid_M.uasset" 216
"../../../Engine/Content/EngineMaterials/T_Default_Material_Grid_M.uexp" 217
"../../../Engine/Content/EngineMaterials/T_Default_Material_Grid_M.ubulk" 218
"../../../Engine/Content/EngineMaterials/DefaultMaterial.uasset" 219
"../../../Engine/Content/EngineMaterials/DefaultMaterial.uexp" 220
"../../../Engine/Content/BasicShapes/Cylinder.uasset" 221
"../../../Engine/Content/BasicShapes/Cylinder.uexp" 222
"C:/Users/HTS/Documents/Unreal Projects/Pasantia_Sam/Content/Items/Armas/Rifle1/Balas/dirt_texture.uasset" 223
"C:/Users/HTS/Documents/Unreal Projects/Pasantia_Sam/Content/Items/Armas/Rifle1/Balas/dirt_texture.uexp" 224
"C:/Users/HTS/Documents/Unreal Projects/Pasantia_Sam/Content/Items/Armas/Rifle1/Balas/_23_shell_CylinderMat.uasset" 225
"C:/Users/HTS/Documents/Unreal Projects/Pasantia_Sam/Content/Items/Armas/Rifle1/Balas/_23_shell_CylinderMat.uexp" 226
"C:/Users/HTS/Documents/Unreal Projects/Pasantia_Sam/Content/Items/Armas/Rifle1/Balas/BP_AmmunRifle.uasset" 227
"C:/Users/HTS/Documents/Unreal Projects/Pasantia_Sam/Content/Items/Armas/Rifle1/Balas/BP_AmmunRifle.uexp" 228
"C:/Users/HTS/Documents/Unreal Projects/Pasantia_Sam/Content/Items/Armas/Pistola/Sonido/RecargaPistola.uasset" 229
"C:/Users/HTS/Documents/Unreal Projects/Pasantia_Sam/Content/Items/Armas/Pistola/Sonido/RecargaPistola.uexp" 230
"C:/Users/HTS/Documents/Unreal Projects/Pasantia_Sam/Content/Items/Armas/Pistola/Sonido/DisparoPistola.uasset" 231
"C:/Users/HTS/Documents/Unreal Projects/Pasantia_Sam/Content/Items/Armas/Pistola/Sonido/DisparoPistola.uexp" 232
"C:/Users/HTS/Documents/Unreal Projects/Pasantia_Sam/Content/Items/Armas/MilitaryWeapDark/Weapons/Pistols_B_Skeleton.uasset" 233
"C:/Users/HTS/Documents/Unreal Projects/Pasantia_Sam/Content/Items/Armas/MilitaryWeapDark/Weapons/Pistols_B_Skeleton.uexp" 234
"C:/Users/HTS/Documents/Unreal Projects/Pasantia_Sam/Content/Items/Armas/MilitaryWeapDark/Weapons/Pistols_B_PhysicsAsset.uasset" 235
"C:/Users/HTS/Documents/Unreal Projects/Pasantia_Sam/Content/Items/Armas/MilitaryWeapDark/Weapons/Pistols_B_PhysicsAsset.uexp" 236
"C:/Users/HTS/Documents/Unreal Projects/Pasantia_Sam/Content/Items/Armas/MilitaryWeapDark/Weapons/Pistols_B.uasset" 237
"C:/Users/HTS/Documents/Unreal Projects/Pasantia_Sam/Content/Items/Armas/MilitaryWeapDark/Weapons/Pistols_B.uexp" 238
"C:/Users/HTS/Documents/Unreal Projects/Pasantia_Sam/Content/Items/Armas/HUD/Recursos/pistolaHUD.uasset" 239
"C:/Users/HTS/Documents/Unreal Projects/Pasantia_Sam/Content/Items/Armas/HUD/Recursos/pistolaHUD.uexp" 240
"C:/Users/HTS/Documents/Unreal Projects/Pasantia_Sam/Content/StarterContent/Textures/T_Concrete_Tiles_Variation_M.uasset" 241
"C:/Users/HTS/Documents/Unreal Projects/Pasantia_Sam/Content/StarterContent/Textures/T_Concrete_Tiles_Variation_M.uexp" 242
"C:/Users/HTS/Documents/Unreal Projects/Pasantia_Sam/Content/StarterContent/Textures/T_Concrete_Tiles_Variation_M.ubulk" 243
"C:/Users/HTS/Documents/Unreal Projects/Pasantia_Sam/Content/Items/Armas/HUD/Recursos/iconoBalaRifle.uasset" 244
"C:/Users/HTS/Documents/Unreal Projects/Pasantia_Sam/Content/Items/Armas/HUD/Recursos/iconoBalaRifle.uexp" 245
"C:/Users/HTS/Documents/Unreal Projects/Pasantia_Sam/Content/Items/Armas/HUD/HUD_MunicionPistola.uasset" 246
"C:/Users/HTS/Documents/Unreal Projects/Pasantia_Sam/Content/Items/Armas/HUD/HUD_MunicionPistola.uexp" 247
"C:/Users/HTS/Documents/Unreal Projects/Pasantia_Sam/Content/Items/Armas/HUD/Recursos/rifleHUD.uasset" 248
"C:/Users/HTS/Documents/Unreal Projects/Pasantia_Sam/Content/Items/Armas/HUD/Recursos/rifleHUD.uexp" 249
"C:/Users/HTS/Documents/Unreal Projects/Pasantia_Sam/Content/Items/Armas/HUD/HUD_Municion.uasset" 250
"C:/Users/HTS/Documents/Unreal Projects/Pasantia_Sam/Content/Items/Armas/HUD/HUD_Municion.uexp" 251
"C:/Users/HTS/Documents/Unreal Projects/Pasantia_Sam/Content/Items/Armas/HUD/Recursos/Mira1.uasset" 252
"C:/Users/HTS/Documents/Unreal Projects/Pasantia_Sam/Content/Items/Armas/HUD/Recursos/Mira1.uexp" 253
"C:/Users/HTS/Documents/Unreal Projects/Pasantia_Sam/Content/Items/Armas/HUD/HUD_MiraPistola.uasset" 254
"C:/Users/HTS/Documents/Unreal Projects/Pasantia_Sam/Content/Items/Armas/HUD/HUD_MiraPistola.uexp" 255
"C:/Users/HTS/Documents/Unreal Projects/Pasantia_Sam/Content/Items/Armas/HUD/Recursos/Mira3.uasset" 256
"C:/Users/HTS/Documents/Unreal Projects/Pasantia_Sam/Content/Items/Armas/HUD/Recursos/Mira3.uexp" 257
"C:/Users/HTS/Documents/Unreal Projects/Pasantia_Sam/Content/Items/Armas/HUD/HUD_Mira.uasset" 258
"C:/Users/HTS/Documents/Unreal Projects/Pasantia_Sam/Content/Items/Armas/HUD/HUD_Mira.uexp" 259
"C:/Users/HTS/Documents/Unreal Projects/Pasantia_Sam/Content/ThirdPersonBP/Blueprints/ThirdPersonCharacter.uasset" 260
"C:/Users/HTS/Documents/Unreal Projects/Pasantia_Sam/Content/ThirdPersonBP/Blueprints/ThirdPersonCharacter.uexp" 261
"C:/Users/HTS/Documents/Unreal Projects/Pasantia_Sam/Content/ThirdPersonBP/Blueprints/ThirdPersonGameMode.uasset" 262
"C:/Users/HTS/Documents/Unreal Projects/Pasantia_Sam/Content/ThirdPersonBP/Blueprints/ThirdPersonGameMode.uexp" 263
"C:/Users/HTS/Documents/Unreal Projects/Pasantia_Sam/Content/Movies/videoWidget.uasset" 264
"C:/Users/HTS/Documents/Unreal Projects/Pasantia_Sam/Content/Movies/videoWidget.uexp" 265
"C:/Users/HTS/Documents/Unreal Projects/Pasantia_Sam/Content/Movies/MediaPlaylist_Video.uasset" 266
"C:/Users/HTS/Documents/Unreal Projects/Pasantia_Sam/Content/Movies/MediaPlaylist_Video.uexp" 267
"C:/Users/HTS/Documents/Unreal Projects/Pasantia_Sam/Content/Movies/MediaPlayer_Video.uasset" 268
"C:/Users/HTS/Documents/Unreal Projects/Pasantia_Sam/Content/Movies/MediaPlayer_Video.uexp" 269
"C:/Users/HTS/Documents/Unreal Projects/Pasantia_Sam/Content/Movies/MediaPlayer_Video_Texture.uasset" 270
"C:/Users/HTS/Documents/Unreal Projects/Pasantia_Sam/Content/Movies/MediaPlayer_Video_Texture.uexp" 271
"C:/Users/HTS/Documents/Unreal Projects/Pasantia_Sam/Content/Movies/MediaPlayer_Video_Mat.uasset" 272
"C:/Users/HTS/Documents/Unreal Projects/Pasantia_Sam/Content/Movies/MediaPlayer_Video_Mat.uexp" 273
"C:/Users/HTS/Documents/Unreal Projects/Pasantia_Sam/Content/Movies/WidgetBP_Video.uasset" 274
"C:/Users/HTS/Documents/Unreal Projects/Pasantia_Sam/Content/Movies/WidgetBP_Video.uexp" 275
"C:/Users/HTS/Documents/Unreal Projects/Pasantia_Sam/Content/Widget/WidgetVideo.uasset" 276
"C:/Users/HTS/Documents/Unreal Projects/Pasantia_Sam/Content/Widget/WidgetVideo.uexp" 277
"../../../Engine/Content/EngineMaterials/WorldGridMaterial.uasset" 278
"../../../Engine/Content/EngineMaterials/WorldGridMaterial.uexp" 279
"../../../Engine/Content/ArtTools/RenderToTexture/Meshes/S_1_Unit_Plane.uasset" 280
"../../../Engine/Content/ArtTools/RenderToTexture/Meshes/S_1_Unit_Plane.uexp" 281
"../../../Engine/Content/BasicShapes/Cone.uasset" 282
"../../../Engine/Content/BasicShapes/Cone.uexp" 283
"../../../Engine/Content/BasicShapes/Plane.uasset" 284
"../../../Engine/Content/BasicShapes/Plane.uexp" 285
"../../../Engine/Content/EditorLandscapeResources/DataLayer.uasset" 286
"../../../Engine/Content/EditorLandscapeResources/DataLayer.uexp" 287
"../../../Engine/Content/EditorLandscapeResources/DefaultAlphaTexture.uasset" 288
"../../../Engine/Content/EditorLandscapeResources/DefaultAlphaTexture.uexp" 289
"../../../Engine/Content/EditorMaterials/MAT_Groups_Toggle.uasset" 290
"../../../Engine/Content/EditorMaterials/MAT_Groups_Toggle.uexp" 291
"../../../Engine/Content/EditorMaterials/MAT_Groups_Visibility.uasset" 292
"../../../Engine/Content/EditorMaterials/MAT_Groups_Visibility.uexp" 293
"../../../Engine/Content/EditorMaterials/PreviewShadowIndicator.uasset" 294
"../../../Engine/Content/EditorMaterials/PreviewShadowIndicator.uexp" 295
"../../../Engine/Content/EditorMaterials/PreviewShadowIndicator.ubulk" 296
"../../../Engine/Content/EditorMaterials/PreviewShadowIndicatorMaterial.uasset" 297
"../../../Engine/Content/EditorMaterials/PreviewShadowIndicatorMaterial.uexp" 298
"../../../Engine/Content/EditorMaterials/MatineeGroups/MAT_ColorTrack.uasset" 299
"../../../Engine/Content/EditorMaterials/MatineeGroups/MAT_ColorTrack.uexp" 300
"../../../Engine/Content/EditorMaterials/MatineeGroups/MAT_Groups_Anim.uasset" 301
"../../../Engine/Content/EditorMaterials/MatineeGroups/MAT_Groups_Anim.uexp" 302
"../../../Engine/Content/EditorMaterials/MatineeGroups/MAT_Groups_AudioMaster.uasset" 303
"../../../Engine/Content/EditorMaterials/MatineeGroups/MAT_Groups_AudioMaster.uexp" 304
"../../../Engine/Content/EditorMaterials/MatineeGroups/MAT_Groups_Director.uasset" 305
"../../../Engine/Content/EditorMaterials/MatineeGroups/MAT_Groups_Director.uexp" 306
"../../../Engine/Content/EditorMaterials/MatineeGroups/MAT_Groups_Event.uasset" 307
"../../../Engine/Content/EditorMaterials/MatineeGroups/MAT_Groups_Event.uexp" 308
"../../../Engine/Content/EditorMaterials/MatineeGroups/MAT_Groups_Fade.uasset" 309
"../../../Engine/Content/EditorMaterials/MatineeGroups/MAT_Groups_Fade.uexp" 310
"../../../Engine/Content/EditorMaterials/MatineeGroups/MAT_Groups_Float.uasset" 311
"../../../Engine/Content/EditorMaterials/MatineeGroups/MAT_Groups_Float.uexp" 312
"../../../Engine/Content/EditorMaterials/MatineeGroups/MAT_Groups_Move.uasset" 313
"../../../Engine/Content/EditorMaterials/MatineeGroups/MAT_Groups_Move.uexp" 314
"../../../Engine/Content/EditorMaterials/MatineeGroups/MAT_Groups_Slomo.uasset" 315
"../../../Engine/Content/EditorMaterials/MatineeGroups/MAT_Groups_Slomo.uexp" 316
"../../../Engine/Content/EditorMaterials/MatineeGroups/MAT_Groups_Sound.uasset" 317
"../../../Engine/Content/EditorMaterials/MatineeGroups/MAT_Groups_Sound.uexp" 318
"../../../Engine/Content/EditorMaterials/MatineeGroups/MAT_Groups_Vector.uasset" 319
"../../../Engine/Content/EditorMaterials/MatineeGroups/MAT_Groups_Vector.uexp" 320
"../../../Engine/Content/EditorMaterials/ParticleSystems/PSysThumbnail_NoImage.uasset" 321
"../../../Engine/Content/EditorMaterials/ParticleSystems/PSysThumbnail_NoImage.uexp" 322
"../../../Engine/Content/EditorMaterials/ParticleSystems/PSysThumbnail_NoImage.ubulk" 323
"../../../Engine/Content/EditorMaterials/ParticleSystems/PSysThumbnail_OOD.uasset" 324
"../../../Engine/Content/EditorMaterials/ParticleSystems/PSysThumbnail_OOD.uexp" 325
"../../../Engine/Content/EditorMaterials/ParticleSystems/PSysThumbnail_OOD.ubulk" 326
"../../../Engine/Content/EditorMaterials/Camera/CineMat.uasset" 327
"../../../Engine/Content/EditorMaterials/Camera/CineMat.uexp" 328
"../../../Engine/Content/EditorMaterials/Camera/MI_CineMat_Rig.uasset" 329
"../../../Engine/Content/EditorMaterials/Camera/MI_CineMat_Rig.uexp" 330
"../../../Engine/Content/EditorMeshes/Camera/SM_CraneRig_Arm.uasset" 331
"../../../Engine/Content/EditorMeshes/Camera/SM_CraneRig_Arm.uexp" 332
"../../../Engine/Content/EditorMeshes/Camera/SM_CraneRig_Base.uasset" 333
"../../../Engine/Content/EditorMeshes/Camera/SM_CraneRig_Base.uexp" 334
"../../../Engine/Content/EditorMeshes/Camera/SM_CraneRig_Body.uasset" 335
"../../../Engine/Content/EditorMeshes/Camera/SM_CraneRig_Body.uexp" 336
"../../../Engine/Content/EditorMeshes/Camera/SM_CraneRig_Mount.uasset" 337
"../../../Engine/Content/EditorMeshes/Camera/SM_CraneRig_Mount.uexp" 338
"../../../Engine/Content/EditorMeshes/Camera/SM_RailRig_Mount.uasset" 339
"../../../Engine/Content/EditorMeshes/Camera/SM_RailRig_Mount.uexp" 340
"../../../Engine/Content/EditorMeshes/Camera/SM_RailRig_Track.uasset" 341
"../../../Engine/Content/EditorMeshes/Camera/SM_RailRig_Track.uexp" 342
"../../../Engine/Content/EditorResources/BSPVertex.uasset" 343
"../../../Engine/Content/EditorResources/BSPVertex.uexp" 344
"../../../Engine/Content/EditorResources/EmptyActor.uasset" 345
"../../../Engine/Content/EditorResources/EmptyActor.uexp" 346
"../../../Engine/Content/EditorResources/S_Actor.uasset" 347
"../../../Engine/Content/EditorResources/S_Actor.uexp" 348
"../../../Engine/Content/EditorResources/S_Actor.ubulk" 349
"../../../Engine/Content/EditorResources/S_Note.uasset" 350
"../../../Engine/Content/EditorResources/S_Note.uexp" 351
"../../../Engine/Content/EditorResources/S_Note.ubulk" 352
"../../../Engine/Content/EditorResources/S_Solver.uasset" 353
"../../../Engine/Content/EditorResources/S_Solver.uexp" 354
"../../../Engine/Content/EditorResources/S_Solver.ubulk" 355
"../../../Engine/Content/EditorResources/S_Terrain.uasset" 356
"../../../Engine/Content/EditorResources/S_Terrain.uexp" 357
"../../../Engine/Content/EditorResources/S_Terrain.ubulk" 358
"../../../Engine/Content/EditorResources/S_Trigger.uasset" 359
"../../../Engine/Content/EditorResources/S_Trigger.uexp" 360
"../../../Engine/Content/EditorResources/S_Trigger.ubulk" 361
"../../../Engine/Content/EditorResources/LightIcons/S_LightError.uasset" 362
"../../../Engine/Content/EditorResources/LightIcons/S_LightError.uexp" 363
"../../../Engine/Content/EditorResources/SequenceRecorder/Countdown.uasset" 364
"../../../Engine/Content/EditorResources/SequenceRecorder/Countdown.uexp" 365
"../../../Engine/Content/EditorResources/SequenceRecorder/RecordingIndicator.uasset" 366
"../../../Engine/Content/EditorResources/SequenceRecorder/RecordingIndicator.uexp" 367
"../../../Engine/Content/EngineDamageTypes/DmgTypeBP_Environmental.uasset" 368
"../../../Engine/Content/EngineDamageTypes/DmgTypeBP_Environmental.uexp" 369
"../../../Engine/Content/EngineDebugMaterials/DebugEditorMaterial.uasset" 370
"../../../Engine/Content/EngineDebugMaterials/DebugEditorMaterial.uexp" 371
"../../../Engine/Content/EngineDebugMaterials/DebugMeshMaterial.uasset" 372
"../../../Engine/Content/EngineDebugMaterials/DebugMeshMaterial.uexp" 373
"../../../Engine/Content/EngineDebugMaterials/M_SimpleUnlitTranslucent.uasset" 374
"../../../Engine/Content/EngineDebugMaterials/M_SimpleUnlitTranslucent.uexp" 375
"../../../Engine/Content/EngineDebugMaterials/VolumeToRender.uasset" 376
"../../../Engine/Content/EngineDebugMaterials/VolumeToRender.uexp" 377
"../../../Engine/Content/Functions/Engine_MaterialFunctions02/Utility/CameraDirectionVector.uasset" 378
"../../../Engine/Content/Functions/Engine_MaterialFunctions02/Utility/CameraDirectionVector.uexp" 379
"../../../Engine/Content/EngineDebugMaterials/M_VolumeRenderSphereTracePP.uasset" 380
"../../../Engine/Content/EngineDebugMaterials/M_VolumeRenderSphereTracePP.uexp" 381
"../../../Engine/Content/Functions/Engine_MaterialFunctions01/Shading/ConvertFromDiffSpec.uasset" 382
"../../../Engine/Content/Functions/Engine_MaterialFunctions01/Shading/ConvertFromDiffSpec.uexp" 383
"../../../Engine/Content/EngineDebugMaterials/VertexColorMaterial.uasset" 384
"../../../Engine/Content/EngineDebugMaterials/VertexColorMaterial.uexp" 385
"../../../Engine/Content/EngineDebugMaterials/WireframeMaterial.uasset" 386
"../../../Engine/Content/EngineDebugMaterials/WireframeMaterial.uexp" 387
"../../../Engine/Content/EngineFonts/Faces/RobotoRegular.uasset" 388
"../../../Engine/Content/EngineFonts/Faces/RobotoRegular.uexp" 389
"../../../Engine/Content/EngineFonts/Faces/RobotoRegular.ufont" 390
"../../../Engine/Content/EngineFonts/Faces/RobotoLight.uasset" 391
"../../../Engine/Content/EngineFonts/Faces/RobotoLight.uexp" 392
"../../../Engine/Content/EngineFonts/Faces/RobotoLight.ufont" 393
"../../../Engine/Content/EngineFonts/Faces/RobotoItalic.uasset" 394
"../../../Engine/Content/EngineFonts/Faces/RobotoItalic.uexp" 395
"../../../Engine/Content/EngineFonts/Faces/RobotoItalic.ufont" 396
"../../../Engine/Content/EngineFonts/Faces/RobotoBoldItalic.uasset" 397
"../../../Engine/Content/EngineFonts/Faces/RobotoBoldItalic.uexp" 398
"../../../Engine/Content/EngineFonts/Faces/RobotoBoldItalic.ufont" 399
"../../../Engine/Content/EngineFonts/Faces/RobotoBold.uasset" 400
"../../../Engine/Content/EngineFonts/Faces/RobotoBold.uexp" 401
"../../../Engine/Content/EngineFonts/Faces/RobotoBold.ufont" 402
"../../../Engine/Content/EngineFonts/Faces/DroidSansFallback.uasset" 403
"../../../Engine/Content/EngineFonts/Faces/DroidSansFallback.uexp" 404
"../../../Engine/Content/EngineFonts/Faces/DroidSansFallback.ufont" 405
"../../../Engine/Content/EngineFonts/Roboto.uasset" 406
"../../../Engine/Content/EngineFonts/Roboto.uexp" 407
"../../../Engine/Content/EngineMaterials/BaseFlattenNormalMap.uasset" 408
"../../../Engine/Content/EngineMaterials/BaseFlattenNormalMap.uexp" 409
"../../../Engine/Content/EngineMaterials/BaseFlattenGrayscaleMap.uasset" 410
"../../../Engine/Content/EngineMaterials/BaseFlattenGrayscaleMap.uexp" 411
"../../../Engine/Content/EngineMaterials/BaseFlattenEmissiveMap.uasset" 412
"../../../Engine/Content/EngineMaterials/BaseFlattenEmissiveMap.uexp" 413
"../../../Engine/Content/EngineMaterials/BaseFlattenDiffuseMap.uasset" 414
"../../../Engine/Content/EngineMaterials/BaseFlattenDiffuseMap.uexp" 415
"../../../Engine/Content/EngineMaterials/BaseFlattenMaterial.uasset" 416
"../../../Engine/Content/EngineMaterials/BaseFlattenMaterial.uexp" 417
"../../../Engine/Content/EngineMaterials/BlueNoise.uasset" 418
"../../../Engine/Content/EngineMaterials/BlueNoise.uexp" 419
"../../../Engine/Content/EngineMaterials/DefaultBloomKernel.uasset" 420
"../../../Engine/Content/EngineMaterials/DefaultBloomKernel.uexp" 421
"../../../Engine/Content/EngineMaterials/DefaultBokeh.uasset" 422
"../../../Engine/Content/EngineMaterials/DefaultBokeh.uexp" 423
"../../../Engine/Content/EngineMaterials/DefaultDiffuse.uasset" 424
"../../../Engine/Content/EngineMaterials/DefaultDiffuse.uexp" 425
"../../../Engine/Content/EngineMaterials/DefaultDiffuse.ubulk" 426
"../../../Engine/Content/EngineMaterials/DefaultDeferredDecalMaterial.uasset" 427
"../../../Engine/Content/EngineMaterials/DefaultDeferredDecalMaterial.uexp" 428
"../../../Engine/Content/EngineMaterials/DefaultLightFunctionMaterial.uasset" 429
"../../../Engine/Content/EngineMaterials/DefaultLightFunctionMaterial.uexp" 430
"../../../Engine/Content/EngineMaterials/DefaultPhysicalMaterial.uasset" 431
"../../../Engine/Content/EngineMaterials/DefaultPhysicalMaterial.uexp" 432
"../../../Engine/Content/Functions/Engine_MaterialFunctions02/Utility/BreakOutFloat2Components.uasset" 433
"../../../Engine/Content/Functions/Engine_MaterialFunctions02/Utility/BreakOutFloat2Components.uexp" 434
"../../../Engine/Content/EngineMaterials/DefaultPostProcessMaterial.uasset" 435
"../../../Engine/Content/EngineMaterials/DefaultPostProcessMaterial.uexp" 436
"../../../Engine/Content/EngineFonts/RobotoDistanceField.uasset" 437
"../../../Engine/Content/EngineFonts/RobotoDistanceField.uexp" 438
"../../../Engine/Content/EngineMaterials/DefaultTextMaterialOpaque.uasset" 439
"../../../Engine/Content/EngineMaterials/DefaultTextMaterialOpaque.uexp" 440
"../../../Engine/Content/EngineMaterials/DefaultWhiteGrid.uasset" 441
"../../../Engine/Content/EngineMaterials/DefaultWhiteGrid.uexp" 442
"../../../Engine/Content/EngineMaterials/DefaultWhiteGrid.ubulk" 443
"../../../Engine/Content/EngineMaterials/DefaultWhiteGrid_Low.uasset" 444
"../../../Engine/Content/EngineMaterials/DefaultWhiteGrid_Low.uexp" 445
"../../../Engine/Content/EngineMaterials/EmissiveMeshMaterial.uasset" 446
"../../../Engine/Content/EngineMaterials/EmissiveMeshMaterial.uexp" 447
"../../../Engine/Content/EngineMaterials/GizmoMaterial.uasset" 448
"../../../Engine/Content/EngineMaterials/GizmoMaterial.uexp" 449
"../../../Engine/Content/EngineMaterials/Good64x64TilingNoiseHighFreq.uasset" 450
"../../../Engine/Content/EngineMaterials/Good64x64TilingNoiseHighFreq.uexp" 451
"../../../Engine/Content/EngineMaterials/MiniFont.uasset" 452
"../../../Engine/Content/EngineMaterials/MiniFont.uexp" 453
"../../../Engine/Content/EngineMaterials/InvalidLightmapSettings.uasset" 454
"../../../Engine/Content/EngineMaterials/InvalidLightmapSettings.uexp" 455
"../../../Engine/Content/EngineMaterials/InvalidLightmapSettings.ubulk" 456
"../../../Engine/Content/EngineMaterials/M_InvalidLightmapSettings.uasset" 457
"../../../Engine/Content/EngineMaterials/M_InvalidLightmapSettings.uexp" 458
"../../../Engine/Content/Functions/Engine_MaterialFunctions02/WorldPositionOffset/CameraOffset.uasset" 459
"../../../Engine/Content/Functions/Engine_MaterialFunctions02/WorldPositionOffset/CameraOffset.uexp" 460
"../../../Engine/Content/EngineMaterials/PhAT_JointLimitMaterial.uasset" 461
"../../../Engine/Content/EngineMaterials/PhAT_JointLimitMaterial.uexp" 462
"../../../Engine/Content/EngineMaterials/DefaultCalibrationColor.uasset" 463
"../../../Engine/Content/EngineMaterials/DefaultCalibrationColor.uexp" 464
"../../../Engine/Content/EngineMaterials/PPM_DefaultCalibrationColor.uasset" 465
"../../../Engine/Content/EngineMaterials/PPM_DefaultCalibrationColor.uexp" 466
"../../../Engine/Content/EngineMaterials/DefaultCalibrationGrayscale.uasset" 467
"../../../Engine/Content/EngineMaterials/DefaultCalibrationGrayscale.uexp" 468
"../../../Engine/Content/EngineMaterials/PPM_DefaultCalibrationGrayscale.uasset" 469
"../../../Engine/Content/EngineMaterials/PPM_DefaultCalibrationGrayscale.uexp" 470
"../../../Engine/Content/EngineMaterials/PreintegratedSkinBRDF.uasset" 471
"../../../Engine/Content/EngineMaterials/PreintegratedSkinBRDF.uexp" 472
"../../../Engine/Content/EngineMaterials/RemoveSurfaceMaterial.uasset" 473
"../../../Engine/Content/EngineMaterials/RemoveSurfaceMaterial.uexp" 474
"../../../Engine/Content/EngineMaterials/WeightMapPlaceholderTexture.uasset" 475
"../../../Engine/Content/EngineMaterials/WeightMapPlaceholderTexture.uexp" 476
"../../../Engine/Content/EngineResources/WhiteSquareTexture.uasset" 477
"../../../Engine/Content/EngineResources/WhiteSquareTexture.uexp" 478
"../../../Engine/Content/EngineMaterials/Widget3DPassThrough.uasset" 479
"../../../Engine/Content/EngineMaterials/Widget3DPassThrough.uexp" 480
"../../../Engine/Content/EngineMaterials/Widget3DPassThrough_Masked.uasset" 481
"../../../Engine/Content/EngineMaterials/Widget3DPassThrough_Masked.uexp" 482
"../../../Engine/Content/EngineMaterials/Widget3DPassThrough_Opaque.uasset" 483
"../../../Engine/Content/EngineMaterials/Widget3DPassThrough_Opaque.uexp" 484
"../../../Engine/Content/EngineMaterials/Widget3DPassThrough_Masked_OneSided.uasset" 485
"../../../Engine/Content/EngineMaterials/Widget3DPassThrough_Masked_OneSided.uexp" 486
"../../../Engine/Content/EngineMaterials/Widget3DPassThrough_Opaque_OneSided.uasset" 487
"../../../Engine/Content/EngineMaterials/Widget3DPassThrough_Opaque_OneSided.uexp" 488
"../../../Engine/Content/EngineMaterials/Widget3DPassThrough_Translucent.uasset" 489
"../../../Engine/Content/EngineMaterials/Widget3DPassThrough_Translucent.uexp" 490
"../../../Engine/Content/EngineMaterials/Widget3DPassThrough_Translucent_OneSided.uasset" 491
"../../../Engine/Content/EngineMaterials/Widget3DPassThrough_Translucent_OneSided.uexp" 492
"../../../Engine/Content/EngineMeshes/Cylinder.uasset" 493
"../../../Engine/Content/EngineMeshes/Cylinder.uexp" 494
"../../../Engine/Content/EngineMeshes/Sphere.uasset" 495
"../../../Engine/Content/EngineMeshes/Sphere.uexp" 496
"../../../Engine/Content/EngineResources/DefaultTexture.uasset" 497
"../../../Engine/Content/EngineResources/DefaultTexture.uexp" 498
"../../../Engine/Content/EngineResources/DefaultTexture.ubulk" 499
"../../../Engine/Content/EngineResources/DefaultTextureCube.uasset" 500
"../../../Engine/Content/EngineResources/DefaultTextureCube.uexp" 501
"../../../Engine/Content/EngineResources/DefaultVolumeTexture2D.uasset" 502
"../../../Engine/Content/EngineResources/DefaultVolumeTexture2D.uexp" 503
"../../../Engine/Content/EngineResources/DefaultVolumeTexture.uasset" 504
"../../../Engine/Content/EngineResources/DefaultVolumeTexture.uexp" 505
"../../../Engine/Content/EngineResources/GradientTexture0.uasset" 506
"../../../Engine/Content/EngineResources/GradientTexture0.uexp" 507
"../../../Engine/Content/EngineSky/VolumetricClouds/T_NoiseShape64.uasset" 508
"../../../Engine/Content/EngineSky/VolumetricClouds/T_NoiseShape64.uexp" 509
"../../../Engine/Content/EngineSky/VolumetricClouds/T_NoiseShape64.ubulk" 510
"../../../Engine/Content/EngineSky/VolumetricClouds/T_VolumeNoiseShape64.uasset" 511
"../../../Engine/Content/EngineSky/VolumetricClouds/T_VolumeNoiseShape64.uexp" 512
"../../../Engine/Content/EngineSky/VolumetricClouds/T_NoiseErosion.uasset" 513
"../../../Engine/Content/EngineSky/VolumetricClouds/T_NoiseErosion.uexp" 514
"../../../Engine/Content/EngineSky/VolumetricClouds/T_NoiseErosion.ubulk" 515
"../../../Engine/Content/EngineSky/VolumetricClouds/T_VolumeNoiseErosion32.uasset" 516
"../../../Engine/Content/EngineSky/VolumetricClouds/T_VolumeNoiseErosion32.uexp" 517
"../../../Engine/Content/Functions/Engine_MaterialFunctions02/Utility/MakeFloat2.uasset" 518
"../../../Engine/Content/Functions/Engine_MaterialFunctions02/Utility/MakeFloat2.uexp" 519
"../../../Engine/Content/EngineSky/VolumetricClouds/CloudWeatherTexture.uasset" 520
"../../../Engine/Content/EngineSky/VolumetricClouds/CloudWeatherTexture.uexp" 521
"../../../Engine/Content/EngineSky/VolumetricClouds/CloudGradientTexture.uasset" 522
"../../../Engine/Content/EngineSky/VolumetricClouds/CloudGradientTexture.uexp" 523
"../../../Engine/Content/EngineSky/VolumetricClouds/m_SimpleVolumetricCloud.uasset" 524
"../../../Engine/Content/EngineSky/VolumetricClouds/m_SimpleVolumetricCloud.uexp" 525
"../../../Engine/Content/EngineSky/VolumetricClouds/m_SimpleVolumetricCloud_Inst.uasset" 526
"../../../Engine/Content/EngineSky/VolumetricClouds/m_SimpleVolumetricCloud_Inst.uexp" 527
"../../../Engine/Content/EngineSounds/Master.uasset" 528
"../../../Engine/Content/EngineSounds/Master.uexp" 529
"../../../Engine/Content/Functions/Engine_MaterialFunctions01/Shading/PowerToRoughness.uasset" 530
"../../../Engine/Content/Functions/Engine_MaterialFunctions01/Shading/PowerToRoughness.uexp" 531
"../../../Engine/Content/Maps/Templates/Thumbnails/Default.uasset" 532
"../../../Engine/Content/Maps/Templates/Thumbnails/Default.uexp" 533
"../../../Engine/Content/Maps/Templates/Thumbnails/TimeOfDay.uasset" 534
"../../../Engine/Content/Maps/Templates/Thumbnails/TimeOfDay.uexp" 535
"../../../Engine/Content/Maps/Templates/Thumbnails/VR-Basic.uasset" 536
"../../../Engine/Content/Maps/Templates/Thumbnails/VR-Basic.uexp" 537
"../../../Engine/Content/MobileResources/T_MobileControls_texture.uasset" 538
"../../../Engine/Content/MobileResources/T_MobileControls_texture.uexp" 539
"../../../Engine/Content/MobileResources/T_MobileMenu2.uasset" 540
"../../../Engine/Content/MobileResources/T_MobileMenu2.uexp" 541
"../../../Engine/Content/MobileResources/HUD/AnalogHat.uasset" 542
"../../../Engine/Content/MobileResources/HUD/AnalogHat.uexp" 543
"../../../Engine/Content/MobileResources/HUD/VirtualJoystick_Thumb.uasset" 544
"../../../Engine/Content/MobileResources/HUD/VirtualJoystick_Thumb.uexp" 545
"../../../Engine/Content/MobileResources/HUD/VirtualJoystick_Background.uasset" 546
"../../../Engine/Content/MobileResources/HUD/VirtualJoystick_Background.uexp" 547
"../../../Engine/Content/MobileResources/HUD/DefaultVirtualJoysticks.uasset" 548
"../../../Engine/Content/MobileResources/HUD/DefaultVirtualJoysticks.uexp" 549
"../../../Engine/Content/MobileResources/HUD/LeftVirtualJoystickOnly.uasset" 550
"../../../Engine/Content/MobileResources/HUD/LeftVirtualJoystickOnly.uexp" 551
"../../../Engine/Content/MobileResources/HUD/MobileHUDButton1_off.uasset" 552
"../../../Engine/Content/MobileResources/HUD/MobileHUDButton1_off.uexp" 553
"../../../Engine/Content/MobileResources/HUD/MobileHUDButton1_on.uasset" 554
"../../../Engine/Content/MobileResources/HUD/MobileHUDButton1_on.uexp" 555
"../../../Engine/Content/MobileResources/HUD/MobileHUDButton2_off.uasset" 556
"../../../Engine/Content/MobileResources/HUD/MobileHUDButton2_off.uexp" 557
"../../../Engine/Content/MobileResources/HUD/MobileHUDButton2_on.uasset" 558
"../../../Engine/Content/MobileResources/HUD/MobileHUDButton2_on.uexp" 559
"../../../Engine/Content/MobileResources/HUD/MobileHUDButton3.uasset" 560
"../../../Engine/Content/MobileResources/HUD/MobileHUDButton3.uexp" 561
"../../../Engine/Content/MobileResources/HUD/MobileHUDButtonFire.uasset" 562
"../../../Engine/Content/MobileResources/HUD/MobileHUDButtonFire.uexp" 563
"../../../Engine/Content/MobileResources/HUD/MobileHUDDirectionPad.uasset" 564
"../../../Engine/Content/MobileResources/HUD/MobileHUDDirectionPad.uexp" 565
"../../../Engine/Content/MobileResources/HUD/MobileHUDDirectionPad2.uasset" 566
"../../../Engine/Content/MobileResources/HUD/MobileHUDDirectionPad2.uexp" 567
"../../../Engine/Content/MobileResources/HUD/MobileHUDDirectionPad3.uasset" 568
"../../../Engine/Content/MobileResources/HUD/MobileHUDDirectionPad3.uexp" 569
"../../../Engine/Content/MobileResources/HUD/MobileHUDDirectionStick.uasset" 570
"../../../Engine/Content/MobileResources/HUD/MobileHUDDirectionStick.uexp" 571
"../../../Engine/Content/MobileResources/HUD/T_Castle_ThumbstickInner.uasset" 572
"../../../Engine/Content/MobileResources/HUD/T_Castle_ThumbstickInner.uexp" 573
"../../../Engine/Content/MobileResources/HUD/T_Castle_ThumbstickOutter.uasset" 574
"../../../Engine/Content/MobileResources/HUD/T_Castle_ThumbstickOutter.uexp" 575
"../../../Engine/Content/Tutorial/ContentIntroCurve.uasset" 576
"../../../Engine/Content/Tutorial/ContentIntroCurve.uexp" 577
"../../../Engine/Content/Tutorial/Basics/TutorialAssets/icon_tab_Levels_40x.uasset" 578
"../../../Engine/Content/Tutorial/Basics/TutorialAssets/icon_tab_Levels_40x.uexp" 579
"../../../Engine/Content/Tutorial/BlueprintTutorials/TutorialAssets/Blueprint_64x.uasset" 580
"../../../Engine/Content/Tutorial/BlueprintTutorials/TutorialAssets/Blueprint_64x.uexp" 581
"../../../Engine/Content/VREditor/TransformGizmo/TranslucentTransformGizmoMaterial.uasset" 582
"../../../Engine/Content/VREditor/TransformGizmo/TranslucentTransformGizmoMaterial.uexp" 583
"../../../Engine/Content/VREditor/LaserPointer/VR_LaserPower_01.uasset" 584
"../../../Engine/Content/VREditor/LaserPointer/VR_LaserPower_01.uexp" 585
"../../../Engine/Content/VREditor/LaserPointer/VR_LaserPower_01.ubulk" 586
"../../../Engine/Content/VREditor/TransformGizmo/TransformGizmoMaterial.uasset" 587
"../../../Engine/Content/VREditor/TransformGizmo/TransformGizmoMaterial.uexp" 588
"../../../Engine/Content/VREditor/TransformGizmo/BoundingBoxCorner.uasset" 589
"../../../Engine/Content/VREditor/TransformGizmo/BoundingBoxCorner.uexp" 590
"../../../Engine/Content/VREditor/TransformGizmo/BoundingBoxEdge.uasset" 591
"../../../Engine/Content/VREditor/TransformGizmo/BoundingBoxEdge.uexp" 592
"../../../Engine/Content/VREditor/TransformGizmo/PlaneTranslationHandle.uasset" 593
"../../../Engine/Content/VREditor/TransformGizmo/PlaneTranslationHandle.uexp" 594
"../../../Engine/Content/VREditor/TransformGizmo/Xray.uasset" 595
"../../../Engine/Content/VREditor/TransformGizmo/Xray.uexp" 596
"../../../Engine/Content/VREditor/TransformGizmo/Main.uasset" 597
"../../../Engine/Content/VREditor/TransformGizmo/Main.uexp" 598
"../../../Engine/Content/VREditor/TransformGizmo/SM_Sequencer_Key.uasset" 599
"../../../Engine/Content/VREditor/TransformGizmo/SM_Sequencer_Key.uexp" 600
"../../../Engine/Content/VREditor/TransformGizmo/SM_Sequencer_Node.uasset" 601
"../../../Engine/Content/VREditor/TransformGizmo/SM_Sequencer_Node.uexp" 602
"../../../Engine/Plugins/2D/Paper2D/Content/PlaceholderTextures/DummySpriteTexture.uasset" 603
"../../../Engine/Plugins/2D/Paper2D/Content/PlaceholderTextures/DummySpriteTexture.uexp" 604
"../../../Engine/Plugins/2D/Paper2D/Content/PlaceholderTextures/DummySpriteTexture.ubulk" 605
"../../../Engine/Plugins/2D/Paper2D/Content/DummySprite.uasset" 606
"../../../Engine/Plugins/2D/Paper2D/Content/DummySprite.uexp" 607
"../../../Engine/Plugins/2D/Paper2D/Content/DefaultPaperTerrainMaterial.uasset" 608
"../../../Engine/Plugins/2D/Paper2D/Content/DefaultPaperTerrainMaterial.uexp" 609
"../../../Engine/Plugins/2D/Paper2D/Content/DefaultSpriteMaterial.uasset" 610
"../../../Engine/Plugins/2D/Paper2D/Content/DefaultSpriteMaterial.uexp" 611
"../../../Engine/Plugins/2D/Paper2D/Content/MaskedUnlitSpriteMaterial.uasset" 612
"../../../Engine/Plugins/2D/Paper2D/Content/MaskedUnlitSpriteMaterial.uexp" 613
"../../../Engine/Plugins/2D/Paper2D/Content/OpaqueUnlitSpriteMaterial.uasset" 614
"../../../Engine/Plugins/2D/Paper2D/Content/OpaqueUnlitSpriteMaterial.uexp" 615
"../../../Engine/Content/ArtTools/RenderToTexture/Materials/Debug/M_Emissive_Color.uasset" 616
"../../../Engine/Content/ArtTools/RenderToTexture/Materials/Debug/M_Emissive_Color.uexp" 617
"../../../Engine/Plugins/Lumin/MagicLeapPassableWorld/Content/MagicLeapARPinInfoActor.uasset" 618
"../../../Engine/Plugins/Lumin/MagicLeapPassableWorld/Content/MagicLeapARPinInfoActor.uexp" 619
"../../../Engine/Content/Functions/Engine_MaterialFunctions02/Utility/BreakOutFloat3Components.uasset" 620
"../../../Engine/Content/Functions/Engine_MaterialFunctions02/Utility/BreakOutFloat3Components.uexp" 621
"../../../Engine/Content/Functions/Engine_MaterialFunctions02/Utility/VectorLength.uasset" 622
"../../../Engine/Content/Functions/Engine_MaterialFunctions02/Utility/VectorLength.uexp" 623
"../../../Engine/Content/Functions/Engine_MaterialFunctions02/WorldPositionOffset/ObjectScale.uasset" 624
"../../../Engine/Content/Functions/Engine_MaterialFunctions02/WorldPositionOffset/ObjectScale.uexp" 625
"../../../Engine/Content/Functions/Engine_MaterialFunctions02/ObjectLocalBounds.uasset" 626
"../../../Engine/Content/Functions/Engine_MaterialFunctions02/ObjectLocalBounds.uexp" 627
"../../../Engine/Plugins/Editor/SpeedTreeImporter/Content/SpeedTree9/UnpackInteger3.uasset" 628
"../../../Engine/Plugins/Editor/SpeedTreeImporter/Content/SpeedTree9/UnpackInteger3.uexp" 629
"../../../Engine/Plugins/Editor/SpeedTreeImporter/Content/SpeedTree9/UnpackDirection.uasset" 630
"../../../Engine/Plugins/Editor/SpeedTreeImporter/Content/SpeedTree9/UnpackDirection.uexp" 631
"../../../Engine/Plugins/Editor/SpeedTreeImporter/Content/SpeedTree9/game_wind_noise.uasset" 632
"../../../Engine/Plugins/Editor/SpeedTreeImporter/Content/SpeedTree9/game_wind_noise.uexp" 633
"../../../Engine/Plugins/Editor/SpeedTreeImporter/Content/SpeedTree9/game_wind_noise.ubulk" 634
"../../../Engine/Content/Functions/Engine_MaterialFunctions02/SafeNormalize.uasset" 635
"../../../Engine/Content/Functions/Engine_MaterialFunctions02/SafeNormalize.uexp" 636
"../../../Engine/Plugins/Editor/SpeedTreeImporter/Content/SpeedTree9/SpeedTreeWindMotion.uasset" 637
"../../../Engine/Plugins/Editor/SpeedTreeImporter/Content/SpeedTree9/SpeedTreeWindMotion.uexp" 638
"../../../Engine/Plugins/Editor/SpeedTreeImporter/Content/SpeedTree9/SpeedTreeBranchMotion.uasset" 639
"../../../Engine/Plugins/Editor/SpeedTreeImporter/Content/SpeedTree9/SpeedTreeBranchMotion.uexp" 640
"../../../Engine/Content/Functions/Engine_MaterialFunctions02/UVs/BoundingBoxBased_0-1_UVW.uasset" 641
"../../../Engine/Content/Functions/Engine_MaterialFunctions02/UVs/BoundingBoxBased_0-1_UVW.uexp" 642
"../../../Engine/Plugins/Editor/SpeedTreeImporter/Content/SpeedTree9/SpeedTreeWind.uasset" 643
"../../../Engine/Plugins/Editor/SpeedTreeImporter/Content/SpeedTree9/SpeedTreeWind.uexp" 644
"../../../Engine/Plugins/Editor/SpeedTreeImporter/Content/SpeedTree9/SpeedTreeBillboard.uasset" 645
"../../../Engine/Plugins/Editor/SpeedTreeImporter/Content/SpeedTree9/SpeedTreeBillboard.uexp" 646
"../../../Engine/Plugins/Editor/SpeedTreeImporter/Content/SpeedTree9/EmptyNormal.uasset" 647
"../../../Engine/Plugins/Editor/SpeedTreeImporter/Content/SpeedTree9/EmptyNormal.uexp" 648
"../../../Engine/Plugins/Editor/SpeedTreeImporter/Content/SpeedTree9/Empty.uasset" 649
"../../../Engine/Plugins/Editor/SpeedTreeImporter/Content/SpeedTree9/Empty.uexp" 650
"../../../Engine/Plugins/Editor/SpeedTreeImporter/Content/SpeedTree9/SpeedTreeBillboardMaster.uasset" 651
"../../../Engine/Plugins/Editor/SpeedTreeImporter/Content/SpeedTree9/SpeedTreeBillboardMaster.uexp" 652
"../../../Engine/Plugins/Editor/SpeedTreeImporter/Content/SpeedTree9/SpeedTreeCameraFacing.uasset" 653
"../../../Engine/Plugins/Editor/SpeedTreeImporter/Content/SpeedTree9/SpeedTreeCameraFacing.uexp" 654
"../../../Engine/Plugins/Editor/SpeedTreeImporter/Content/SpeedTree9/SpeedTreeMaster.uasset" 655
"../../../Engine/Plugins/Editor/SpeedTreeImporter/Content/SpeedTree9/SpeedTreeMaster.uexp" 656
"../../../Engine/Plugins/Runtime/HairStrands/Content/Materials/HairCardsDefaultMaterial.uasset" 657
"../../../Engine/Plugins/Runtime/HairStrands/Content/Materials/HairCardsDefaultMaterial.uexp" 658
"../../../Engine/Content/Functions/Engine_MaterialFunctions02/Utility/MakeFloat3.uasset" 659
"../../../Engine/Content/Functions/Engine_MaterialFunctions02/Utility/MakeFloat3.uexp" 660
"../../../Engine/Content/EngineMaterials/HairDebugColor.uasset" 661
"../../../Engine/Content/EngineMaterials/HairDebugColor.uexp" 662
"../../../Engine/Content/EngineMaterials/HairColorMap.uasset" 663
"../../../Engine/Content/EngineMaterials/HairColorMap.uexp" 664
"../../../Engine/Plugins/Runtime/HairStrands/Content/Materials/HairDebugMaterial.uasset" 665
"../../../Engine/Plugins/Runtime/HairStrands/Content/Materials/HairDebugMaterial.uexp" 666
"../../../Engine/Plugins/Runtime/HairStrands/Content/Materials/HairDefaultMaterial.uasset" 667
"../../../Engine/Plugins/Runtime/HairStrands/Content/Materials/HairDefaultMaterial.uexp" 668
"../../../Engine/Plugins/Runtime/HairStrands/Content/Materials/HairMeshesDefaultMaterial.uasset" 669
"../../../Engine/Plugins/Runtime/HairStrands/Content/Materials/HairMeshesDefaultMaterial.uexp" 670
"../../../Engine/Plugins/Runtime/OpenXR/Content/Devices/GoogleDaydream/MRTexture.uasset" 671
"../../../Engine/Plugins/Runtime/OpenXR/Content/Devices/GoogleDaydream/MRTexture.uexp" 672
"../../../Engine/Plugins/Runtime/OpenXR/Content/Devices/GoogleDaydream/MRTexture.ubulk" 673
"../../../Engine/Plugins/Runtime/OpenXR/Content/Devices/GoogleDaydream/BaseTexture.uasset" 674
"../../../Engine/Plugins/Runtime/OpenXR/Content/Devices/GoogleDaydream/BaseTexture.uexp" 675
"../../../Engine/Plugins/Runtime/OpenXR/Content/Devices/GoogleDaydream/BaseTexture.ubulk" 676
"../../../Engine/Content/EngineResources/Black.uasset" 677
"../../../Engine/Content/EngineResources/Black.uexp" 678
"../../../Engine/Plugins/Runtime/OpenXR/Content/Devices/M_XRController.uasset" 679
"../../../Engine/Plugins/Runtime/OpenXR/Content/Devices/M_XRController.uexp" 680
"../../../Engine/Plugins/Runtime/OpenXR/Content/Devices/GoogleDaydream/MI_GoogleDaydream.uasset" 681
"../../../Engine/Plugins/Runtime/OpenXR/Content/Devices/GoogleDaydream/MI_GoogleDaydream.uexp" 682
"../../../Engine/Plugins/Runtime/OpenXR/Content/Devices/GoogleDaydream/GoogleDaydreamController.uasset" 683
"../../../Engine/Plugins/Runtime/OpenXR/Content/Devices/GoogleDaydream/GoogleDaydreamController.uexp" 684
"../../../Engine/Plugins/Runtime/OpenXR/Content/Devices/HTCVive/BaseTexture.uasset" 685
"../../../Engine/Plugins/Runtime/OpenXR/Content/Devices/HTCVive/BaseTexture.uexp" 686
"../../../Engine/Plugins/Runtime/OpenXR/Content/Devices/HTCVive/BaseTexture.ubulk" 687
"../../../Engine/Plugins/Runtime/OpenXR/Content/Devices/HTCVive/MI_HTCVive.uasset" 688
"../../../Engine/Plugins/Runtime/OpenXR/Content/Devices/HTCVive/MI_HTCVive.uexp" 689
"../../../Engine/Plugins/Runtime/OpenXR/Content/Devices/HTCVive/HTCViveController.uasset" 690
"../../../Engine/Plugins/Runtime/OpenXR/Content/Devices/HTCVive/HTCViveController.uexp" 691
"../../../Engine/Plugins/Runtime/OpenXR/Content/Devices/MicrosoftMixedReality/NormalTexture.uasset" 692
"../../../Engine/Plugins/Runtime/OpenXR/Content/Devices/MicrosoftMixedReality/NormalTexture.uexp" 693
"../../../Engine/Plugins/Runtime/OpenXR/Content/Devices/MicrosoftMixedReality/NormalTexture.ubulk" 694
"../../../Engine/Plugins/Runtime/OpenXR/Content/Devices/MicrosoftMixedReality/MRTexture.uasset" 695
"../../../Engine/Plugins/Runtime/OpenXR/Content/Devices/MicrosoftMixedReality/MRTexture.uexp" 696
"../../../Engine/Plugins/Runtime/OpenXR/Content/Devices/MicrosoftMixedReality/MRTexture.ubulk" 697
"../../../Engine/Plugins/Runtime/OpenXR/Content/Devices/MicrosoftMixedReality/EmissiveTexture.uasset" 698
"../../../Engine/Plugins/Runtime/OpenXR/Content/Devices/MicrosoftMixedReality/EmissiveTexture.uexp" 699
"../../../Engine/Plugins/Runtime/OpenXR/Content/Devices/MicrosoftMixedReality/EmissiveTexture.ubulk" 700
"../../../Engine/Plugins/Runtime/OpenXR/Content/Devices/MicrosoftMixedReality/BaseTexture.uasset" 701
"../../../Engine/Plugins/Runtime/OpenXR/Content/Devices/MicrosoftMixedReality/BaseTexture.uexp" 702
"../../../Engine/Plugins/Runtime/OpenXR/Content/Devices/MicrosoftMixedReality/BaseTexture.ubulk" 703
"../../../Engine/Plugins/Runtime/OpenXR/Content/Devices/MicrosoftMixedReality/MI_MicrosoftMixedReality.uasset" 704
"../../../Engine/Plugins/Runtime/OpenXR/Content/Devices/MicrosoftMixedReality/MI_MicrosoftMixedReality.uexp" 705
"../../../Engine/Plugins/Runtime/OpenXR/Content/Devices/MicrosoftMixedReality/Left/left_MicrosoftMixedRealityController.uasset" 706
"../../../Engine/Plugins/Runtime/OpenXR/Content/Devices/MicrosoftMixedReality/Left/left_MicrosoftMixedRealityController.uexp" 707
"../../../Engine/Plugins/Runtime/OpenXR/Content/Devices/MicrosoftMixedReality/Right/right_MicrosoftMixedRealityController.uasset" 708
"../../../Engine/Plugins/Runtime/OpenXR/Content/Devices/MicrosoftMixedReality/Right/right_MicrosoftMixedRealityController.uexp" 709
"../../../Engine/Plugins/Runtime/OpenXR/Content/Devices/OculusGo/BaseTexture.uasset" 710
"../../../Engine/Plugins/Runtime/OpenXR/Content/Devices/OculusGo/BaseTexture.uexp" 711
"../../../Engine/Plugins/Runtime/OpenXR/Content/Devices/OculusGo/BaseTexture.ubulk" 712
"../../../Engine/Plugins/Runtime/OpenXR/Content/Devices/OculusGo/MI_OculusGo.uasset" 713
"../../../Engine/Plugins/Runtime/OpenXR/Content/Devices/OculusGo/MI_OculusGo.uexp" 714
"../../../Engine/Plugins/Runtime/OpenXR/Content/Devices/OculusGo/OculusGoController.uasset" 715
"../../../Engine/Plugins/Runtime/OpenXR/Content/Devices/OculusGo/OculusGoController.uexp" 716
"../../../Engine/Plugins/Runtime/OpenXR/Content/Devices/OculusTouch/MRTexture.uasset" 717
"../../../Engine/Plugins/Runtime/OpenXR/Content/Devices/OculusTouch/MRTexture.uexp" 718
"../../../Engine/Plugins/Runtime/OpenXR/Content/Devices/OculusTouch/MRTexture.ubulk" 719
"../../../Engine/Plugins/Runtime/OpenXR/Content/Devices/OculusTouch/BaseTexture.uasset" 720
"../../../Engine/Plugins/Runtime/OpenXR/Content/Devices/OculusTouch/BaseTexture.uexp" 721
"../../../Engine/Plugins/Runtime/OpenXR/Content/Devices/OculusTouch/BaseTexture.ubulk" 722
"../../../Engine/Plugins/Runtime/OpenXR/Content/Devices/OculusTouch/MI_OculusTouch.uasset" 723
"../../../Engine/Plugins/Runtime/OpenXR/Content/Devices/OculusTouch/MI_OculusTouch.uexp" 724
"../../../Engine/Plugins/Runtime/OpenXR/Content/Devices/OculusTouch/Left/left_OculusTouchController.uasset" 725
"../../../Engine/Plugins/Runtime/OpenXR/Content/Devices/OculusTouch/Left/left_OculusTouchController.uexp" 726
"../../../Engine/Plugins/Runtime/OpenXR/Content/Devices/OculusTouch/Right/right_OculusTouchController.uasset" 727
"../../../Engine/Plugins/Runtime/OpenXR/Content/Devices/OculusTouch/Right/right_OculusTouchController.uexp" 728
"../../../Engine/Plugins/Runtime/OpenXR/Content/Devices/OculusTouch_v2/MRTexture.uasset" 729
"../../../Engine/Plugins/Runtime/OpenXR/Content/Devices/OculusTouch_v2/MRTexture.uexp" 730
"../../../Engine/Plugins/Runtime/OpenXR/Content/Devices/OculusTouch_v2/MRTexture.ubulk" 731
"../../../Engine/Plugins/Runtime/OpenXR/Content/Devices/OculusTouch_v2/BaseTexture.uasset" 732
"../../../Engine/Plugins/Runtime/OpenXR/Content/Devices/OculusTouch_v2/BaseTexture.uexp" 733
"../../../Engine/Plugins/Runtime/OpenXR/Content/Devices/OculusTouch_v2/BaseTexture.ubulk" 734
"../../../Engine/Plugins/Runtime/OpenXR/Content/Devices/OculusTouch_v2/MI_OculusTouch_v2.uasset" 735
"../../../Engine/Plugins/Runtime/OpenXR/Content/Devices/OculusTouch_v2/MI_OculusTouch_v2.uexp" 736
"../../../Engine/Plugins/Runtime/OpenXR/Content/Devices/OculusTouch_v2/Left/left_OculusTouch_v2Controller.uasset" 737
"../../../Engine/Plugins/Runtime/OpenXR/Content/Devices/OculusTouch_v2/Left/left_OculusTouch_v2Controller.uexp" 738
"../../../Engine/Plugins/Runtime/OpenXR/Content/Devices/OculusTouch_v2/Right/right_OculusTouch_v2Controller.uasset" 739
"../../../Engine/Plugins/Runtime/OpenXR/Content/Devices/OculusTouch_v2/Right/right_OculusTouch_v2Controller.uexp" 740
"../../../Engine/Plugins/Runtime/OpenXR/Content/Devices/OculusTouch_v3/MRTexture.uasset" 741
"../../../Engine/Plugins/Runtime/OpenXR/Content/Devices/OculusTouch_v3/MRTexture.uexp" 742
"../../../Engine/Plugins/Runtime/OpenXR/Content/Devices/OculusTouch_v3/MRTexture.ubulk" 743
"../../../Engine/Plugins/Runtime/OpenXR/Content/Devices/OculusTouch_v3/BaseTexture.uasset" 744
"../../../Engine/Plugins/Runtime/OpenXR/Content/Devices/OculusTouch_v3/BaseTexture.uexp" 745
"../../../Engine/Plugins/Runtime/OpenXR/Content/Devices/OculusTouch_v3/BaseTexture.ubulk" 746
"../../../Engine/Plugins/Runtime/OpenXR/Content/Devices/OculusTouch_v3/MI_OculusTouch_v3.uasset" 747
"../../../Engine/Plugins/Runtime/OpenXR/Content/Devices/OculusTouch_v3/MI_OculusTouch_v3.uexp" 748
"../../../Engine/Plugins/Runtime/OpenXR/Content/Devices/OculusTouch_v3/Left/left_OculusTouch_v3Controller.uasset" 749
"../../../Engine/Plugins/Runtime/OpenXR/Content/Devices/OculusTouch_v3/Left/left_OculusTouch_v3Controller.uexp" 750
"../../../Engine/Plugins/Runtime/OpenXR/Content/Devices/OculusTouch_v3/Right/right_OculusTouch_v3Controller.uasset" 751
"../../../Engine/Plugins/Runtime/OpenXR/Content/Devices/OculusTouch_v3/Right/right_OculusTouch_v3Controller.uexp" 752
"../../../Engine/Plugins/Runtime/OpenXR/Content/Devices/ValveIndex/MRTexture.uasset" 753
"../../../Engine/Plugins/Runtime/OpenXR/Content/Devices/ValveIndex/MRTexture.uexp" 754
"../../../Engine/Plugins/Runtime/OpenXR/Content/Devices/ValveIndex/MRTexture.ubulk" 755
"../../../Engine/Plugins/Runtime/OpenXR/Content/Devices/ValveIndex/BaseTexture.uasset" 756
"../../../Engine/Plugins/Runtime/OpenXR/Content/Devices/ValveIndex/BaseTexture.uexp" 757
"../../../Engine/Plugins/Runtime/OpenXR/Content/Devices/ValveIndex/BaseTexture.ubulk" 758
"../../../Engine/Plugins/Runtime/OpenXR/Content/Devices/ValveIndex/Left/MI_left_ValveIndex.uasset" 759
"../../../Engine/Plugins/Runtime/OpenXR/Content/Devices/ValveIndex/Left/MI_left_ValveIndex.uexp" 760
"../../../Engine/Plugins/Runtime/OpenXR/Content/Devices/ValveIndex/Left/left_ValveIndexController.uasset" 761
"../../../Engine/Plugins/Runtime/OpenXR/Content/Devices/ValveIndex/Left/left_ValveIndexController.uexp" 762
"../../../Engine/Plugins/Runtime/OpenXR/Content/Devices/ValveIndex/Right/MI_right_ValveIndex.uasset" 763
"../../../Engine/Plugins/Runtime/OpenXR/Content/Devices/ValveIndex/Right/MI_right_ValveIndex.uexp" 764
"../../../Engine/Plugins/Runtime/OpenXR/Content/Devices/ValveIndex/Right/right_ValveIndexController.uasset" 765
"../../../Engine/Plugins/Runtime/OpenXR/Content/Devices/ValveIndex/Right/right_ValveIndexController.uexp" 766
"../../../Engine/Content/Functions/Engine_MaterialFunctions02/Utility/BreakOutFloat4Components.uasset" 767
"../../../Engine/Content/Functions/Engine_MaterialFunctions02/Utility/BreakOutFloat4Components.uexp" 768
"../../../Engine/Plugins/Runtime/Oculus/OculusVR/Content/Materials/OculusMR_ChromaKey.uasset" 769
"../../../Engine/Plugins/Runtime/Oculus/OculusVR/Content/Materials/OculusMR_ChromaKey.uexp" 770
"../../../Engine/Plugins/Runtime/Oculus/OculusVR/Content/Materials/OculusMR_OpaqueColoredMaterial.uasset" 771
"../../../Engine/Plugins/Runtime/Oculus/OculusVR/Content/Materials/OculusMR_OpaqueColoredMaterial.uexp" 772
"../../../Engine/Plugins/Runtime/Oculus/OculusVR/Content/Materials/PokeAHoleMaterial.uasset" 773
"../../../Engine/Plugins/Runtime/Oculus/OculusVR/Content/Materials/PokeAHoleMaterial.uexp" 774
"../../../Engine/Plugins/Runtime/Oculus/OculusVR/Content/Textures/touchController_albedo.uasset" 775
"../../../Engine/Plugins/Runtime/Oculus/OculusVR/Content/Textures/touchController_albedo.uexp" 776
"../../../Engine/Plugins/Runtime/Oculus/OculusVR/Content/Textures/touchController_albedo.ubulk" 777
"../../../Engine/Plugins/Runtime/Oculus/OculusVR/Content/Textures/touchController_controlmap.uasset" 778
"../../../Engine/Plugins/Runtime/Oculus/OculusVR/Content/Textures/touchController_controlmap.uexp" 779
"../../../Engine/Plugins/Runtime/Oculus/OculusVR/Content/Textures/touchController_controlmap.ubulk" 780
"../../../Engine/Plugins/Runtime/Oculus/OculusVR/Content/Materials/touchController_mat.uasset" 781
"../../../Engine/Plugins/Runtime/Oculus/OculusVR/Content/Materials/touchController_mat.uexp" 782
"../../../Engine/Plugins/Runtime/Oculus/OculusVR/Content/Meshes/LeftTouchController.uasset" 783
"../../../Engine/Plugins/Runtime/Oculus/OculusVR/Content/Meshes/LeftTouchController.uexp" 784
"../../../Engine/Plugins/Runtime/Oculus/OculusVR/Content/Textures/TouchForQuestRiftSController_albedo.uasset" 785
"../../../Engine/Plugins/Runtime/Oculus/OculusVR/Content/Textures/TouchForQuestRiftSController_albedo.uexp" 786
"../../../Engine/Plugins/Runtime/Oculus/OculusVR/Content/Textures/TouchForQuestRiftSController_albedo.ubulk" 787
"../../../Engine/Plugins/Runtime/Oculus/OculusVR/Content/Materials/TouchForQuestRiftSControllerMaterial.uasset" 788
"../../../Engine/Plugins/Runtime/Oculus/OculusVR/Content/Materials/TouchForQuestRiftSControllerMaterial.uexp" 789
"../../../Engine/Plugins/Runtime/Oculus/OculusVR/Content/Meshes/LeftTouchForQuestRiftSController.uasset" 790
"../../../Engine/Plugins/Runtime/Oculus/OculusVR/Content/Meshes/LeftTouchForQuestRiftSController.uexp" 791
"../../../Engine/Plugins/Runtime/Oculus/OculusVR/Content/Meshes/RiftHMD.uasset" 792
"../../../Engine/Plugins/Runtime/Oculus/OculusVR/Content/Meshes/RiftHMD.uexp" 793
"../../../Engine/Plugins/Runtime/Oculus/OculusVR/Content/Meshes/RightTouchController.uasset" 794
"../../../Engine/Plugins/Runtime/Oculus/OculusVR/Content/Meshes/RightTouchController.uexp" 795
"../../../Engine/Plugins/Runtime/Oculus/OculusVR/Content/Meshes/RightTouchForQuestRiftSController.uasset" 796
"../../../Engine/Plugins/Runtime/Oculus/OculusVR/Content/Meshes/RightTouchForQuestRiftSController.uexp" 797
"../../../Engine/Content/BasicShapes/Sphere.uasset" 798
"../../../Engine/Content/BasicShapes/Sphere.uexp" 799
"C:/Users/HTS/Documents/Unreal Projects/Pasantia_Sam/Content/ThirdPersonBP/Maps/ThirdPersonExampleMap_BuiltData.uasset" 800
"C:/Users/HTS/Documents/Unreal Projects/Pasantia_Sam/Content/ThirdPersonBP/Maps/ThirdPersonExampleMap_BuiltData.uexp" 801
"C:/Users/HTS/Documents/Unreal Projects/Pasantia_Sam/Content/ThirdPersonBP/Maps/ThirdPersonExampleMap_BuiltData.ubulk" 802
"C:/Users/HTS/Documents/Unreal Projects/Pasantia_Sam/Content/Widget/Widget3D_Salir.uasset" 803
"C:/Users/HTS/Documents/Unreal Projects/Pasantia_Sam/Content/Widget/Widget3D_Salir.uexp" 804
"C:/Users/HTS/Documents/Unreal Projects/Pasantia_Sam/Content/Widget/Widget3D_Salir_Clase.uasset" 805
"C:/Users/HTS/Documents/Unreal Projects/Pasantia_Sam/Content/Widget/Widget3D_Salir_Clase.uexp" 806
"C:/Users/HTS/Documents/Unreal Projects/Pasantia_Sam/Content/ThirdPerson/Meshes/RampMaterial.uasset" 807
"C:/Users/HTS/Documents/Unreal Projects/Pasantia_Sam/Content/ThirdPerson/Meshes/RampMaterial.uexp" 808
"C:/Users/HTS/Documents/Unreal Projects/Pasantia_Sam/Content/ThirdPerson/Meshes/RightArm_StaticMesh.uasset" 809
"C:/Users/HTS/Documents/Unreal Projects/Pasantia_Sam/Content/ThirdPerson/Meshes/RightArm_StaticMesh.uexp" 810
"C:/Users/HTS/Documents/Unreal Projects/Pasantia_Sam/Content/ThirdPerson/Meshes/Ramp_StaticMesh.uasset" 811
"C:/Users/HTS/Documents/Unreal Projects/Pasantia_Sam/Content/ThirdPerson/Meshes/Ramp_StaticMesh.uexp" 812
"C:/Users/HTS/Documents/Unreal Projects/Pasantia_Sam/Content/ThirdPerson/Meshes/Linear_Stair_StaticMesh.uasset" 813
"C:/Users/HTS/Documents/Unreal Projects/Pasantia_Sam/Content/ThirdPerson/Meshes/Linear_Stair_StaticMesh.uexp" 814
"C:/Users/HTS/Documents/Unreal Projects/Pasantia_Sam/Content/ThirdPerson/Meshes/LeftArm_StaticMesh.uasset" 815
"C:/Users/HTS/Documents/Unreal Projects/Pasantia_Sam/Content/ThirdPerson/Meshes/LeftArm_StaticMesh.uexp" 816
"C:/Users/HTS/Documents/Unreal Projects/Pasantia_Sam/Content/ThirdPerson/Meshes/Bump_StaticMesh.uasset" 817
"C:/Users/HTS/Documents/Unreal Projects/Pasantia_Sam/Content/ThirdPerson/Meshes/Bump_StaticMesh.uexp" 818
"C:/Users/HTS/Documents/Unreal Projects/Pasantia_Sam/Content/StarterContent/Textures/T_Bush_N.uasset" 819
"C:/Users/HTS/Documents/Unreal Projects/Pasantia_Sam/Content/StarterContent/Textures/T_Bush_N.uexp" 820
"C:/Users/HTS/Documents/Unreal Projects/Pasantia_Sam/Content/StarterContent/Textures/T_Bush_N.ubulk" 821
"C:/Users/HTS/Documents/Unreal Projects/Pasantia_Sam/Content/StarterContent/Textures/T_Bush_D.uasset" 822
"C:/Users/HTS/Documents/Unreal Projects/Pasantia_Sam/Content/StarterContent/Textures/T_Bush_D.uexp" 823
"C:/Users/HTS/Documents/Unreal Projects/Pasantia_Sam/Content/StarterContent/Textures/T_Bush_D.ubulk" 824
"C:/Users/HTS/Documents/Unreal Projects/Pasantia_Sam/Content/StarterContent/Props/Materials/M_Bush.uasset" 825
"C:/Users/HTS/Documents/Unreal Projects/Pasantia_Sam/Content/StarterContent/Props/Materials/M_Bush.uexp" 826
"C:/Users/HTS/Documents/Unreal Projects/Pasantia_Sam/Content/StarterContent/Props/SM_MERGED_SM_Bush_8.uasset" 827
"C:/Users/HTS/Documents/Unreal Projects/Pasantia_Sam/Content/StarterContent/Props/SM_MERGED_SM_Bush_8.uexp" 828
"C:/Users/HTS/Documents/Unreal Projects/Pasantia_Sam/Content/StarterContent/Props/Materials/M_MaterialSphere_Plain.uasset" 829
"C:/Users/HTS/Documents/Unreal Projects/Pasantia_Sam/Content/StarterContent/Props/Materials/M_MaterialSphere_Plain.uexp" 830
"C:/Users/HTS/Documents/Unreal Projects/Pasantia_Sam/Content/StarterContent/Props/Materials/M_MaterialSphere.uasset" 831
"C:/Users/HTS/Documents/Unreal Projects/Pasantia_Sam/Content/StarterContent/Props/Materials/M_MaterialSphere.uexp" 832
"C:/Users/HTS/Documents/Unreal Projects/Pasantia_Sam/Content/StarterContent/Props/SM_MatPreviewMesh_02.uasset" 833
"C:/Users/HTS/Documents/Unreal Projects/Pasantia_Sam/Content/StarterContent/Props/SM_MatPreviewMesh_02.uexp" 834
"C:/Users/HTS/Documents/Unreal Projects/Pasantia_Sam/Content/StarterContent/Textures/T_Tech_Hex_Tile_N.uasset" 835
"C:/Users/HTS/Documents/Unreal Projects/Pasantia_Sam/Content/StarterContent/Textures/T_Tech_Hex_Tile_N.uexp" 836
"C:/Users/HTS/Documents/Unreal Projects/Pasantia_Sam/Content/StarterContent/Textures/T_Tech_Hex_Tile_N.ubulk" 837
"C:/Users/HTS/Documents/Unreal Projects/Pasantia_Sam/Content/StarterContent/Textures/T_Tech_Hex_Tile_M.uasset" 838
"C:/Users/HTS/Documents/Unreal Projects/Pasantia_Sam/Content/StarterContent/Textures/T_Tech_Hex_Tile_M.uexp" 839
"C:/Users/HTS/Documents/Unreal Projects/Pasantia_Sam/Content/StarterContent/Textures/T_Tech_Hex_Tile_M.ubulk" 840
"../../../Engine/Content/Functions/Engine_MaterialFunctions02/Utility/BlendAngleCorrectedNormals.uasset" 841
"../../../Engine/Content/Functions/Engine_MaterialFunctions02/Utility/BlendAngleCorrectedNormals.uexp" 842
"C:/Users/HTS/Documents/Unreal Projects/Pasantia_Sam/Content/StarterContent/Materials/M_Tech_Hex_Tile.uasset" 843
"C:/Users/HTS/Documents/Unreal Projects/Pasantia_Sam/Content/StarterContent/Materials/M_Tech_Hex_Tile.uexp" 844
"C:/Users/HTS/Documents/Unreal Projects/Pasantia_Sam/Content/StarterContent/Textures/T_TableRound_N.uasset" 845
"C:/Users/HTS/Documents/Unreal Projects/Pasantia_Sam/Content/StarterContent/Textures/T_TableRound_N.uexp" 846
"C:/Users/HTS/Documents/Unreal Projects/Pasantia_Sam/Content/StarterContent/Textures/T_TableRound_N.ubulk" 847
"C:/Users/HTS/Documents/Unreal Projects/Pasantia_Sam/Content/StarterContent/Textures/T_TableRound_M.uasset" 848
"C:/Users/HTS/Documents/Unreal Projects/Pasantia_Sam/Content/StarterContent/Textures/T_TableRound_M.uexp" 849
"C:/Users/HTS/Documents/Unreal Projects/Pasantia_Sam/Content/StarterContent/Textures/T_TableRound_M.ubulk" 850
"C:/Users/HTS/Documents/Unreal Projects/Pasantia_Sam/Content/StarterContent/Props/Materials/M_TableRound.uasset" 851
"C:/Users/HTS/Documents/Unreal Projects/Pasantia_Sam/Content/StarterContent/Props/Materials/M_TableRound.uexp" 852
"C:/Users/HTS/Documents/Unreal Projects/Pasantia_Sam/Content/StarterContent/Props/SM_TableRound.uasset" 853
"C:/Users/HTS/Documents/Unreal Projects/Pasantia_Sam/Content/StarterContent/Props/SM_TableRound.uexp" 854
"C:/Users/HTS/Documents/Unreal Projects/Pasantia_Sam/Content/StarterContent/Textures/T_Chair_N.uasset" 855
"C:/Users/HTS/Documents/Unreal Projects/Pasantia_Sam/Content/StarterContent/Textures/T_Chair_N.uexp" 856
"C:/Users/HTS/Documents/Unreal Projects/Pasantia_Sam/Content/StarterContent/Textures/T_Chair_N.ubulk" 857
"C:/Users/HTS/Documents/Unreal Projects/Pasantia_Sam/Content/StarterContent/Textures/T_Chair_M.uasset" 858
"C:/Users/HTS/Documents/Unreal Projects/Pasantia_Sam/Content/StarterContent/Textures/T_Chair_M.uexp" 859
"C:/Users/HTS/Documents/Unreal Projects/Pasantia_Sam/Content/StarterContent/Textures/T_Chair_M.ubulk" 860
"C:/Users/HTS/Documents/Unreal Projects/Pasantia_Sam/Content/StarterContent/Props/Materials/M_Chair.uasset" 861
"C:/Users/HTS/Documents/Unreal Projects/Pasantia_Sam/Content/StarterContent/Props/Materials/M_Chair.uexp" 862
"C:/Users/HTS/Documents/Unreal Projects/Pasantia_Sam/Content/StarterContent/Props/SM_Chair.uasset" 863
"C:/Users/HTS/Documents/Unreal Projects/Pasantia_Sam/Content/StarterContent/Props/SM_Chair.uexp" 864
"C:/Users/HTS/Documents/Unreal Projects/Pasantia_Sam/Content/StarterContent/Textures/T_Lamp_N.uasset" 865
"C:/Users/HTS/Documents/Unreal Projects/Pasantia_Sam/Content/StarterContent/Textures/T_Lamp_N.uexp" 866
"C:/Users/HTS/Documents/Unreal Projects/Pasantia_Sam/Content/StarterContent/Textures/T_Lamp_N.ubulk" 867
"C:/Users/HTS/Documents/Unreal Projects/Pasantia_Sam/Content/StarterContent/Textures/T_Lamp_M.uasset" 868
"C:/Users/HTS/Documents/Unreal Projects/Pasantia_Sam/Content/StarterContent/Textures/T_Lamp_M.uexp" 869
"C:/Users/HTS/Documents/Unreal Projects/Pasantia_Sam/Content/StarterContent/Textures/T_Lamp_M.ubulk" 870
"C:/Users/HTS/Documents/Unreal Projects/Pasantia_Sam/Content/StarterContent/Props/Materials/M_Lamp.uasset" 871
"C:/Users/HTS/Documents/Unreal Projects/Pasantia_Sam/Content/StarterContent/Props/Materials/M_Lamp.uexp" 872
"C:/Users/HTS/Documents/Unreal Projects/Pasantia_Sam/Content/StarterContent/Props/SM_Lamp_Ceiling.uasset" 873
"C:/Users/HTS/Documents/Unreal Projects/Pasantia_Sam/Content/StarterContent/Props/SM_Lamp_Ceiling.uexp" 874
"C:/Users/HTS/Documents/Unreal Projects/Pasantia_Sam/Content/StarterContent/Textures/T_Frame_N.uasset" 875
"C:/Users/HTS/Documents/Unreal Projects/Pasantia_Sam/Content/StarterContent/Textures/T_Frame_N.uexp" 876
"C:/Users/HTS/Documents/Unreal Projects/Pasantia_Sam/Content/StarterContent/Textures/T_Frame_N.ubulk" 877
"C:/Users/HTS/Documents/Unreal Projects/Pasantia_Sam/Content/StarterContent/Textures/T_Frame_M.uasset" 878
"C:/Users/HTS/Documents/Unreal Projects/Pasantia_Sam/Content/StarterContent/Textures/T_Frame_M.uexp" 879
"C:/Users/HTS/Documents/Unreal Projects/Pasantia_Sam/Content/StarterContent/Textures/T_Frame_M.ubulk" 880
"C:/Users/HTS/Documents/Unreal Projects/Pasantia_Sam/Content/StarterContent/Props/Materials/M_Frame.uasset" 881
"C:/Users/HTS/Documents/Unreal Projects/Pasantia_Sam/Content/StarterContent/Props/Materials/M_Frame.uexp" 882
"C:/Users/HTS/Documents/Unreal Projects/Pasantia_Sam/Content/StarterContent/Props/SM_CornerFrame.uasset" 883
"C:/Users/HTS/Documents/Unreal Projects/Pasantia_Sam/Content/StarterContent/Props/SM_CornerFrame.uexp" 884
"../../../Engine/Content/Functions/Engine_MaterialFunctions01/Opacity/AlphaOffset.uasset" 885
"../../../Engine/Content/Functions/Engine_MaterialFunctions01/Opacity/AlphaOffset.uexp" 886
"C:/Users/HTS/Documents/Unreal Projects/Pasantia_Sam/Content/StarterContent/Textures/T_Wood_Floor_Walnut_N.uasset" 887
"C:/Users/HTS/Documents/Unreal Projects/Pasantia_Sam/Content/StarterContent/Textures/T_Wood_Floor_Walnut_N.uexp" 888
"C:/Users/HTS/Documents/Unreal Projects/Pasantia_Sam/Content/StarterContent/Textures/T_Wood_Floor_Walnut_N.ubulk" 889
"C:/Users/HTS/Documents/Unreal Projects/Pasantia_Sam/Content/StarterContent/Textures/T_Wood_Floor_Walnut_M.uasset" 890
"C:/Users/HTS/Documents/Unreal Projects/Pasantia_Sam/Content/StarterContent/Textures/T_Wood_Floor_Walnut_M.uexp" 891
"C:/Users/HTS/Documents/Unreal Projects/Pasantia_Sam/Content/StarterContent/Textures/T_Wood_Floor_Walnut_M.ubulk" 892
"C:/Users/HTS/Documents/Unreal Projects/Pasantia_Sam/Content/StarterContent/Textures/T_Wood_Floor_Walnut_D.uasset" 893
"C:/Users/HTS/Documents/Unreal Projects/Pasantia_Sam/Content/StarterContent/Textures/T_Wood_Floor_Walnut_D.uexp" 894
"C:/Users/HTS/Documents/Unreal Projects/Pasantia_Sam/Content/StarterContent/Textures/T_Wood_Floor_Walnut_D.ubulk" 895
"C:/Users/HTS/Documents/Unreal Projects/Pasantia_Sam/Content/StarterContent/Textures/T_MacroVariation.uasset" 896
"C:/Users/HTS/Documents/Unreal Projects/Pasantia_Sam/Content/StarterContent/Textures/T_MacroVariation.uexp" 897
"C:/Users/HTS/Documents/Unreal Projects/Pasantia_Sam/Content/StarterContent/Materials/M_Wood_Floor_Walnut_Worn.uasset" 898
"C:/Users/HTS/Documents/Unreal Projects/Pasantia_Sam/Content/StarterContent/Materials/M_Wood_Floor_Walnut_Worn.uexp" 899
"C:/Users/HTS/Documents/Unreal Projects/Pasantia_Sam/Content/StarterContent/Materials/M_Basic_Wall.uasset" 900
"C:/Users/HTS/Documents/Unreal Projects/Pasantia_Sam/Content/StarterContent/Materials/M_Basic_Wall.uexp" 901
"C:/Users/HTS/Documents/Unreal Projects/Pasantia_Sam/Content/StarterContent/Architecture/Wall_Window_400x300.uasset" 902
"C:/Users/HTS/Documents/Unreal Projects/Pasantia_Sam/Content/StarterContent/Architecture/Wall_Window_400x300.uexp" 903
"C:/Users/HTS/Documents/Unreal Projects/Pasantia_Sam/Content/StarterContent/Architecture/Wall_Door_400x300.uasset" 904
"C:/Users/HTS/Documents/Unreal Projects/Pasantia_Sam/Content/StarterContent/Architecture/Wall_Door_400x300.uexp" 905
"C:/Users/HTS/Documents/Unreal Projects/Pasantia_Sam/Content/StarterContent/Architecture/Wall_400x400.uasset" 906
"C:/Users/HTS/Documents/Unreal Projects/Pasantia_Sam/Content/StarterContent/Architecture/Wall_400x400.uexp" 907
"C:/Users/HTS/Documents/Unreal Projects/Pasantia_Sam/Content/StarterContent/Architecture/Wall_400x300.uasset" 908
"C:/Users/HTS/Documents/Unreal Projects/Pasantia_Sam/Content/StarterContent/Architecture/Wall_400x300.uexp" 909
"C:/Users/HTS/Documents/Unreal Projects/Pasantia_Sam/Content/Personaje/Animaciones/AnimacionesArmas/TomarItem.uasset" 910
"C:/Users/HTS/Documents/Unreal Projects/Pasantia_Sam/Content/Personaje/Animaciones/AnimacionesArmas/TomarItem.uexp" 911
"C:/Users/HTS/Documents/Unreal Projects/Pasantia_Sam/Content/Personaje/Animaciones/AnimacionesArmas/MontageTomar.uasset" 912
"C:/Users/HTS/Documents/Unreal Projects/Pasantia_Sam/Content/Personaje/Animaciones/AnimacionesArmas/MontageTomar.uexp" 913
"../../../Engine/Content/BasicShapes/Cube.uasset" 914
"../../../Engine/Content/BasicShapes/Cube.uexp" 915
"../../../Engine/Content/BasicShapes/BasicShapeMaterial.uasset" 916
"../../../Engine/Content/BasicShapes/BasicShapeMaterial.uexp" 917
"C:/Users/HTS/Documents/Unreal Projects/Pasantia_Sam/Content/Items/Armas/Rifle1/Balas3/006_AmmunitionBox_FinalRenderLow_AmmoBoxTe.uasset" 918
"C:/Users/HTS/Documents/Unreal Projects/Pasantia_Sam/Content/Items/Armas/Rifle1/Balas3/006_AmmunitionBox_FinalRenderLow_AmmoBoxTe.uexp" 919
"C:/Users/HTS/Documents/Unreal Projects/Pasantia_Sam/Content/Items/Armas/Rifle1/Balas3/006_AmmunitionBox_FinalRenderLow_AmmoBoxTe.ubulk" 920
"C:/Users/HTS/Documents/Unreal Projects/Pasantia_Sam/Content/Items/Armas/Rifle1/Balas3/NewMaterial.uasset" 921
"C:/Users/HTS/Documents/Unreal Projects/Pasantia_Sam/Content/Items/Armas/Rifle1/Balas3/NewMaterial.uexp" 922
"C:/Users/HTS/Documents/Unreal Projects/Pasantia_Sam/Content/Items/Armas/Rifle1/Balas3/005_AmmunitionBox_FinalRenderTest_BoxBase_low.uasset" 923
"C:/Users/HTS/Documents/Unreal Projects/Pasantia_Sam/Content/Items/Armas/Rifle1/Balas3/005_AmmunitionBox_FinalRenderTest_BoxBase_low.uexp" 924
"C:/Users/HTS/Documents/Unreal Projects/Pasantia_Sam/Content/Items/Armas/Rifle1/Balas3/MunicionRifle.uasset" 925
"C:/Users/HTS/Documents/Unreal Projects/Pasantia_Sam/Content/Items/Armas/Rifle1/Balas3/MunicionRifle.uexp" 926
"C:/Users/HTS/Documents/Unreal Projects/Pasantia_Sam/Content/Items/Armas/Rifle1/Balas3/MunicionPistola.uasset" 927
"C:/Users/HTS/Documents/Unreal Projects/Pasantia_Sam/Content/Items/Armas/Rifle1/Balas3/MunicionPistola.uexp" 928
"C:/Users/HTS/Documents/Unreal Projects/Pasantia_Sam/Content/Geometry/Meshes/CubeMaterial.uasset" 929
"C:/Users/HTS/Documents/Unreal Projects/Pasantia_Sam/Content/Geometry/Meshes/CubeMaterial.uexp" 930
"C:/Users/HTS/Documents/Unreal Projects/Pasantia_Sam/Content/Geometry/Meshes/TemplateFloor.uasset" 931
"C:/Users/HTS/Documents/Unreal Projects/Pasantia_Sam/Content/Geometry/Meshes/TemplateFloor.uexp" 932
"C:/Users/HTS/Documents/Unreal Projects/Pasantia_Sam/Content/Geometry/Meshes/1M_Cube_Chamfer.uasset" 933
"C:/Users/HTS/Documents/Unreal Projects/Pasantia_Sam/Content/Geometry/Meshes/1M_Cube_Chamfer.uexp" 934
"C:/Users/HTS/Documents/Unreal Projects/Pasantia_Sam/Content/Geometry/Meshes/1M_Cube.uasset" 935
"C:/Users/HTS/Documents/Unreal Projects/Pasantia_Sam/Content/Geometry/Meshes/1M_Cube.uexp" 936
"../../../Engine/Content/EngineSky/T_Sky_Stars.uasset" 937
"../../../Engine/Content/EngineSky/T_Sky_Stars.uexp" 938
"../../../Engine/Content/EngineSky/T_Sky_Stars.ubulk" 939
"../../../Engine/Content/EngineSky/T_Sky_Clouds_M.uasset" 940
"../../../Engine/Content/EngineSky/T_Sky_Clouds_M.uexp" 941
"../../../Engine/Content/EngineSky/T_Sky_Clouds_M.ubulk" 942
"../../../Engine/Content/EngineSky/T_Sky_Blue.uasset" 943
"../../../Engine/Content/EngineSky/T_Sky_Blue.uexp" 944
"../../../Engine/Content/EngineSky/T_Sky_Blue.ubulk" 945
"../../../Engine/Content/EngineSky/M_Sky_Panning_Clouds2.uasset" 946
"../../../Engine/Content/EngineSky/M_Sky_Panning_Clouds2.uexp" 947
"../../../Engine/Content/EngineSky/SM_SkySphere.uasset" 948
"../../../Engine/Content/EngineSky/SM_SkySphere.uexp" 949
"../../../Engine/Content/EngineSky/C_Sky_Zenith_Color.uasset" 950
"../../../Engine/Content/EngineSky/C_Sky_Zenith_Color.uexp" 951
"../../../Engine/Content/EngineSky/C_Sky_Horizon_Color.uasset" 952
"../../../Engine/Content/EngineSky/C_Sky_Horizon_Color.uexp" 953
"../../../Engine/Content/EngineSky/C_Sky_Cloud_Color.uasset" 954
"../../../Engine/Content/EngineSky/C_Sky_Cloud_Color.uexp" 955
"../../../Engine/Content/EngineSky/BP_Sky_Sphere.uasset" 956
"../../../Engine/Content/EngineSky/BP_Sky_Sphere.uexp" 957
"C:/Users/HTS/Documents/Unreal Projects/Pasantia_Sam/Content/ThirdPersonBP/Maps/ThirdPersonExampleMap.uexp" 958
"C:/Users/HTS/Documents/Unreal Projects/Pasantia_Sam/Content/ThirdPersonBP/Maps/ThirdPersonExampleMap.umap" 959
"../../../Engine/Content/Maps/Entry_BuiltData.uasset" 960
"../../../Engine/Content/Maps/Entry_BuiltData.uexp" 961
"../../../Engine/Content/Maps/Entry.uexp" 962
"../../../Engine/Content/Maps/Entry.umap" 963
