Log file open, 01/25/23 00:13:28
LogWindows: Failed to load 'aqProf.dll' (GetLastError=126)
LogWindows: File 'aqProf.dll' does not exist
LogWindows: Failed to load 'VtuneApi.dll' (GetLastError=126)
LogWindows: File 'VtuneApi.dll' does not exist
LogWindows: Failed to load 'VtuneApi32e.dll' (GetLastError=126)
LogWindows: File 'VtuneApi32e.dll' does not exist
LogConsoleResponse: Display: Failed to find resolution value strings in scalability ini. Falling back to default.
LogConsoleResponse: Display: Failed to find resolution value strings in scalability ini. Falling back to default.
LogInit: Display: Running engine for game: Pasantia_Sam
LogPlatformFile: Not using cached read wrapper
LogTaskGraph: Started task graph with 5 named threads and 47 total threads with 3 sets of task threads.
LogStats: Stats thread started at 0.196122
LogICUInternationalization: ICU TimeZone Detection - Raw Offset: -6:00, Platform Override: ''
LogInit: Display: Loading text-based GConfig....
LogPluginManager: Mounting plugin MeshPainting
LogPluginManager: Mounting plugin XGEController
LogPluginManager: Mounting plugin Paper2D
LogPluginManager: Mounting plugin AISupport
LogPluginManager: Mounting plugin EnvironmentQueryEditor
LogPluginManager: Mounting plugin LiveLink
LogPluginManager: Mounting plugin LightPropagationVolume
LogPluginManager: Mounting plugin CameraShakePreviewer
LogPluginManager: Mounting plugin GameplayCameras
LogPluginManager: Mounting plugin OodleData
LogPluginManager: Mounting plugin AnimationSharing
LogPluginManager: Mounting plugin CLionSourceCodeAccess
LogPluginManager: Mounting plugin OodleNetwork
LogPluginManager: Mounting plugin CodeLiteSourceCodeAccess
LogPluginManager: Mounting plugin GitSourceControl
LogPluginManager: Mounting plugin NullSourceCodeAccess
LogPluginManager: Mounting plugin KDevelopSourceCodeAccess
LogPluginManager: Mounting plugin PlasticSourceControl
LogPluginManager: Mounting plugin PixWinPlugin
LogPluginManager: Mounting plugin PerforceSourceControl
LogPluginManager: Mounting plugin PropertyAccessNode
LogPluginManager: Mounting plugin SubversionSourceControl
LogPluginManager: Mounting plugin PluginUtils
LogPluginManager: Mounting plugin RiderSourceCodeAccess
LogPluginManager: Mounting plugin TextureFormatOodle
LogPluginManager: Mounting plugin VisualStudioCodeSourceCodeAccess
LogPluginManager: Mounting plugin XCodeSourceCodeAccess
LogPluginManager: Mounting plugin VisualStudioSourceCodeAccess
LogPluginManager: Mounting plugin UObjectPlugin
LogPluginManager: Mounting plugin DatasmithContent
LogPluginManager: Mounting plugin VariantManagerContent
LogPluginManager: Mounting plugin AssetManagerEditor
LogPluginManager: Mounting plugin DataValidation
LogPluginManager: Mounting plugin CryptoKeys
LogPluginManager: Mounting plugin CurveEditorTools
LogPluginManager: Mounting plugin GeometryMode
LogPluginManager: Mounting plugin FacialAnimation
LogPluginManager: Mounting plugin GameplayTagsEditor
LogPluginManager: Mounting plugin MaterialAnalyzer
LogPluginManager: Mounting plugin MacGraphicsSwitching
LogPluginManager: Mounting plugin SpeedTreeImporter
LogPluginManager: Mounting plugin MobileLauncherProfileWizard
LogPluginManager: Mounting plugin StylusInput
LogPluginManager: Mounting plugin PluginBrowser
LogPluginManager: Mounting plugin Niagara
LogPluginManager: Mounting plugin LuminPlatformFeatures
LogPluginManager: Mounting plugin MagicLeap
LogPluginManager: Mounting plugin MagicLeapLightEstimation
LogPluginManager: Mounting plugin MagicLeapMedia
LogPluginManager: Mounting plugin MagicLeapPassableWorld
LogPluginManager: Mounting plugin MLSDK
LogPluginManager: Mounting plugin AlembicImporter
LogPluginManager: Mounting plugin AutomationUtils
LogPluginManager: Mounting plugin BackChannel
LogPluginManager: Mounting plugin ChaosClothEditor
LogPluginManager: Mounting plugin ChaosCloth
LogPluginManager: Mounting plugin ChaosEditor
LogPluginManager: Mounting plugin ChaosNiagara
LogPluginManager: Mounting plugin ChaosSolverPlugin
LogPluginManager: Mounting plugin CharacterAI
LogPluginManager: Mounting plugin GeometryCache
LogPluginManager: Mounting plugin GeometryCollectionPlugin
LogPluginManager: Mounting plugin GeometryProcessing
LogPluginManager: Mounting plugin ModelingToolsEditorMode
LogPluginManager: Mounting plugin MeshModelingToolset
LogPluginManager: Mounting plugin MotoSynth
LogPluginManager: Mounting plugin OpenImageDenoise
LogPluginManager: Mounting plugin PlanarCut
LogPluginManager: Mounting plugin ProxyLODPlugin
LogPluginManager: Mounting plugin PlatformCrypto
LogPluginManager: Mounting plugin PythonScriptPlugin
LogPluginManager: Mounting plugin TcpMessaging
LogPluginManager: Mounting plugin SkeletalReduction
LogPluginManager: Mounting plugin AndroidMedia
LogPluginManager: Mounting plugin AvfMedia
LogPluginManager: Mounting plugin UdpMessaging
LogPluginManager: Mounting plugin ActorSequence
LogPluginManager: Mounting plugin LevelSequenceEditor
LogPluginManager: Mounting plugin MatineeToLevelSequence
LogPluginManager: Mounting plugin TemplateSequence
LogPluginManager: Mounting plugin ImgMedia
LogPluginManager: Mounting plugin MediaCompositing
LogPluginManager: Mounting plugin MediaPlayerEditor
LogPluginManager: Mounting plugin WebMMedia
LogPluginManager: Mounting plugin WmfMedia
LogPluginManager: Mounting plugin OnlineSubsystem
LogPluginManager: Mounting plugin OnlineSubsystemNull
LogPluginManager: Mounting plugin OnlineSubsystemUtils
LogPluginManager: Mounting plugin LauncherChunkInstaller
LogPluginManager: Mounting plugin ActorLayerUtilities
LogPluginManager: Mounting plugin AndroidPermission
LogPluginManager: Mounting plugin AndroidDeviceProfileSelector
LogPluginManager: Mounting plugin AndroidMoviePlayer
LogPluginManager: Mounting plugin AppleImageUtils
LogPluginManager: Mounting plugin AppleMoviePlayer
LogPluginManager: Mounting plugin ArchVisCharacter
LogPluginManager: Mounting plugin AudioCapture
LogPluginManager: Mounting plugin AssetTags
LogPluginManager: Mounting plugin AudioSynesthesia
LogPluginManager: Mounting plugin ChunkDownloader
LogPluginManager: Mounting plugin CableComponent
LogPluginManager: Mounting plugin CustomMeshComponent
LogPluginManager: Mounting plugin EditableMesh
LogPluginManager: Mounting plugin ExampleDeviceProfileSelector
LogPluginManager: Mounting plugin GoogleCloudMessaging
LogPluginManager: Mounting plugin HairStrands
LogPluginManager: Mounting plugin GooglePAD
LogPluginManager: Mounting plugin ScreenshotTools
LogPluginManager: Mounting plugin IOSDeviceProfileSelector
LogPluginManager: Mounting plugin LinuxDeviceProfileSelector
LogPluginManager: Mounting plugin LocationServicesBPLibrary
LogPluginManager: Mounting plugin MobilePatchingUtils
LogPluginManager: Mounting plugin PhysXVehicles
LogPluginManager: Mounting plugin OpenXREyeTracker
LogPluginManager: Mounting plugin OpenXR
LogPluginManager: Mounting plugin OpenXRHandTracking
LogPluginManager: Mounting plugin PostSplashScreen
LogPluginManager: Mounting plugin Takes
LogPluginManager: Mounting plugin PropertyAccessEditor
LogPluginManager: Mounting plugin ProceduralMeshComponent
LogPluginManager: Mounting plugin SignificanceManager
LogPluginManager: Mounting plugin SoundFields
LogPluginManager: Mounting plugin RuntimePhysXCooking
LogPluginManager: Mounting plugin Synthesis
LogPluginManager: Mounting plugin WebMMoviePlayer
LogPluginManager: Mounting plugin WindowsMoviePlayer
LogPluginManager: Mounting plugin ContentBrowserAssetDataSource
LogPluginManager: Mounting plugin ContentBrowserClassDataSource
LogPluginManager: Mounting plugin ContentBrowserFileDataSource
LogPluginManager: Mounting plugin OnlineSubsystemGooglePlay
LogPluginManager: Mounting plugin OnlineSubsystemIOS
LogPluginManager: Mounting plugin OculusVR
LogPluginManager: Mounting plugin SteamVR
PixWinPlugin: PIX capture plugin failed to initialize! Check that the process is launched from PIX.
LogInit: Using libcurl 7.55.1-DEV
LogInit:  - built for x86_64-pc-win32
LogInit:  - supports SSL with OpenSSL/1.1.1
LogInit:  - supports HTTP deflate (compression) using libz 1.2.8
LogInit:  - other features:
LogInit:      CURL_VERSION_SSL
LogInit:      CURL_VERSION_LIBZ
LogInit:      CURL_VERSION_IPV6
LogInit:      CURL_VERSION_ASYNCHDNS
LogInit:      CURL_VERSION_LARGEFILE
LogInit:      CURL_VERSION_IDN
LogInit:  CurlRequestOptions (configurable via config and command line):
LogInit:  - bVerifyPeer = true  - Libcurl will verify peer certificate
LogInit:  - bUseHttpProxy = false  - Libcurl will NOT use HTTP proxy
LogInit:  - bDontReuseConnections = false  - Libcurl will reuse connections
LogInit:  - MaxHostConnections = 16  - Libcurl will limit the number of connections to a host
LogInit:  - LocalHostAddr = Default
LogInit:  - BufferSize = 65536
LogOnline: OSS: Creating online subsystem instance for: NULL
LogInit: WinSock: version 1.1 (2.2), MaxSocks=32767, MaxUdp=65467
LogOnline: OSS: TryLoadSubsystemAndSetDefault: Loaded subsystem for module [NULL]
LogOculusPluginWrapper: OculusPlugin initialized successfully
LogHMD: Failed initializing OVRPlugin 1.59.0
LogInit: Build: ++UE4+Release-4.27-CL-18319896
LogInit: Engine Version: 4.27.2-18319896+++UE4+Release-4.27
LogInit: Compatible Engine Version: 4.27.0-17155196+++UE4+Release-4.27
LogInit: Net CL: 17155196
LogInit: OS: Windows 10 (Release 2009) (), CPU: Intel(R) Core(TM) i7-10700 CPU @ 2.90GHz, GPU: NVIDIA GeForce RTX 2060
LogInit: Compiled (64-bit): Nov 30 2021 07:12:08
LogInit: Compiled with Visual C++: 19.24.28315.00
LogInit: Build Configuration: Development
LogInit: Branch Name: ++UE4+Release-4.27
LogInit: Command Line: 
LogInit: Base Directory: C:/Program Files/UE_4.27/Engine/Binaries/Win64/
LogInit: Allocator: TBB
LogInit: Installed Engine Build: 1
LogDevObjectVersion: Number of dev versions registered: 29
LogDevObjectVersion:   Dev-Blueprints (B0D832E4-1F89-4F0D-ACCF-7EB736FD4AA2): 10
LogDevObjectVersion:   Dev-Build (E1C64328-A22C-4D53-A36C-8E866417BD8C): 0
LogDevObjectVersion:   Dev-Core (375EC13C-06E4-48FB-B500-84F0262A717E): 4
LogDevObjectVersion:   Dev-Editor (E4B068ED-F494-42E9-A231-DA0B2E46BB41): 40
LogDevObjectVersion:   Dev-Framework (CFFC743F-43B0-4480-9391-14DF171D2073): 37
LogDevObjectVersion:   Dev-Mobile (B02B49B5-BB20-44E9-A304-32B752E40360): 3
LogDevObjectVersion:   Dev-Networking (A4E4105C-59A1-49B5-A7C5-40C4547EDFEE): 0
LogDevObjectVersion:   Dev-Online (39C831C9-5AE6-47DC-9A44-9C173E1C8E7C): 0
LogDevObjectVersion:   Dev-Physics (78F01B33-EBEA-4F98-B9B4-84EACCB95AA2): 14
LogDevObjectVersion:   Dev-Platform (6631380F-2D4D-43E0-8009-CF276956A95A): 0
LogDevObjectVersion:   Dev-Rendering (12F88B9F-8875-4AFC-A67C-D90C383ABD29): 45
LogDevObjectVersion:   Dev-Sequencer (7B5AE74C-D270-4C10-A958-57980B212A5A): 13
LogDevObjectVersion:   Dev-VR (D7296918-1DD6-4BDD-9DE2-64A83CC13884): 3
LogDevObjectVersion:   Dev-LoadTimes (C2A15278-BFE7-4AFE-6C17-90FF531DF755): 1
LogDevObjectVersion:   Private-Geometry (6EACA3D4-40EC-4CC1-B786-8BED09428FC5): 3
LogDevObjectVersion:   Dev-AnimPhys (29E575DD-E0A3-4627-9D10-D276232CDCEA): 17
LogDevObjectVersion:   Dev-Anim (AF43A65D-7FD3-4947-9873-3E8ED9C1BB05): 15
LogDevObjectVersion:   Dev-ReflectionCapture (6B266CEC-1EC7-4B8F-A30B-E4D90942FC07): 1
LogDevObjectVersion:   Dev-Automation (0DF73D61-A23F-47EA-B727-89E90C41499A): 1
LogDevObjectVersion:   FortniteMain (601D1886-AC64-4F84-AA16-D3DE0DEAC7D6): 47
LogDevObjectVersion:   FortniteRelease (E7086368-6B23-4C58-8439-1B7016265E91): 1
LogDevObjectVersion:   Dev-Enterprise (9DFFBCD6-494F-0158-E221-12823C92A888): 10
LogDevObjectVersion:   Dev-Niagara (F2AED0AC-9AFE-416F-8664-AA7FFA26D6FC): 1
LogDevObjectVersion:   Dev-Destruction (174F1F0B-B4C6-45A5-B13F-2EE8D0FB917D): 10
LogDevObjectVersion:   Dev-Physics-Ext (35F94A83-E258-406C-A318-09F59610247C): 41
LogDevObjectVersion:   Dev-PhysicsMaterial-Chaos (B68FC16E-8B1B-42E2-B453-215C058844FE): 1
LogDevObjectVersion:   Dev-CineCamera (B2E18506-4273-CFC2-A54E-F4BB758BBA07): 1
LogDevObjectVersion:   Dev-VirtualProduction (64F58936-FD1B-42BA-BA96-7289D5D0FA4E): 1
LogDevObjectVersion:   Dev-MediaFramework (6F0ED827-A609-4895-9C91-998D90180EA4): 2
LogInit: Presizing for max 25165824 objects, including 0 objects not considered by GC, pre-allocating 0 bytes for permanent pool.
LogConfig: Applying CVar settings from Section [/Script/Engine.StreamingSettings] File [C:/Users/HTS/Documents/Unreal Projects/Pasantia_Sam/Saved/Config/Windows/Engine.ini]
LogConfig: Setting CVar [[s.MinBulkDataSizeForAsyncLoading:131072]]
LogConfig: Setting CVar [[s.AsyncLoadingThreadEnabled:0]]
LogConfig: Setting CVar [[s.EventDrivenLoaderEnabled:1]]
LogConfig: Setting CVar [[s.WarnIfTimeLimitExceeded:0]]
LogConfig: Setting CVar [[s.TimeLimitExceededMultiplier:1.5]]
LogConfig: Setting CVar [[s.TimeLimitExceededMinTime:0.005]]
LogConfig: Setting CVar [[s.UseBackgroundLevelStreaming:1]]
LogConfig: Setting CVar [[s.PriorityAsyncLoadingExtraTime:15.0]]
LogConfig: Setting CVar [[s.LevelStreamingActorsUpdateTimeLimit:5.0]]
LogConfig: Setting CVar [[s.PriorityLevelStreamingActorsUpdateExtraTime:5.0]]
LogConfig: Setting CVar [[s.LevelStreamingComponentsRegistrationGranularity:10]]
LogConfig: Setting CVar [[s.UnregisterComponentsTimeLimit:1.0]]
LogConfig: Setting CVar [[s.LevelStreamingComponentsUnregistrationGranularity:5]]
LogConfig: Setting CVar [[s.FlushStreamingOnExit:1]]
LogInit: Object subsystem initialized
LogConfig: Setting CVar [[con.DebugEarlyDefault:1]]
LogConfig: Setting CVar [[r.setres:1280x720]]
LogConfig: Setting CVar [[fx.NiagaraAllowRuntimeScalabilityChanges:1]]
[2023.01.25-06.13.28:438][  0]LogConfig: Setting CVar [[r.VSync:0]]
[2023.01.25-06.13.28:438][  0]LogConfig: Setting CVar [[r.RHICmdBypass:0]]
[2023.01.25-06.13.28:438][  0]LogConfig: Applying CVar settings from Section [/Script/Engine.RendererSettings] File [C:/Users/HTS/Documents/Unreal Projects/Pasantia_Sam/Saved/Config/Windows/Engine.ini]
[2023.01.25-06.13.28:438][  0]LogConfig: Setting CVar [[r.GPUCrashDebugging:0]]
[2023.01.25-06.13.28:438][  0]LogConfig: Applying CVar settings from Section [/Script/Engine.RendererOverrideSettings] File [C:/Users/HTS/Documents/Unreal Projects/Pasantia_Sam/Saved/Config/Windows/Engine.ini]
[2023.01.25-06.13.28:438][  0]LogConfig: Applying CVar settings from Section [/Script/Engine.StreamingSettings] File [C:/Users/HTS/Documents/Unreal Projects/Pasantia_Sam/Saved/Config/Windows/Engine.ini]
[2023.01.25-06.13.28:438][  0]LogConfig: Setting CVar [[s.MinBulkDataSizeForAsyncLoading:131072]]
[2023.01.25-06.13.28:438][  0]LogConfig: Setting CVar [[s.AsyncLoadingThreadEnabled:0]]
[2023.01.25-06.13.28:438][  0]LogConfig: Setting CVar [[s.EventDrivenLoaderEnabled:1]]
[2023.01.25-06.13.28:438][  0]LogConfig: Setting CVar [[s.WarnIfTimeLimitExceeded:0]]
[2023.01.25-06.13.28:438][  0]LogConfig: Setting CVar [[s.TimeLimitExceededMultiplier:1.5]]
[2023.01.25-06.13.28:438][  0]LogConfig: Setting CVar [[s.TimeLimitExceededMinTime:0.005]]
[2023.01.25-06.13.28:438][  0]LogConfig: Setting CVar [[s.UseBackgroundLevelStreaming:1]]
[2023.01.25-06.13.28:438][  0]LogConfig: Setting CVar [[s.PriorityAsyncLoadingExtraTime:15.0]]
[2023.01.25-06.13.28:438][  0]LogConfig: Setting CVar [[s.LevelStreamingActorsUpdateTimeLimit:5.0]]
[2023.01.25-06.13.28:438][  0]LogConfig: Setting CVar [[s.PriorityLevelStreamingActorsUpdateExtraTime:5.0]]
[2023.01.25-06.13.28:438][  0]LogConfig: Setting CVar [[s.LevelStreamingComponentsRegistrationGranularity:10]]
[2023.01.25-06.13.28:438][  0]LogConfig: Setting CVar [[s.UnregisterComponentsTimeLimit:1.0]]
[2023.01.25-06.13.28:438][  0]LogConfig: Setting CVar [[s.LevelStreamingComponentsUnregistrationGranularity:5]]
[2023.01.25-06.13.28:438][  0]LogConfig: Setting CVar [[s.FlushStreamingOnExit:1]]
[2023.01.25-06.13.28:438][  0]LogConfig: Applying CVar settings from Section [/Script/Engine.GarbageCollectionSettings] File [C:/Users/HTS/Documents/Unreal Projects/Pasantia_Sam/Saved/Config/Windows/Engine.ini]
[2023.01.25-06.13.28:438][  0]LogConfig: Setting CVar [[gc.MaxObjectsNotConsideredByGC:1]]
[2023.01.25-06.13.28:438][  0]LogConfig: Setting CVar [[gc.SizeOfPermanentObjectPool:0]]
[2023.01.25-06.13.28:438][  0]LogConfig: Setting CVar [[gc.FlushStreamingOnGC:0]]
[2023.01.25-06.13.28:438][  0]LogConfig: Setting CVar [[gc.NumRetriesBeforeForcingGC:10]]
[2023.01.25-06.13.28:438][  0]LogConfig: Setting CVar [[gc.AllowParallelGC:1]]
[2023.01.25-06.13.28:438][  0]LogConfig: Setting CVar [[gc.TimeBetweenPurgingPendingKillObjects:61.1]]
[2023.01.25-06.13.28:438][  0]LogConfig: Setting CVar [[gc.MaxObjectsInEditor:25165824]]
[2023.01.25-06.13.28:438][  0]LogConfig: Setting CVar [[gc.IncrementalBeginDestroyEnabled:1]]
[2023.01.25-06.13.28:438][  0]LogConfig: Setting CVar [[gc.CreateGCClusters:1]]
[2023.01.25-06.13.28:438][  0]LogConfig: Setting CVar [[gc.MinGCClusterSize:5]]
[2023.01.25-06.13.28:438][  0]LogConfig: Setting CVar [[gc.ActorClusteringEnabled:0]]
[2023.01.25-06.13.28:438][  0]LogConfig: Setting CVar [[gc.BlueprintClusteringEnabled:0]]
[2023.01.25-06.13.28:438][  0]LogConfig: Setting CVar [[gc.UseDisregardForGCOnDedicatedServers:0]]
[2023.01.25-06.13.28:438][  0]LogConfig: Setting CVar [[gc.MultithreadedDestructionEnabled:1]]
[2023.01.25-06.13.28:438][  0]LogConfig: Applying CVar settings from Section [/Script/Engine.NetworkSettings] File [C:/Users/HTS/Documents/Unreal Projects/Pasantia_Sam/Saved/Config/Windows/Engine.ini]
[2023.01.25-06.13.28:438][  0]LogConfig: Applying CVar settings from Section [/Script/UnrealEd.CookerSettings] File [C:/Users/HTS/Documents/Unreal Projects/Pasantia_Sam/Saved/Config/Windows/Engine.ini]
[2023.01.25-06.13.28:442][  0]LogConfig: Applying CVar settings from Section [ViewDistanceQuality@3] File [C:/Users/HTS/Documents/Unreal Projects/Pasantia_Sam/Saved/Config/Windows/Scalability.ini]
[2023.01.25-06.13.28:442][  0]LogConfig: Setting CVar [[r.SkeletalMeshLODBias:0]]
[2023.01.25-06.13.28:442][  0]LogConfig: Setting CVar [[r.ViewDistanceScale:1.0]]
[2023.01.25-06.13.28:442][  0]LogConfig: Applying CVar settings from Section [AntiAliasingQuality@3] File [C:/Users/HTS/Documents/Unreal Projects/Pasantia_Sam/Saved/Config/Windows/Scalability.ini]
[2023.01.25-06.13.28:442][  0]LogConfig: Setting CVar [[r.PostProcessAAQuality:4]]
[2023.01.25-06.13.28:442][  0]LogConfig: Applying CVar settings from Section [ShadowQuality@3] File [C:/Users/HTS/Documents/Unreal Projects/Pasantia_Sam/Saved/Config/Windows/Scalability.ini]
[2023.01.25-06.13.28:442][  0]LogConfig: Setting CVar [[r.LightFunctionQuality:1]]
[2023.01.25-06.13.28:442][  0]LogConfig: Setting CVar [[r.ShadowQuality:5]]
[2023.01.25-06.13.28:442][  0]LogConfig: Setting CVar [[r.Shadow.CSM.MaxCascades:10]]
[2023.01.25-06.13.28:442][  0]LogConfig: Setting CVar [[r.Shadow.MaxResolution:2048]]
[2023.01.25-06.13.28:442][  0]LogConfig: Setting CVar [[r.Shadow.MaxCSMResolution:2048]]
[2023.01.25-06.13.28:442][  0]LogConfig: Setting CVar [[r.Shadow.RadiusThreshold:0.01]]
[2023.01.25-06.13.28:442][  0]LogConfig: Setting CVar [[r.Shadow.DistanceScale:1.0]]
[2023.01.25-06.13.28:442][  0]LogConfig: Setting CVar [[r.Shadow.CSM.TransitionScale:1.0]]
[2023.01.25-06.13.28:442][  0]LogConfig: Setting CVar [[r.Shadow.PreShadowResolutionFactor:1.0]]
[2023.01.25-06.13.28:442][  0]LogConfig: Setting CVar [[r.DistanceFieldShadowing:1]]
[2023.01.25-06.13.28:442][  0]LogConfig: Setting CVar [[r.DistanceFieldAO:1]]
[2023.01.25-06.13.28:442][  0]LogConfig: Setting CVar [[r.AOQuality:2]]
[2023.01.25-06.13.28:442][  0]LogConfig: Setting CVar [[r.VolumetricFog:1]]
[2023.01.25-06.13.28:442][  0]LogConfig: Setting CVar [[r.VolumetricFog.GridPixelSize:8]]
[2023.01.25-06.13.28:442][  0]LogConfig: Setting CVar [[r.VolumetricFog.GridSizeZ:128]]
[2023.01.25-06.13.28:442][  0]LogConfig: Setting CVar [[r.VolumetricFog.HistoryMissSupersampleCount:4]]
[2023.01.25-06.13.28:442][  0]LogConfig: Setting CVar [[r.LightMaxDrawDistanceScale:1]]
[2023.01.25-06.13.28:442][  0]LogConfig: Setting CVar [[r.CapsuleShadows:1]]
[2023.01.25-06.13.28:442][  0]LogConfig: Applying CVar settings from Section [PostProcessQuality@3] File [C:/Users/HTS/Documents/Unreal Projects/Pasantia_Sam/Saved/Config/Windows/Scalability.ini]
[2023.01.25-06.13.28:442][  0]LogConfig: Setting CVar [[r.MotionBlurQuality:4]]
[2023.01.25-06.13.28:442][  0]LogConfig: Setting CVar [[r.AmbientOcclusionMipLevelFactor:0.4]]
[2023.01.25-06.13.28:442][  0]LogConfig: Setting CVar [[r.AmbientOcclusionMaxQuality:100]]
[2023.01.25-06.13.28:442][  0]LogConfig: Setting CVar [[r.AmbientOcclusionLevels:-1]]
[2023.01.25-06.13.28:442][  0]LogConfig: Setting CVar [[r.AmbientOcclusionRadiusScale:1.0]]
[2023.01.25-06.13.28:442][  0]LogConfig: Setting CVar [[r.DepthOfFieldQuality:2]]
[2023.01.25-06.13.28:442][  0]LogConfig: Setting CVar [[r.RenderTargetPoolMin:400]]
[2023.01.25-06.13.28:442][  0]LogConfig: Setting CVar [[r.LensFlareQuality:2]]
[2023.01.25-06.13.28:442][  0]LogConfig: Setting CVar [[r.SceneColorFringeQuality:1]]
[2023.01.25-06.13.28:442][  0]LogConfig: Setting CVar [[r.EyeAdaptationQuality:2]]
[2023.01.25-06.13.28:442][  0]LogConfig: Setting CVar [[r.BloomQuality:5]]
[2023.01.25-06.13.28:442][  0]LogConfig: Setting CVar [[r.FastBlurThreshold:100]]
[2023.01.25-06.13.28:442][  0]LogConfig: Setting CVar [[r.Upscale.Quality:3]]
[2023.01.25-06.13.28:442][  0]LogConfig: Setting CVar [[r.Tonemapper.GrainQuantization:1]]
[2023.01.25-06.13.28:442][  0]LogConfig: Setting CVar [[r.LightShaftQuality:1]]
[2023.01.25-06.13.28:442][  0]LogConfig: Setting CVar [[r.Filter.SizeScale:1]]
[2023.01.25-06.13.28:442][  0]LogConfig: Setting CVar [[r.Tonemapper.Quality:5]]
[2023.01.25-06.13.28:442][  0]LogConfig: Setting CVar [[r.DOF.Gather.AccumulatorQuality:1        ; higher gathering accumulator quality]]
[2023.01.25-06.13.28:442][  0]LogConfig: Setting CVar [[r.DOF.Gather.PostfilterMethod:1          ; Median3x3 postfilering method]]
[2023.01.25-06.13.28:442][  0]LogConfig: Setting CVar [[r.DOF.Gather.EnableBokehSettings:0       ; no bokeh simulation when gathering]]
[2023.01.25-06.13.28:442][  0]LogConfig: Setting CVar [[r.DOF.Gather.RingCount:4                 ; medium number of samples when gathering]]
[2023.01.25-06.13.28:442][  0]LogConfig: Setting CVar [[r.DOF.Scatter.ForegroundCompositing:1    ; additive foreground scattering]]
[2023.01.25-06.13.28:442][  0]LogConfig: Setting CVar [[r.DOF.Scatter.BackgroundCompositing:2    ; additive background scattering]]
[2023.01.25-06.13.28:442][  0]LogConfig: Setting CVar [[r.DOF.Scatter.EnableBokehSettings:1      ; bokeh simulation when scattering]]
[2023.01.25-06.13.28:442][  0]LogConfig: Setting CVar [[r.DOF.Scatter.MaxSpriteRatio:0.1         ; only a maximum of 10% of scattered bokeh]]
[2023.01.25-06.13.28:442][  0]LogConfig: Setting CVar [[r.DOF.Recombine.Quality:1                ; cheap slight out of focus]]
[2023.01.25-06.13.28:442][  0]LogConfig: Setting CVar [[r.DOF.Recombine.EnableBokehSettings:0    ; no bokeh simulation on slight out of focus]]
[2023.01.25-06.13.28:442][  0]LogConfig: Setting CVar [[r.DOF.TemporalAAQuality:1                ; more stable temporal accumulation]]
[2023.01.25-06.13.28:442][  0]LogConfig: Setting CVar [[r.DOF.Kernel.MaxForegroundRadius:0.025]]
[2023.01.25-06.13.28:442][  0]LogConfig: Setting CVar [[r.DOF.Kernel.MaxBackgroundRadius:0.025]]
[2023.01.25-06.13.28:442][  0]LogConfig: Applying CVar settings from Section [TextureQuality@3] File [C:/Users/HTS/Documents/Unreal Projects/Pasantia_Sam/Saved/Config/Windows/Scalability.ini]
[2023.01.25-06.13.28:442][  0]LogConfig: Setting CVar [[r.Streaming.MipBias:0]]
[2023.01.25-06.13.28:442][  0]LogConfig: Setting CVar [[r.Streaming.AmortizeCPUToGPUCopy:0]]
[2023.01.25-06.13.28:442][  0]LogConfig: Setting CVar [[r.Streaming.MaxNumTexturesToStreamPerFrame:0]]
[2023.01.25-06.13.28:442][  0]LogConfig: Setting CVar [[r.Streaming.Boost:1]]
[2023.01.25-06.13.28:442][  0]LogConfig: Setting CVar [[r.MaxAnisotropy:8]]
[2023.01.25-06.13.28:442][  0]LogConfig: Setting CVar [[r.VT.MaxAnisotropy:8]]
[2023.01.25-06.13.28:442][  0]LogConfig: Setting CVar [[r.Streaming.LimitPoolSizeToVRAM:0]]
[2023.01.25-06.13.28:442][  0]LogConfig: Setting CVar [[r.Streaming.PoolSize:1000]]
[2023.01.25-06.13.28:442][  0]LogConfig: Setting CVar [[r.Streaming.MaxEffectiveScreenSize:0]]
[2023.01.25-06.13.28:442][  0]LogConfig: Applying CVar settings from Section [EffectsQuality@3] File [C:/Users/HTS/Documents/Unreal Projects/Pasantia_Sam/Saved/Config/Windows/Scalability.ini]
[2023.01.25-06.13.28:442][  0]LogConfig: Setting CVar [[r.TranslucencyLightingVolumeDim:64]]
[2023.01.25-06.13.28:442][  0]LogConfig: Setting CVar [[r.RefractionQuality:2]]
[2023.01.25-06.13.28:442][  0]LogConfig: Setting CVar [[r.SSR.Quality:3]]
[2023.01.25-06.13.28:442][  0]LogConfig: Setting CVar [[r.SSR.HalfResSceneColor:0]]
[2023.01.25-06.13.28:442][  0]LogConfig: Setting CVar [[r.SceneColorFormat:4]]
[2023.01.25-06.13.28:442][  0]LogConfig: Setting CVar [[r.DetailMode:2]]
[2023.01.25-06.13.28:442][  0]LogConfig: Setting CVar [[r.TranslucencyVolumeBlur:1]]
[2023.01.25-06.13.28:442][  0]LogConfig: Setting CVar [[r.MaterialQualityLevel:1 ; High quality]]
[2023.01.25-06.13.28:442][  0]LogConfig: Setting CVar [[r.AnisotropicMaterials:1]]
[2023.01.25-06.13.28:442][  0]LogConfig: Setting CVar [[r.SSS.Scale:1]]
[2023.01.25-06.13.28:442][  0]LogConfig: Setting CVar [[r.SSS.SampleSet:2]]
[2023.01.25-06.13.28:442][  0]LogConfig: Setting CVar [[r.SSS.Quality:1]]
[2023.01.25-06.13.28:442][  0]LogConfig: Setting CVar [[r.SSS.HalfRes:0]]
[2023.01.25-06.13.28:442][  0]LogConfig: Setting CVar [[r.SSGI.Quality:3]]
[2023.01.25-06.13.28:442][  0]LogConfig: Setting CVar [[r.EmitterSpawnRateScale:1.0]]
[2023.01.25-06.13.28:442][  0]LogConfig: Setting CVar [[r.ParticleLightQuality:2]]
[2023.01.25-06.13.28:442][  0]LogConfig: Setting CVar [[r.SkyAtmosphere.AerialPerspectiveLUT.FastApplyOnOpaque:1 ; Always have FastSkyLUT 1 in this case to avoid wrong sky]]
[2023.01.25-06.13.28:442][  0]LogConfig: Setting CVar [[r.SkyAtmosphere.AerialPerspectiveLUT.SampleCountMaxPerSlice:4]]
[2023.01.25-06.13.28:442][  0]LogConfig: Setting CVar [[r.SkyAtmosphere.AerialPerspectiveLUT.DepthResolution:16.0]]
[2023.01.25-06.13.28:442][  0]LogConfig: Setting CVar [[r.SkyAtmosphere.FastSkyLUT:1]]
[2023.01.25-06.13.28:442][  0]LogConfig: Setting CVar [[r.SkyAtmosphere.FastSkyLUT.SampleCountMin:4.0]]
[2023.01.25-06.13.28:442][  0]LogConfig: Setting CVar [[r.SkyAtmosphere.FastSkyLUT.SampleCountMax:128.0]]
[2023.01.25-06.13.28:442][  0]LogConfig: Setting CVar [[r.SkyAtmosphere.SampleCountMin:4.0]]
[2023.01.25-06.13.28:442][  0]LogConfig: Setting CVar [[r.SkyAtmosphere.SampleCountMax:128.0]]
[2023.01.25-06.13.28:442][  0]LogConfig: Setting CVar [[r.SkyAtmosphere.TransmittanceLUT.UseSmallFormat:0]]
[2023.01.25-06.13.28:442][  0]LogConfig: Setting CVar [[r.SkyAtmosphere.TransmittanceLUT.SampleCount:10.0]]
[2023.01.25-06.13.28:442][  0]LogConfig: Setting CVar [[r.SkyAtmosphere.MultiScatteringLUT.SampleCount:15.0]]
[2023.01.25-06.13.28:442][  0]LogConfig: Setting CVar [[r.SkyLight.RealTimeReflectionCapture:1]]
[2023.01.25-06.13.28:442][  0]LogConfig: Setting CVar [[fx.Niagara.QualityLevel:3]]
[2023.01.25-06.13.28:442][  0]LogConfig: Applying CVar settings from Section [FoliageQuality@3] File [C:/Users/HTS/Documents/Unreal Projects/Pasantia_Sam/Saved/Config/Windows/Scalability.ini]
[2023.01.25-06.13.28:442][  0]LogConfig: Setting CVar [[foliage.DensityScale:1.0]]
[2023.01.25-06.13.28:442][  0]LogConfig: Setting CVar [[grass.DensityScale:1.0]]
[2023.01.25-06.13.28:442][  0]LogConfig: Applying CVar settings from Section [ShadingQuality@3] File [C:/Users/HTS/Documents/Unreal Projects/Pasantia_Sam/Saved/Config/Windows/Scalability.ini]
[2023.01.25-06.13.28:442][  0]LogConfig: Setting CVar [[r.HairStrands.SkyLighting.IntegrationType:2]]
[2023.01.25-06.13.28:442][  0]LogConfig: Setting CVar [[r.HairStrands.SkyAO.SampleCount:4]]
[2023.01.25-06.13.28:442][  0]LogConfig: Setting CVar [[r.HairStrands.Visibility.MSAA.SamplePerPixel:4]]
[2023.01.25-06.13.28:442][  0]LogConfig: Setting CVar [[r.HairStrands.Interpolation.UseSingleGuide:0]]
[2023.01.25-06.13.28:442][  0]LogInit: Selected Device Profile: [Windows]
[2023.01.25-06.13.28:443][  0]LogInit: Applying CVar settings loaded from the selected device profile: [Windows]
[2023.01.25-06.13.28:443][  0]LogHAL: Display: Platform has ~ 16 GB [17109041152 / 17179869184 / 16], which maps to Larger [LargestMinGB=32, LargerMinGB=12, DefaultMinGB=8, SmallerMinGB=6, SmallestMinGB=0)
[2023.01.25-06.13.28:443][  0]LogInit: Going up to parent DeviceProfile []
[2023.01.25-06.13.28:443][  0]LogConfig: Applying CVar settings from Section [ViewDistanceQuality@3] File [C:/Users/HTS/Documents/Unreal Projects/Pasantia_Sam/Saved/Config/Windows/Scalability.ini]
[2023.01.25-06.13.28:443][  0]LogConfig: Setting CVar [[r.SkeletalMeshLODBias:0]]
[2023.01.25-06.13.28:443][  0]LogConfig: Setting CVar [[r.ViewDistanceScale:1.0]]
[2023.01.25-06.13.28:443][  0]LogConfig: Applying CVar settings from Section [AntiAliasingQuality@3] File [C:/Users/HTS/Documents/Unreal Projects/Pasantia_Sam/Saved/Config/Windows/Scalability.ini]
[2023.01.25-06.13.28:443][  0]LogConfig: Setting CVar [[r.PostProcessAAQuality:4]]
[2023.01.25-06.13.28:443][  0]LogConfig: Applying CVar settings from Section [ShadowQuality@3] File [C:/Users/HTS/Documents/Unreal Projects/Pasantia_Sam/Saved/Config/Windows/Scalability.ini]
[2023.01.25-06.13.28:443][  0]LogConfig: Setting CVar [[r.LightFunctionQuality:1]]
[2023.01.25-06.13.28:443][  0]LogConfig: Setting CVar [[r.ShadowQuality:5]]
[2023.01.25-06.13.28:443][  0]LogConfig: Setting CVar [[r.Shadow.CSM.MaxCascades:10]]
[2023.01.25-06.13.28:443][  0]LogConfig: Setting CVar [[r.Shadow.MaxResolution:2048]]
[2023.01.25-06.13.28:443][  0]LogConfig: Setting CVar [[r.Shadow.MaxCSMResolution:2048]]
[2023.01.25-06.13.28:443][  0]LogConfig: Setting CVar [[r.Shadow.RadiusThreshold:0.01]]
[2023.01.25-06.13.28:443][  0]LogConfig: Setting CVar [[r.Shadow.DistanceScale:1.0]]
[2023.01.25-06.13.28:443][  0]LogConfig: Setting CVar [[r.Shadow.CSM.TransitionScale:1.0]]
[2023.01.25-06.13.28:443][  0]LogConfig: Setting CVar [[r.Shadow.PreShadowResolutionFactor:1.0]]
[2023.01.25-06.13.28:443][  0]LogConfig: Setting CVar [[r.DistanceFieldShadowing:1]]
[2023.01.25-06.13.28:443][  0]LogConfig: Setting CVar [[r.DistanceFieldAO:1]]
[2023.01.25-06.13.28:443][  0]LogConfig: Setting CVar [[r.AOQuality:2]]
[2023.01.25-06.13.28:443][  0]LogConfig: Setting CVar [[r.VolumetricFog:1]]
[2023.01.25-06.13.28:443][  0]LogConfig: Setting CVar [[r.VolumetricFog.GridPixelSize:8]]
[2023.01.25-06.13.28:443][  0]LogConfig: Setting CVar [[r.VolumetricFog.GridSizeZ:128]]
[2023.01.25-06.13.28:443][  0]LogConfig: Setting CVar [[r.VolumetricFog.HistoryMissSupersampleCount:4]]
[2023.01.25-06.13.28:443][  0]LogConfig: Setting CVar [[r.LightMaxDrawDistanceScale:1]]
[2023.01.25-06.13.28:443][  0]LogConfig: Setting CVar [[r.CapsuleShadows:1]]
[2023.01.25-06.13.28:443][  0]LogConfig: Applying CVar settings from Section [PostProcessQuality@3] File [C:/Users/HTS/Documents/Unreal Projects/Pasantia_Sam/Saved/Config/Windows/Scalability.ini]
[2023.01.25-06.13.28:443][  0]LogConfig: Setting CVar [[r.MotionBlurQuality:4]]
[2023.01.25-06.13.28:443][  0]LogConfig: Setting CVar [[r.AmbientOcclusionMipLevelFactor:0.4]]
[2023.01.25-06.13.28:443][  0]LogConfig: Setting CVar [[r.AmbientOcclusionMaxQuality:100]]
[2023.01.25-06.13.28:443][  0]LogConfig: Setting CVar [[r.AmbientOcclusionLevels:-1]]
[2023.01.25-06.13.28:443][  0]LogConfig: Setting CVar [[r.AmbientOcclusionRadiusScale:1.0]]
[2023.01.25-06.13.28:443][  0]LogConfig: Setting CVar [[r.DepthOfFieldQuality:2]]
[2023.01.25-06.13.28:443][  0]LogConfig: Setting CVar [[r.RenderTargetPoolMin:400]]
[2023.01.25-06.13.28:443][  0]LogConfig: Setting CVar [[r.LensFlareQuality:2]]
[2023.01.25-06.13.28:443][  0]LogConfig: Setting CVar [[r.SceneColorFringeQuality:1]]
[2023.01.25-06.13.28:443][  0]LogConfig: Setting CVar [[r.EyeAdaptationQuality:2]]
[2023.01.25-06.13.28:443][  0]LogConfig: Setting CVar [[r.BloomQuality:5]]
[2023.01.25-06.13.28:443][  0]LogConfig: Setting CVar [[r.FastBlurThreshold:100]]
[2023.01.25-06.13.28:443][  0]LogConfig: Setting CVar [[r.Upscale.Quality:3]]
[2023.01.25-06.13.28:443][  0]LogConfig: Setting CVar [[r.Tonemapper.GrainQuantization:1]]
[2023.01.25-06.13.28:443][  0]LogConfig: Setting CVar [[r.LightShaftQuality:1]]
[2023.01.25-06.13.28:443][  0]LogConfig: Setting CVar [[r.Filter.SizeScale:1]]
[2023.01.25-06.13.28:443][  0]LogConfig: Setting CVar [[r.Tonemapper.Quality:5]]
[2023.01.25-06.13.28:443][  0]LogConfig: Setting CVar [[r.DOF.Gather.AccumulatorQuality:1        ; higher gathering accumulator quality]]
[2023.01.25-06.13.28:443][  0]LogConfig: Setting CVar [[r.DOF.Gather.PostfilterMethod:1          ; Median3x3 postfilering method]]
[2023.01.25-06.13.28:443][  0]LogConfig: Setting CVar [[r.DOF.Gather.EnableBokehSettings:0       ; no bokeh simulation when gathering]]
[2023.01.25-06.13.28:443][  0]LogConfig: Setting CVar [[r.DOF.Gather.RingCount:4                 ; medium number of samples when gathering]]
[2023.01.25-06.13.28:443][  0]LogConfig: Setting CVar [[r.DOF.Scatter.ForegroundCompositing:1    ; additive foreground scattering]]
[2023.01.25-06.13.28:443][  0]LogConfig: Setting CVar [[r.DOF.Scatter.BackgroundCompositing:2    ; additive background scattering]]
[2023.01.25-06.13.28:443][  0]LogConfig: Setting CVar [[r.DOF.Scatter.EnableBokehSettings:1      ; bokeh simulation when scattering]]
[2023.01.25-06.13.28:443][  0]LogConfig: Setting CVar [[r.DOF.Scatter.MaxSpriteRatio:0.1         ; only a maximum of 10% of scattered bokeh]]
[2023.01.25-06.13.28:443][  0]LogConfig: Setting CVar [[r.DOF.Recombine.Quality:1                ; cheap slight out of focus]]
[2023.01.25-06.13.28:443][  0]LogConfig: Setting CVar [[r.DOF.Recombine.EnableBokehSettings:0    ; no bokeh simulation on slight out of focus]]
[2023.01.25-06.13.28:443][  0]LogConfig: Setting CVar [[r.DOF.TemporalAAQuality:1                ; more stable temporal accumulation]]
[2023.01.25-06.13.28:443][  0]LogConfig: Setting CVar [[r.DOF.Kernel.MaxForegroundRadius:0.025]]
[2023.01.25-06.13.28:443][  0]LogConfig: Setting CVar [[r.DOF.Kernel.MaxBackgroundRadius:0.025]]
[2023.01.25-06.13.28:443][  0]LogConfig: Applying CVar settings from Section [TextureQuality@3] File [C:/Users/HTS/Documents/Unreal Projects/Pasantia_Sam/Saved/Config/Windows/Scalability.ini]
[2023.01.25-06.13.28:443][  0]LogConfig: Setting CVar [[r.Streaming.MipBias:0]]
[2023.01.25-06.13.28:443][  0]LogConfig: Setting CVar [[r.Streaming.AmortizeCPUToGPUCopy:0]]
[2023.01.25-06.13.28:443][  0]LogConfig: Setting CVar [[r.Streaming.MaxNumTexturesToStreamPerFrame:0]]
[2023.01.25-06.13.28:443][  0]LogConfig: Setting CVar [[r.Streaming.Boost:1]]
[2023.01.25-06.13.28:443][  0]LogConfig: Setting CVar [[r.MaxAnisotropy:8]]
[2023.01.25-06.13.28:443][  0]LogConfig: Setting CVar [[r.VT.MaxAnisotropy:8]]
[2023.01.25-06.13.28:443][  0]LogConfig: Setting CVar [[r.Streaming.LimitPoolSizeToVRAM:0]]
[2023.01.25-06.13.28:443][  0]LogConfig: Setting CVar [[r.Streaming.PoolSize:1000]]
[2023.01.25-06.13.28:443][  0]LogConfig: Setting CVar [[r.Streaming.MaxEffectiveScreenSize:0]]
[2023.01.25-06.13.28:443][  0]LogConfig: Applying CVar settings from Section [EffectsQuality@3] File [C:/Users/HTS/Documents/Unreal Projects/Pasantia_Sam/Saved/Config/Windows/Scalability.ini]
[2023.01.25-06.13.28:443][  0]LogConfig: Setting CVar [[r.TranslucencyLightingVolumeDim:64]]
[2023.01.25-06.13.28:443][  0]LogConfig: Setting CVar [[r.RefractionQuality:2]]
[2023.01.25-06.13.28:443][  0]LogConfig: Setting CVar [[r.SSR.Quality:3]]
[2023.01.25-06.13.28:443][  0]LogConfig: Setting CVar [[r.SSR.HalfResSceneColor:0]]
[2023.01.25-06.13.28:443][  0]LogConfig: Setting CVar [[r.SceneColorFormat:4]]
[2023.01.25-06.13.28:443][  0]LogConfig: Setting CVar [[r.DetailMode:2]]
[2023.01.25-06.13.28:443][  0]LogConfig: Setting CVar [[r.TranslucencyVolumeBlur:1]]
[2023.01.25-06.13.28:443][  0]LogConfig: Setting CVar [[r.MaterialQualityLevel:1 ; High quality]]
[2023.01.25-06.13.28:443][  0]LogConfig: Setting CVar [[r.AnisotropicMaterials:1]]
[2023.01.25-06.13.28:443][  0]LogConfig: Setting CVar [[r.SSS.Scale:1]]
[2023.01.25-06.13.28:443][  0]LogConfig: Setting CVar [[r.SSS.SampleSet:2]]
[2023.01.25-06.13.28:443][  0]LogConfig: Setting CVar [[r.SSS.Quality:1]]
[2023.01.25-06.13.28:443][  0]LogConfig: Setting CVar [[r.SSS.HalfRes:0]]
[2023.01.25-06.13.28:443][  0]LogConfig: Setting CVar [[r.SSGI.Quality:3]]
[2023.01.25-06.13.28:443][  0]LogConfig: Setting CVar [[r.EmitterSpawnRateScale:1.0]]
[2023.01.25-06.13.28:443][  0]LogConfig: Setting CVar [[r.ParticleLightQuality:2]]
[2023.01.25-06.13.28:443][  0]LogConfig: Setting CVar [[r.SkyAtmosphere.AerialPerspectiveLUT.FastApplyOnOpaque:1 ; Always have FastSkyLUT 1 in this case to avoid wrong sky]]
[2023.01.25-06.13.28:443][  0]LogConfig: Setting CVar [[r.SkyAtmosphere.AerialPerspectiveLUT.SampleCountMaxPerSlice:4]]
[2023.01.25-06.13.28:443][  0]LogConfig: Setting CVar [[r.SkyAtmosphere.AerialPerspectiveLUT.DepthResolution:16.0]]
[2023.01.25-06.13.28:443][  0]LogConfig: Setting CVar [[r.SkyAtmosphere.FastSkyLUT:1]]
[2023.01.25-06.13.28:443][  0]LogConfig: Setting CVar [[r.SkyAtmosphere.FastSkyLUT.SampleCountMin:4.0]]
[2023.01.25-06.13.28:443][  0]LogConfig: Setting CVar [[r.SkyAtmosphere.FastSkyLUT.SampleCountMax:128.0]]
[2023.01.25-06.13.28:443][  0]LogConfig: Setting CVar [[r.SkyAtmosphere.SampleCountMin:4.0]]
[2023.01.25-06.13.28:443][  0]LogConfig: Setting CVar [[r.SkyAtmosphere.SampleCountMax:128.0]]
[2023.01.25-06.13.28:443][  0]LogConfig: Setting CVar [[r.SkyAtmosphere.TransmittanceLUT.UseSmallFormat:0]]
[2023.01.25-06.13.28:443][  0]LogConfig: Setting CVar [[r.SkyAtmosphere.TransmittanceLUT.SampleCount:10.0]]
[2023.01.25-06.13.28:443][  0]LogConfig: Setting CVar [[r.SkyAtmosphere.MultiScatteringLUT.SampleCount:15.0]]
[2023.01.25-06.13.28:443][  0]LogConfig: Setting CVar [[r.SkyLight.RealTimeReflectionCapture:1]]
[2023.01.25-06.13.28:443][  0]LogConfig: Setting CVar [[fx.Niagara.QualityLevel:3]]
[2023.01.25-06.13.28:443][  0]LogConfig: Applying CVar settings from Section [FoliageQuality@3] File [C:/Users/HTS/Documents/Unreal Projects/Pasantia_Sam/Saved/Config/Windows/Scalability.ini]
[2023.01.25-06.13.28:443][  0]LogConfig: Setting CVar [[foliage.DensityScale:1.0]]
[2023.01.25-06.13.28:443][  0]LogConfig: Setting CVar [[grass.DensityScale:1.0]]
[2023.01.25-06.13.28:443][  0]LogConfig: Applying CVar settings from Section [ShadingQuality@3] File [C:/Users/HTS/Documents/Unreal Projects/Pasantia_Sam/Saved/Config/Windows/Scalability.ini]
[2023.01.25-06.13.28:443][  0]LogConfig: Setting CVar [[r.HairStrands.SkyLighting.IntegrationType:2]]
[2023.01.25-06.13.28:443][  0]LogConfig: Setting CVar [[r.HairStrands.SkyAO.SampleCount:4]]
[2023.01.25-06.13.28:443][  0]LogConfig: Setting CVar [[r.HairStrands.Visibility.MSAA.SamplePerPixel:4]]
[2023.01.25-06.13.28:443][  0]LogConfig: Setting CVar [[r.HairStrands.Interpolation.UseSingleGuide:0]]
[2023.01.25-06.13.28:443][  0]LogConfig: Applying CVar settings from Section [Startup] File [../../../Engine/Config/ConsoleVariables.ini]
[2023.01.25-06.13.28:444][  0]LogConfig: Setting CVar [[net.UseAdaptiveNetUpdateFrequency:0]]
[2023.01.25-06.13.28:444][  0]LogConfig: Setting CVar [[p.chaos.AllowCreatePhysxBodies:1]]
[2023.01.25-06.13.28:444][  0]LogConfig: Setting CVar [[fx.SkipVectorVMBackendOptimizations:1]]
[2023.01.25-06.13.28:444][  0]LogConfig: Applying CVar settings from Section [ConsoleVariables] File [C:/Users/HTS/Documents/Unreal Projects/Pasantia_Sam/Saved/Config/Windows/Engine.ini]
[2023.01.25-06.13.28:444][  0]LogConfig: Applying CVar settings from Section [ConsoleVariables] File [C:/Users/HTS/Documents/Unreal Projects/Pasantia_Sam/Saved/Config/Windows/Editor.ini]
[2023.01.25-06.13.28:444][  0]LogInit: Computer: DESKTOP-QU4BSI3
[2023.01.25-06.13.28:444][  0]LogInit: User: HTS
[2023.01.25-06.13.28:444][  0]LogInit: CPU Page size=4096, Cores=8
[2023.01.25-06.13.28:444][  0]LogInit: High frequency timer resolution =10.000000 MHz
[2023.01.25-06.13.28:444][  0]LogMemory: Memory total: Physical=15.9GB (16GB approx)
[2023.01.25-06.13.28:444][  0]LogMemory: Platform Memory Stats for Windows
[2023.01.25-06.13.28:444][  0]LogMemory: Process Physical Memory: 150.28 MB used, 150.29 MB peak
[2023.01.25-06.13.28:444][  0]LogMemory: Process Virtual Memory: 131.74 MB used, 131.74 MB peak
[2023.01.25-06.13.28:444][  0]LogMemory: Physical Memory: 6574.42 MB used,  9742.04 MB free, 16316.45 MB total
[2023.01.25-06.13.28:444][  0]LogMemory: Virtual Memory: 134210184.00 MB used,  7545.66 MB free, 134217728.00 MB total
[2023.01.25-06.13.28:448][  0]LogWindows: WindowsPlatformFeatures enabled
[2023.01.25-06.13.28:463][  0]LogInit: Physics initialised using underlying interface: PhysX
[2023.01.25-06.13.28:463][  0]LogInit: Using OS detected language (es-MX).
[2023.01.25-06.13.28:463][  0]LogInit: Using OS detected locale (es-HN).
[2023.01.25-06.13.28:467][  0]LogTextLocalizationResource: LocRes '../../../Engine/Content/Localization/Editor/es-MX/Editor.locres' could not be opened for reading!
[2023.01.25-06.13.28:467][  0]LogTextLocalizationResource: LocRes '../../../Engine/Content/Localization/EditorTutorials/es-MX/EditorTutorials.locres' could not be opened for reading!
[2023.01.25-06.13.28:468][  0]LogTextLocalizationResource: LocRes '../../../Engine/Content/Localization/Keywords/es-MX/Keywords.locres' could not be opened for reading!
[2023.01.25-06.13.28:468][  0]LogTextLocalizationResource: LocRes '../../../Engine/Content/Localization/Category/es-MX/Category.locres' could not be opened for reading!
[2023.01.25-06.13.28:468][  0]LogTextLocalizationResource: LocRes '../../../Engine/Content/Localization/ToolTips/es-MX/ToolTips.locres' could not be opened for reading!
[2023.01.25-06.13.28:468][  0]LogTextLocalizationResource: LocRes '../../../Engine/Content/Localization/PropertyNames/es-MX/PropertyNames.locres' could not be opened for reading!
[2023.01.25-06.13.28:468][  0]LogTextLocalizationResource: LocRes '../../../Engine/Content/Localization/Engine/es-MX/Engine.locres' could not be opened for reading!
[2023.01.25-06.13.28:468][  0]LogTextLocalizationResource: LocRes '../../../Engine/Plugins/Online/OnlineSubsystemUtils/Content/Localization/OnlineSubsystemUtils/es-MX/OnlineSubsystemUtils.locres' could not be opened for reading!
[2023.01.25-06.13.28:468][  0]LogTextLocalizationResource: LocRes '../../../Engine/Plugins/Online/Android/OnlineSubsystemGooglePlay/Content/Localization/OnlineSubsystemGooglePlay/es-MX/OnlineSubsystemGooglePlay.locres' could not be opened for reading!
[2023.01.25-06.13.28:468][  0]LogTextLocalizationResource: LocRes '../../../Engine/Plugins/Online/IOS/OnlineSubsystemIOS/Content/Localization/OnlineSubsystemIOS/es-MX/OnlineSubsystemIOS.locres' could not be opened for reading!
[2023.01.25-06.13.28:491][  0]LogInit: Setting process to per monitor DPI aware
[2023.01.25-06.13.28:497][  0]LogWindowsTextInputMethodSystem: Display: IME system deactivated.
[2023.01.25-06.13.28:505][  0]LogSlate: New Slate User Created.  User Index 0, Is Virtual User: 0
[2023.01.25-06.13.28:505][  0]LogSlate: Slate User Registered.  User Index 0, Is Virtual User: 0
[2023.01.25-06.13.28:598][  0]LogD3D11RHI: Loaded GFSDK_Aftermath_Lib.x64.dll
[2023.01.25-06.13.28:600][  0]LogHMD: Failed to initialize OpenVR with code 110
[2023.01.25-06.13.28:600][  0]LogD3D11RHI: D3D11 min allowed feature level: 11_0
[2023.01.25-06.13.28:600][  0]LogD3D11RHI: D3D11 max allowed feature level: 11_0
[2023.01.25-06.13.28:600][  0]LogD3D11RHI: D3D11 adapters:
[2023.01.25-06.13.28:682][  0]LogD3D11RHI:    0. 'NVIDIA GeForce RTX 2060' (Feature Level 11_0)
[2023.01.25-06.13.28:682][  0]LogD3D11RHI:       5980/0/8158 MB DedicatedVideo/DedicatedSystem/SharedSystem, Outputs:1, VendorId:0x10de
[2023.01.25-06.13.28:683][  0]LogD3D11RHI:    1. 'Microsoft Basic Render Driver' (Feature Level 11_0)
[2023.01.25-06.13.28:683][  0]LogD3D11RHI:       0/0/8158 MB DedicatedVideo/DedicatedSystem/SharedSystem, Outputs:0, VendorId:0x1414
[2023.01.25-06.13.28:683][  0]LogD3D11RHI: Chosen D3D11 Adapter:
[2023.01.25-06.13.28:683][  0]LogD3D11RHI:     Description : NVIDIA GeForce RTX 2060
[2023.01.25-06.13.28:683][  0]LogD3D11RHI:     VendorId    : 10de
[2023.01.25-06.13.28:683][  0]LogD3D11RHI:     DeviceId    : 1f08
[2023.01.25-06.13.28:683][  0]LogD3D11RHI:     SubSysId    : 8557103c
[2023.01.25-06.13.28:683][  0]LogD3D11RHI:     Revision    : 00a1
[2023.01.25-06.13.28:683][  0]LogD3D11RHI:     DedicatedVideoMemory : 6270484480 bytes
[2023.01.25-06.13.28:683][  0]LogD3D11RHI:     DedicatedSystemMemory : 0 bytes
[2023.01.25-06.13.28:683][  0]LogD3D11RHI:     SharedSystemMemory : 8554520576 bytes
[2023.01.25-06.13.28:683][  0]LogD3D11RHI:     AdapterLuid : 0 61394
[2023.01.25-06.13.28:687][  0]LogD3D11RHI: Creating new Direct3DDevice
[2023.01.25-06.13.28:687][  0]LogD3D11RHI:     GPU DeviceId: 0x1f08 (for the marketing name, search the web for "GPU Device Id")
[2023.01.25-06.13.28:687][  0]LogWindows: EnumDisplayDevices:
[2023.01.25-06.13.28:687][  0]LogWindows:    0. 'NVIDIA GeForce RTX 2060' (P:1 D:1)
[2023.01.25-06.13.28:688][  0]LogWindows:    1. 'NVIDIA GeForce RTX 2060' (P:0 D:0)
[2023.01.25-06.13.28:688][  0]LogWindows:    2. 'NVIDIA GeForce RTX 2060' (P:0 D:0)
[2023.01.25-06.13.28:688][  0]LogWindows:    3. 'NVIDIA GeForce RTX 2060' (P:0 D:0)
[2023.01.25-06.13.28:688][  0]LogWindows: DebugString: FoundDriverCount:4 
[2023.01.25-06.13.28:688][  0]LogD3D11RHI:     Adapter Name: NVIDIA GeForce RTX 2060
[2023.01.25-06.13.28:688][  0]LogD3D11RHI:   Driver Version: 516.94 (internal:31.0.15.1694, unified:516.94)
[2023.01.25-06.13.28:688][  0]LogD3D11RHI:      Driver Date: 7-21-2022
[2023.01.25-06.13.28:688][  0]LogRHI: Texture pool is 4186 MB (70% of 5980 MB)
[2023.01.25-06.13.28:688][  0]LogD3D11RHI: Creating D3DDevice using adapter:
[2023.01.25-06.13.28:688][  0]LogD3D11RHI:     Description : NVIDIA GeForce RTX 2060
[2023.01.25-06.13.28:688][  0]LogD3D11RHI:     VendorId    : 10de
[2023.01.25-06.13.28:688][  0]LogD3D11RHI:     DeviceId    : 1f08
[2023.01.25-06.13.28:688][  0]LogD3D11RHI:     SubSysId    : 8557103c
[2023.01.25-06.13.28:688][  0]LogD3D11RHI:     Revision    : 00a1
[2023.01.25-06.13.28:688][  0]LogD3D11RHI:     DedicatedVideoMemory : 6270484480 bytes
[2023.01.25-06.13.28:688][  0]LogD3D11RHI:     DedicatedSystemMemory : 0 bytes
[2023.01.25-06.13.28:688][  0]LogD3D11RHI:     SharedSystemMemory : 8554520576 bytes
[2023.01.25-06.13.28:688][  0]LogD3D11RHI:     AdapterLuid : 0 61394
[2023.01.25-06.13.28:738][  0]LogD3D11RHI: RHI has support for 64 bit atomics
[2023.01.25-06.13.28:738][  0]LogD3D11RHI: Async texture creation enabled
[2023.01.25-06.13.28:738][  0]LogD3D11RHI: Array index from any shader is supported
[2023.01.25-06.13.28:756][  0]LogD3D11RHI: GPU Timing Frequency: 1000.000000 (Debug: 2 2)
[2023.01.25-06.13.28:784][  0]LogRHI: GeForceNow SDK initialized: 1
[2023.01.25-06.13.29:005][  0]LogTargetPlatformManager: Display: Loaded TargetPlatform 'AllDesktop'
[2023.01.25-06.13.29:021][  0]LogTargetPlatformManager: Display: Loaded TargetPlatform 'Android'
[2023.01.25-06.13.29:021][  0]LogTargetPlatformManager: Display: Loaded TargetPlatform 'Android_ASTC'
[2023.01.25-06.13.29:021][  0]LogTargetPlatformManager: Display: Loaded TargetPlatform 'Android_DXT'
[2023.01.25-06.13.29:021][  0]LogTargetPlatformManager: Display: Loaded TargetPlatform 'Android_ETC2'
[2023.01.25-06.13.29:021][  0]LogTargetPlatformManager: Display: Loaded TargetPlatform 'AndroidClient'
[2023.01.25-06.13.29:021][  0]LogTargetPlatformManager: Display: Loaded TargetPlatform 'Android_ASTCClient'
[2023.01.25-06.13.29:021][  0]LogTargetPlatformManager: Display: Loaded TargetPlatform 'Android_DXTClient'
[2023.01.25-06.13.29:021][  0]LogTargetPlatformManager: Display: Loaded TargetPlatform 'Android_ETC2Client'
[2023.01.25-06.13.29:021][  0]LogTargetPlatformManager: Display: Loaded TargetPlatform 'Android_Multi'
[2023.01.25-06.13.29:021][  0]LogTargetPlatformManager: Display: Loaded TargetPlatform 'Android_MultiClient'
[2023.01.25-06.13.29:036][  0]LogTargetPlatformManager: Display: Loaded TargetPlatform 'IOSClient'
[2023.01.25-06.13.29:036][  0]LogTargetPlatformManager: Display: Loaded TargetPlatform 'IOS'
[2023.01.25-06.13.29:044][  0]LogTargetPlatformManager: Display: Loaded TargetPlatform 'Linux'
[2023.01.25-06.13.29:047][  0]LogTargetPlatformManager: Display: Loaded TargetPlatform 'LinuxNoEditor'
[2023.01.25-06.13.29:050][  0]LogTargetPlatformManager: Display: Loaded TargetPlatform 'LinuxClient'
[2023.01.25-06.13.29:053][  0]LogTargetPlatformManager: Display: Loaded TargetPlatform 'LinuxServer'
[2023.01.25-06.13.29:060][  0]LogTargetPlatformManager: Display: Loaded TargetPlatform 'LinuxAArch64NoEditor'
[2023.01.25-06.13.29:064][  0]LogTargetPlatformManager: Display: Loaded TargetPlatform 'LinuxAArch64Client'
[2023.01.25-06.13.29:067][  0]LogTargetPlatformManager: Display: Loaded TargetPlatform 'LinuxAArch64Server'
[2023.01.25-06.13.29:088][  0]LogTargetPlatformManager: Display: Loaded TargetPlatform 'Lumin'
[2023.01.25-06.13.29:088][  0]LogTargetPlatformManager: Display: Loaded TargetPlatform 'LuminClient'
[2023.01.25-06.13.29:096][  0]LogTargetPlatformManager: Display: Loaded TargetPlatform 'MacNoEditor'
[2023.01.25-06.13.29:099][  0]LogTargetPlatformManager: Display: Loaded TargetPlatform 'Mac'
[2023.01.25-06.13.29:103][  0]LogTargetPlatformManager: Display: Loaded TargetPlatform 'MacClient'
[2023.01.25-06.13.29:106][  0]LogTargetPlatformManager: Display: Loaded TargetPlatform 'MacServer'
[2023.01.25-06.13.29:114][  0]LogTargetPlatformManager: Display: Loaded TargetPlatform 'TVOSClient'
[2023.01.25-06.13.29:114][  0]LogTargetPlatformManager: Display: Loaded TargetPlatform 'TVOS'
[2023.01.25-06.13.29:122][  0]LogTargetPlatformManager: Display: Loaded TargetPlatform 'WindowsNoEditor'
[2023.01.25-06.13.29:125][  0]LogTargetPlatformManager: Display: Loaded TargetPlatform 'Windows'
[2023.01.25-06.13.29:129][  0]LogTargetPlatformManager: Display: Loaded TargetPlatform 'WindowsClient'
[2023.01.25-06.13.29:133][  0]LogTargetPlatformManager: Display: Loaded TargetPlatform 'WindowsServer'
[2023.01.25-06.13.29:133][  0]LogTargetPlatformManager: Display: Building Assets For Windows
[2023.01.25-06.13.29:138][  0]LogAudioDebug: Display: Lib vorbis DLL was dynamically loaded.
[2023.01.25-06.13.29:162][  0]LogTextureFormatOodle: Display: Oodle Texture 2.9.0 init RDO Off
[2023.01.25-06.13.29:181][  0]LogRendererCore: Ray tracing is disabled. Reason: r.RayTracing=0.
[2023.01.25-06.13.29:181][  0]LogShaderCompilers: Guid format shader working directory is -20 characters bigger than the processId version (../../../../../Users/HTS/Documents/Unreal Projects/Pasantia_Sam/Intermediate/Shaders/WorkingDirectory/14300/).
[2023.01.25-06.13.29:181][  0]LogShaderCompilers: Cleaned the shader compiler working directory 'C:/Users/HTS/AppData/Local/Temp/UnrealShaderWorkingDir/F61534484BBDA1A09A5ABF811789B8E3/'.
[2023.01.25-06.13.29:181][  0]LogXGEController: Cannot use XGE Controller as Incredibuild is not installed on this machine.
[2023.01.25-06.13.29:181][  0]LogShaderCompilers: Cannot use XGE Shader Compiler as Incredibuild is not installed on this machine.
[2023.01.25-06.13.29:181][  0]LogShaderCompilers: Display: Using Local Shader Compiler.
[2023.01.25-06.13.29:831][  0]LogDerivedDataCache: Display: Max Cache Size: 512 MB
[2023.01.25-06.13.29:874][  0]LogDerivedDataCache: Loaded boot cache 0.04s 97MB C:/Users/HTS/AppData/Local/UnrealEngine/4.27/DerivedDataCache/Boot.ddc.
[2023.01.25-06.13.29:874][  0]LogDerivedDataCache: Display: Loaded Boot cache: C:/Users/HTS/AppData/Local/UnrealEngine/4.27/DerivedDataCache/Boot.ddc
[2023.01.25-06.13.29:874][  0]LogDerivedDataCache: FDerivedDataBackendGraph:  Pak pak cache file ../../../../../Users/HTS/Documents/Unreal Projects/Pasantia_Sam/DerivedDataCache/DDC.ddp not found, will not use a pak cache.
[2023.01.25-06.13.29:874][  0]LogDerivedDataCache: Unable to find inner node Pak for hierarchical cache Hierarchy.
[2023.01.25-06.13.29:874][  0]LogDerivedDataCache: FDerivedDataBackendGraph:  CompressedPak pak cache file ../../../../../Users/HTS/Documents/Unreal Projects/Pasantia_Sam/DerivedDataCache/Compressed.ddp not found, will not use a pak cache.
[2023.01.25-06.13.29:874][  0]LogDerivedDataCache: Unable to find inner node CompressedPak for hierarchical cache Hierarchy.
[2023.01.25-06.13.29:887][  0]LogDerivedDataCache: Display: Pak cache opened for reading ../../../Engine/DerivedDataCache/Compressed.ddp.
[2023.01.25-06.13.29:887][  0]LogDerivedDataCache: FDerivedDataBackendGraph:  EnterprisePak pak cache file ../../../Enterprise/DerivedDataCache/Compressed.ddp not found, will not use a pak cache.
[2023.01.25-06.13.29:887][  0]LogDerivedDataCache: Unable to find inner node EnterprisePak for hierarchical cache Hierarchy.
[2023.01.25-06.13.29:893][  0]LogDerivedDataCache: Speed tests for C:/Users/HTS/AppData/Local/UnrealEngine/Common/DerivedDataCache took 0.01 seconds
[2023.01.25-06.13.29:893][  0]LogDerivedDataCache: Display: Performance to C:/Users/HTS/AppData/Local/UnrealEngine/Common/DerivedDataCache: Latency=0.02ms. RandomReadSpeed=305.50MBs, RandomWriteSpeed=326.94MBs. Assigned SpeedClass 'Local'
[2023.01.25-06.13.29:894][  0]LogDerivedDataCache: Using Local data cache path C:/Users/HTS/AppData/Local/UnrealEngine/Common/DerivedDataCache: Writable
[2023.01.25-06.13.29:894][  0]LogDerivedDataCache: Shared data cache path not found in *engine.ini, will not use an Shared cache.
[2023.01.25-06.13.29:894][  0]LogDerivedDataCache: Unable to find inner node Shared for hierarchical cache Hierarchy.
[2023.01.25-06.13.29:936][  0]LogSlate: Using FreeType 2.10.0
[2023.01.25-06.13.29:936][  0]LogSlate: SlateFontServices - WITH_FREETYPE: 1, WITH_HARFBUZZ: 1
[2023.01.25-06.13.29:953][  0]LogAssetRegistry: FAssetRegistry took 0.0023 seconds to start up
[2023.01.25-06.13.30:134][  0]LogInit: Selected Device Profile: [Windows]
[2023.01.25-06.13.30:134][  0]LogInit: Active device profile: [000001D863D1AF00][000001D856160B40 49] Windows
[2023.01.25-06.13.30:134][  0]LogInit: Profiles: [000001D863D1AF00][000001D856160B40 49] Windows, [000001D863D03100][000001D85374ACC0 49] WindowsNoEditor, [000001D863D1B900][000001D856170E40 49] WindowsServer, [000001D863D00700][000001D856174FC0 49] WindowsClient, [000001D863D18600][000001D864E15140 49] IOS, [000001D863D01500][000001D864E1D2C0 49] iPadAir, [000001D863D19500][000001D864F11440 49] iPadAir2, [000001D86493A600][000001D85646F700 49] IPadPro, [000001D86493A700][000001D864F25740 49] iPadAir3, [000001D863D1A400][000001D8650B98C0 49] iPadAir4, [000001D86493B600][000001D8650C1A40 49] iPadMini2, [000001D863D1B200][000001D8650C5BC0 49] iPadMini3, [000001D864938F00][000001D85648E1C0 49] iPadMini4, [000001D863D19700][000001D856496340 49] iPadMini5, [000001D8649A9F00][000001D85649A580 49] iPhone6, [000001D8649AA000][000001D8561645C0 49] iPodTouch6, [000001D864938C00][000001D8564AA800 49] iPhone7, [000001D864938A00][000001D85649E840 49] iPodTouch7, [000001D8649AAE00][000001D8654D49C0 49] iPhone5S, [000001D864938500][000001D8654D8B40 49] iPhone6Plus, [000001D8649A8600][000001D8654DCCC0 49] iPhone6S, [000001D86493B000][000001D856322E40 49] iPhone6SPlus, [000001D8649A8D00][000001D8564A2FC0 49] iPhone7Plus, [000001D86493B200][000001D856347140 49] iPhoneSE, [000001D8649AB200][000001D861AFD2C0 49] iPhone8, [000001D864939400][000001D861B01440 49] iPhone8Plus, [000001D8649AB800][000001D861B055C0 49] iPhoneX, [000001D864939600][000001D861CB1740 49] iPhoneXS, [000001D8649A8500][000001D861CB58C0 49] iPhoneXSMax, [000001D86493B100][000001D864D3FA40 49] iPhoneXR, [000001D8649A8800][000001D864D4FBC0 49] iPhone11, [000001D864938700][000001D864D521C0 49] iPhone11Pro, [000001D8649A9E00][000001D864D56340 49] iPhone11ProMax, [000001D864938D00][000001D864E0E4C0 49] iPhoneSE2, [000001D8649A9A00][000001D8654D0600 49] iPhone12Mini, [000001D86493AD00][000001D86507C740 49] iPhone12, [000001D8649A9B00][000001D8650AA880 49] iPhone12Pro, [000001D86493AB00][000001D8651869C0 49] iPhone12ProMax, [000001D8649AA300][000001D86519AB40 49] iPadPro105, [000001D864938800][000001D8651ACCC0 49] iPadPro129, [000001D8649AA700][000001D8651BEE40 49] iPadPro97, [000001D86493AE00][000001D8651C2FC0 49] iPadPro2_129, [000001D8649AAD00][000001D865229140 49] iPad5, [000001D864938600][000001D86527D2C0 49] iPad6, [000001D8649AB600][000001D86528D440 49] iPad7, [000001D864939000][000001D8652AB5C0 49] iPad8, [000001D8649AB100][000001D8652AF740 49] iPadPro11, [000001D864938E00][000001D8657A18C0 49] iPadPro2_11, [000001D8649AA400][000001D86581BA40 49] iPadPro3_129, [000001D863E24900][000001D861AADBC0 49] iPadPro4_129, [000001D863D01400][000001D861AB01C0 49] AppleTV, [000001D863E25A00][000001D861AF0340 49] AppleTV4K, [000001D863D00400][000001D861AF44C0 49] TVOS, [000001D863E25300][000001D861AF8640 49] Mac, [000001D863D03600][000001D864CD07C0 49] MacClient, [000001D863E24100][000001D865196900 49] MacNoEditor, [000001D863D00600][000001D864CEEA40 49] MacServer, [000001D863E25F00][000001D864CF2B80 49] Linux, [000001D863D03E00][000001D864D38D00 49] LinuxAArch64, [000001D863E26000][000001D8659E8E80 49] LinuxNoEditor, [000001D863D01300][000001D8659ED000 49] LinuxAArch64NoEditor, [000001D863E24200][000001D8659F1180 49] LinuxClient, [000001D863D03D00][000001D8659F5300 49] LinuxAArch64Client, [000001D863E25100][000001D8659F9480 49] LinuxServer, [000001D863D01F00][000001D865A47600 49] LinuxAArch64Server, [000001D863E24B00][000001D865A4B780 49] Android, [000001D86493B800][000001D865A4F900 49] Android_Low, [000001D8649AAA00][000001D865A93A80 49] Android_Mid, [000001D86493B700][000001D861C1BC00 49] Android_High, [000001D8649A8300][000001D861C1E200 49] Android_Default, [000001D86493B300][000001D861C22380 49] Android_Adreno4xx, [000001D8649A9600][000001D861C26500 49] Android_Adreno5xx_Low, [000001D86493A400][000001D861C2A680 49] Android_Adreno5xx, [000001D863E26300][000001D861C2E800 49] Android_Adreno6xx, [000001D864938900][000001D861C32980 49] Android_Adreno6xx_Vulkan, [000001D863E25200][000001D864CFEAC0 49] Android_Mali_T6xx, [000001D86493A900][000001D8659FCC00 49] Android_Mali_T7xx, [000001D863E24600][000001D864FA6D40 49] Android_Mali_T8xx, [000001D86493BF00][000001D864FAAEC0 49] Android_Mali_G71, [000001D863E25B00][000001D864FAF040 49] Android_Mali_G72, [000001D86493BC00][000001D864FB31C0 49] Android_Mali_G72_Vulkan, [000001D863E25000][000001D864FB7340 49] Android_Mali_G76, [000001D86493BE00][000001D8652314C0 49] Android_Mali_G76_Vulkan, [000001D863E26400][000001D86522D640 49] Android_Mali_G77, [000001D864939700][000001D8651B17C0 49] Android_Mali_G77_Vulkan, [000001D863E26A00][000001D8650B5940 49] Android_Mali_G78, [000001D86493AA00][000001D8564A7AC0 49] Android_Mali_G78_Vulkan, [000001D863E24D00][000001D864DFE0C0 49] Android_Mali_G710, [000001D864938100][000001D864D5A240 49] Android_Mali_G710_Vulkan, [000001D8649A8200][000001D8564AE3C0 49] Android_Vulkan_SM5, [000001D864938300][000001D865078540 49] Android_PowerVR_G6xxx, [000001D8649ABA00][000001D864DA26C0 49] Android_PowerVR_GT7xxx, [000001D864939100][000001D864DA6840 49] Android_PowerVR_GE8xxx, [000001D8649A9500][000001D864DAA9C0 49] Android_PowerVR_GM9xxx, [000001D86493AF00][000001D864DAEB40 49] Android_PowerVR_GM9xxx_Vulkan, [000001D8649A9100][000001D865A88C80 49] Android_TegraK1, [000001D864939A00][000001D864DB2DC0 49] Android_Unknown_Vulkan, [000001D8649A9C00][000001D864DB6F00 49] Lumin, [000001D86493A200][000001D864DBB040 49] Lumin_Desktop, [000001D8649AB000][000001D864DC31C0 49] HoloLens, 
[2023.01.25-06.13.30:232][  0]LogMeshReduction: Using QuadricMeshReduction for automatic static mesh reduction
[2023.01.25-06.13.30:232][  0]LogMeshReduction: Using SimplygonMeshReduction for automatic skeletal mesh reduction
[2023.01.25-06.13.30:232][  0]LogMeshReduction: Using ProxyLODMeshReduction for automatic mesh merging
[2023.01.25-06.13.30:232][  0]LogMeshReduction: No distributed automatic mesh merging module available
[2023.01.25-06.13.30:232][  0]LogMeshMerging: No distributed automatic mesh merging module available
[2023.01.25-06.13.30:244][  0]LogNetVersion: Pasantia_Sam 1.0.0, NetCL: 17155196, EngineNetVer: 17, GameNetVer: 0 (Checksum: 1302036926)
[2023.01.25-06.13.30:512][  0]LogTexture: Default maximum texture size for cubemaps generated from long-lat sources has been changed from 512 to unlimited. In order to preserve old behaiour for '/Engine/MapTemplates/Sky/DaylightAmbientCubemap.DaylightAmbientCubemap', its maximum texture size has been explicitly set to 512.
[2023.01.25-06.13.30:581][  0]LogHMD: PokeAHoleMaterial loaded successfully
[2023.01.25-06.13.30:586][  0]LogUObjectArray: 18050 objects as part of root set at end of initial load.
[2023.01.25-06.13.30:586][  0]LogUObjectAllocator: 4611168 out of 0 bytes used by permanent object pool.
[2023.01.25-06.13.30:586][  0]LogUObjectArray: CloseDisregardForGC: 0/0 objects in disregard for GC pool
